Get:1 file:/etc/apt/apt-mirrors.txt Mirrorlist [144 B]
Hit:2 http://azure.archive.ubuntu.com/ubuntu noble InRelease
Hit:6 https://packages.microsoft.com/repos/azure-cli noble InRelease
Get:7 https://packages.microsoft.com/ubuntu/24.04/prod noble InRelease [3600 B]
Get:3 http://azure.archive.ubuntu.com/ubuntu noble-updates InRelease [126 kB]
Get:4 http://azure.archive.ubuntu.com/ubuntu noble-backports InRelease [126 kB]
Get:5 http://azure.archive.ubuntu.com/ubuntu noble-security InRelease [126 kB]
Get:8 https://packages.microsoft.com/ubuntu/24.04/prod noble/main armhf Packages [11.0 kB]
Get:9 https://packages.microsoft.com/ubuntu/24.04/prod noble/main arm64 Packages [44.8 kB]
Get:10 https://packages.microsoft.com/ubuntu/24.04/prod noble/main amd64 Packages [62.2 kB]
Get:11 http://azure.archive.ubuntu.com/ubuntu noble-updates/main amd64 Packages [1492 kB]
Get:12 http://azure.archive.ubuntu.com/ubuntu noble-updates/main Translation-en [287 kB]
Get:13 http://azure.archive.ubuntu.com/ubuntu noble-updates/main amd64 Components [175 kB]
Get:14 http://azure.archive.ubuntu.com/ubuntu noble-updates/main amd64 c-n-f Metadata [15.3 kB]
Get:15 http://azure.archive.ubuntu.com/ubuntu noble-updates/universe amd64 Packages [1489 kB]
Get:16 http://azure.archive.ubuntu.com/ubuntu noble-updates/universe Translation-en [301 kB]
Get:17 http://azure.archive.ubuntu.com/ubuntu noble-updates/universe amd64 Components [377 kB]
Get:18 http://azure.archive.ubuntu.com/ubuntu noble-updates/universe amd64 c-n-f Metadata [31.1 kB]
Get:19 http://azure.archive.ubuntu.com/ubuntu noble-updates/restricted amd64 Packages [2068 kB]
Get:20 http://azure.archive.ubuntu.com/ubuntu noble-updates/restricted Translation-en [467 kB]
Get:21 http://azure.archive.ubuntu.com/ubuntu noble-updates/restricted amd64 Components [212 B]
Get:22 http://azure.archive.ubuntu.com/ubuntu noble-updates/multiverse Translation-en [6116 B]
Get:23 http://azure.archive.ubuntu.com/ubuntu noble-updates/multiverse amd64 Components [940 B]
Get:24 http://azure.archive.ubuntu.com/ubuntu noble-backports/main amd64 Components [7124 B]
Get:25 http://azure.archive.ubuntu.com/ubuntu noble-backports/universe amd64 Components [11.0 kB]
Get:26 http://azure.archive.ubuntu.com/ubuntu noble-backports/restricted amd64 Components [216 B]
Get:27 http://azure.archive.ubuntu.com/ubuntu noble-backports/multiverse amd64 Components [212 B]
Get:28 http://azure.archive.ubuntu.com/ubuntu noble-security/main amd64 Packages [1213 kB]
Get:29 http://azure.archive.ubuntu.com/ubuntu noble-security/main Translation-en [202 kB]
Get:30 http://azure.archive.ubuntu.com/ubuntu noble-security/main amd64 Components [21.6 kB]
Get:31 http://azure.archive.ubuntu.com/ubuntu noble-security/main amd64 c-n-f Metadata [8748 B]
Get:32 http://azure.archive.ubuntu.com/ubuntu noble-security/universe amd64 Packages [882 kB]
Get:33 http://azure.archive.ubuntu.com/ubuntu noble-security/universe Translation-en [196 kB]
Get:34 http://azure.archive.ubuntu.com/ubuntu noble-security/universe amd64 Components [52.2 kB]
Get:35 http://azure.archive.ubuntu.com/ubuntu noble-security/universe amd64 c-n-f Metadata [18.1 kB]
Get:36 http://azure.archive.ubuntu.com/ubuntu noble-security/restricted amd64 Packages [1967 kB]
Get:37 http://azure.archive.ubuntu.com/ubuntu noble-security/restricted Translation-en [448 kB]
Get:38 http://azure.archive.ubuntu.com/ubuntu noble-security/restricted amd64 Components [212 B]
Get:39 http://azure.archive.ubuntu.com/ubuntu noble-security/multiverse Translation-en [5844 B]
Get:40 http://azure.archive.ubuntu.com/ubuntu noble-security/multiverse amd64 Components [208 B]
Fetched 12.2 MB in 2s (7776 kB/s)
Reading package lists...
Reading package lists...
Building dependency tree...
Reading state information...
The following additional packages will be installed:
  avahi-daemon geoclue-2.0 glib-networking glib-networking-common
  glib-networking-services gsettings-desktop-schemas gstreamer1.0-plugins-base
  iio-sensor-proxy libamd-comgr2 libamdhip64-5 libavahi-core7 libavahi-glib1
  libboost-atomic-dev libboost-atomic1.83-dev libboost-atomic1.83.0
  libboost-chrono-dev libboost-chrono1.83-dev libboost-chrono1.83.0t64
  libboost-container-dev libboost-container1.83-dev libboost-container1.83.0
  libboost-context-dev libboost-context1.83-dev libboost-context1.83.0
  libboost-coroutine-dev libboost-coroutine1.83-dev libboost-coroutine1.83.0
  libboost-date-time-dev libboost-date-time1.83-dev libboost-date-time1.83.0
  libboost-dev libboost-exception-dev libboost-exception1.83-dev
  libboost-fiber-dev libboost-fiber1.83-dev libboost-fiber1.83.0
  libboost-filesystem-dev libboost-filesystem1.83-dev
  libboost-filesystem1.83.0 libboost-graph-dev libboost-graph-parallel-dev
  libboost-graph-parallel1.83-dev libboost-graph-parallel1.83.0
  libboost-graph1.83-dev libboost-graph1.83.0 libboost-iostreams-dev
  libboost-iostreams1.83-dev libboost-iostreams1.83.0 libboost-json-dev
  libboost-json1.83-dev libboost-json1.83.0 libboost-locale-dev
  libboost-locale1.83-dev libboost-locale1.83.0 libboost-log-dev
  libboost-log1.83-dev libboost-log1.83.0 libboost-math-dev
  libboost-math1.83-dev libboost-math1.83.0 libboost-mpi-dev
  libboost-mpi-python-dev libboost-mpi-python1.83-dev
  libboost-mpi-python1.83.0 libboost-mpi1.83-dev libboost-mpi1.83.0
  libboost-nowide-dev libboost-nowide1.83-dev libboost-nowide1.83.0
  libboost-numpy-dev libboost-numpy1.83-dev libboost-numpy1.83.0
  libboost-program-options-dev libboost-program-options1.83-dev
  libboost-program-options1.83.0 libboost-python-dev libboost-python1.83-dev
  libboost-python1.83.0 libboost-random-dev libboost-random1.83-dev
  libboost-random1.83.0 libboost-regex-dev libboost-regex1.83-dev
  libboost-regex1.83.0 libboost-serialization-dev
  libboost-serialization1.83-dev libboost-serialization1.83.0
  libboost-stacktrace-dev libboost-stacktrace1.83-dev
  libboost-stacktrace1.83.0 libboost-system-dev libboost-system1.83-dev
  libboost-system1.83.0 libboost-test-dev libboost-test1.83-dev
  libboost-test1.83.0 libboost-thread-dev libboost-thread1.83-dev
  libboost-thread1.83.0 libboost-timer-dev libboost-timer1.83-dev
  libboost-timer1.83.0 libboost-tools-dev libboost-type-erasure-dev
  libboost-type-erasure1.83-dev libboost-type-erasure1.83.0 libboost-url-dev
  libboost-url1.83-dev libboost-url1.83.0 libboost-wave-dev
  libboost-wave1.83-dev libboost-wave1.83.0 libboost1.83-dev
  libboost1.83-tools-dev libcaf-openmpi-3t64 libcdparanoia0 libclang1-15t64
  libcoarrays-dev libcoarrays-openmpi-dev libdaemon0 libdeflate-dev
  libdouble-conversion3 libegl-dev libegl-mesa0 libegl1 libevent-2.1-7t64
  libevent-dev libevent-extra-2.1-7t64 libevent-openssl-2.1-7t64 libexiv2-27
  libfabric1 libgl-dev libglu1-mesa libglu1-mesa-dev libglx-dev
  libgstreamer-plugins-base1.0-0 libhsa-runtime64-1 libhsakmt1 libhwloc-dev
  libhwloc-plugins libhwloc15 libhyphen0 libibverbs-dev libinput-bin
  libinput10 libjbig-dev libjpeg-turbo8-dev libjpeg8-dev libjs-jquery-ui
  liblerc-dev libllvm15t64 libltdl-dev liblzma-dev libmd4c0 libmtdev1t64
  libmunge2 libnl-3-dev libnl-route-3-dev libnotify4 libnss-mdns libnuma-dev
  libopengl-dev libopengl0 libopenmpi-dev libopenmpi3t64 libopus0
  liborc-0.4-0t64 libpcsclite1 libpmix-dev libpmix2t64 libpng-tools
  libproxy1v5 libpsm-infinipath1 libpsm2-2 libpthread-stubs0-dev
  libqt5concurrent5t64 libqt5core5t64 libqt5dbus5t64 libqt5designer5
  libqt5designercomponents5 libqt5gui5t64 libqt5help5 libqt5network5t64
  libqt5opengl5-dev libqt5opengl5t64 libqt5positioning5 libqt5printsupport5t64
  libqt5qml5 libqt5qmlmodels5 libqt5quick5 libqt5quickwidgets5 libqt5sensors5
  libqt5sql5-sqlite libqt5sql5t64 libqt5svg5 libqt5test5t64
  libqt5waylandclient5 libqt5waylandcompositor5 libqt5webchannel5
  libqt5webkit5 libqt5widgets5t64 libqt5xml5t64 librdmacm1t64 libsharpyuv-dev
  libsoup-3.0-0 libsoup-3.0-common libtheora0 libtiff-dev libtiffxx6 libucx0
  libvisual-0.4-0 libvorbisenc2 libvulkan-dev libwacom-common libwacom9
  libwebp-dev libwebpdecoder3 libwoff1 libx11-dev libxau-dev libxcb-icccm4
  libxcb-image0 libxcb-keysyms1 libxcb-render-util0 libxcb-shape0 libxcb-util1
  libxcb-xinerama0 libxcb-xinput0 libxcb-xkb1 libxcb1-dev libxdmcp-dev
  libxext-dev libxkbcommon-x11-0 libxnvctrl0 mpi-default-bin mpi-default-dev
  ocl-icd-libopencl1 openmpi-bin openmpi-common qdoc-qt5 qhelpgenerator-qt5
  qt5-assistant qt5-gtk-platformtheme qt5-qmake qt5-qmake-bin
  qtattributionsscanner-qt5 qtbase5-dev-tools qtchooser qttools5-dev-tools
  qttranslations5-l10n qtwayland5 session-migration wpasupplicant x11proto-dev
  xorg-sgml-doctools xtrans-dev
Suggested packages:
  avahi-autoipd gvfs libboost-doc graphviz libboost1.83-doc gccxml
  libboost-contract1.83-dev libmpfrc++-dev libntl-dev xsltproc doxygen
  docbook-xml docbook-xsl default-jdk fop exiv2 libexiv2-doc
  libvisual-0.4-plugins libhwloc-contrib-plugins libjs-jquery-ui-docs
  libtool-doc liblzma-doc notification-daemon avahi-autoipd | zeroconf
  openmpi-doc opus-tools pcscd qgnomeplatform-qt5 qt5-image-formats-plugins
  qt5-qmltooling-plugins libwacom-bin libx11-doc libxcb-doc libxext-doc
  opencl-icd qt5-doc default-libmysqlclient-dev firebird-dev unixodbc-dev
  wpagui libengine-pkcs11-openssl
The following NEW packages will be installed:
  avahi-daemon geoclue-2.0 glib-networking glib-networking-common
  glib-networking-services gsettings-desktop-schemas gstreamer1.0-plugins-base
  iio-sensor-proxy libamd-comgr2 libamdhip64-5 libavahi-core7 libavahi-glib1
  libboost-all-dev libboost-atomic-dev libboost-atomic1.83-dev
  libboost-atomic1.83.0 libboost-chrono-dev libboost-chrono1.83-dev
  libboost-chrono1.83.0t64 libboost-container-dev libboost-container1.83-dev
  libboost-container1.83.0 libboost-context-dev libboost-context1.83-dev
  libboost-context1.83.0 libboost-coroutine-dev libboost-coroutine1.83-dev
  libboost-coroutine1.83.0 libboost-date-time-dev libboost-date-time1.83-dev
  libboost-date-time1.83.0 libboost-dev libboost-exception-dev
  libboost-exception1.83-dev libboost-fiber-dev libboost-fiber1.83-dev
  libboost-fiber1.83.0 libboost-filesystem-dev libboost-filesystem1.83-dev
  libboost-filesystem1.83.0 libboost-graph-dev libboost-graph-parallel-dev
  libboost-graph-parallel1.83-dev libboost-graph-parallel1.83.0
  libboost-graph1.83-dev libboost-graph1.83.0 libboost-iostreams-dev
  libboost-iostreams1.83-dev libboost-iostreams1.83.0 libboost-json-dev
  libboost-json1.83-dev libboost-json1.83.0 libboost-locale-dev
  libboost-locale1.83-dev libboost-locale1.83.0 libboost-log-dev
  libboost-log1.83-dev libboost-log1.83.0 libboost-math-dev
  libboost-math1.83-dev libboost-math1.83.0 libboost-mpi-dev
  libboost-mpi-python-dev libboost-mpi-python1.83-dev
  libboost-mpi-python1.83.0 libboost-mpi1.83-dev libboost-mpi1.83.0
  libboost-nowide-dev libboost-nowide1.83-dev libboost-nowide1.83.0
  libboost-numpy-dev libboost-numpy1.83-dev libboost-numpy1.83.0
  libboost-program-options-dev libboost-program-options1.83-dev
  libboost-program-options1.83.0 libboost-python-dev libboost-python1.83-dev
  libboost-python1.83.0 libboost-random-dev libboost-random1.83-dev
  libboost-random1.83.0 libboost-regex-dev libboost-regex1.83-dev
  libboost-regex1.83.0 libboost-serialization-dev
  libboost-serialization1.83-dev libboost-serialization1.83.0
  libboost-stacktrace-dev libboost-stacktrace1.83-dev
  libboost-stacktrace1.83.0 libboost-system-dev libboost-system1.83-dev
  libboost-system1.83.0 libboost-test-dev libboost-test1.83-dev
  libboost-test1.83.0 libboost-thread-dev libboost-thread1.83-dev
  libboost-thread1.83.0 libboost-timer-dev libboost-timer1.83-dev
  libboost-timer1.83.0 libboost-tools-dev libboost-type-erasure-dev
  libboost-type-erasure1.83-dev libboost-type-erasure1.83.0 libboost-url-dev
  libboost-url1.83-dev libboost-url1.83.0 libboost-wave-dev
  libboost-wave1.83-dev libboost-wave1.83.0 libboost1.83-dev
  libboost1.83-tools-dev libcaf-openmpi-3t64 libcanberra-dev libcdparanoia0
  libclang1-15t64 libcoarrays-dev libcoarrays-openmpi-dev libdaemon0
  libdeflate-dev libdouble-conversion3 libegl-dev libegl-mesa0 libegl1
  libevent-2.1-7t64 libevent-dev libevent-extra-2.1-7t64
  libevent-openssl-2.1-7t64 libexiv2-27 libexiv2-dev libfabric1 libgl-dev
  libglu1-mesa libglu1-mesa-dev libglx-dev libgstreamer-plugins-base1.0-0
  libhsa-runtime64-1 libhsakmt1 libhwloc-dev libhwloc-plugins libhwloc15
  libhyphen0 libibverbs-dev libinput-bin libinput10 libjbig-dev libjpeg-dev
  libjpeg-turbo8-dev libjpeg8-dev libjs-jquery-ui liblerc-dev libllvm15t64
  libltdl-dev liblzma-dev libmd4c0 libmtdev1t64 libmunge2 libmupdf-dev
  libnl-3-dev libnl-route-3-dev libnotify4 libnss-mdns libnuma-dev
  libopengl-dev libopengl0 libopenjp2-7-dev libopenmpi-dev libopenmpi3t64
  libopus0 liborc-0.4-0t64 libpcsclite1 libpmix-dev libpmix2t64 libpng-dev
  libpng-tools libproxy1v5 libpsm-infinipath1 libpsm2-2 libpthread-stubs0-dev
  libqt5concurrent5t64 libqt5core5t64 libqt5dbus5t64 libqt5designer5
  libqt5designercomponents5 libqt5gui5t64 libqt5help5 libqt5network5t64
  libqt5opengl5-dev libqt5opengl5t64 libqt5positioning5 libqt5printsupport5t64
  libqt5qml5 libqt5qmlmodels5 libqt5quick5 libqt5quickwidgets5 libqt5sensors5
  libqt5sql5-sqlite libqt5sql5t64 libqt5svg5 libqt5svg5-dev libqt5test5t64
  libqt5waylandclient5 libqt5waylandcompositor5 libqt5webchannel5
  libqt5webkit5 libqt5widgets5t64 libqt5xml5t64 librdmacm1t64 libsharpyuv-dev
  libsoup-3.0-0 libsoup-3.0-common libtheora0 libtiff-dev libtiff5-dev
  libtiffxx6 libucx0 libvisual-0.4-0 libvorbisenc2 libvulkan-dev
  libwacom-common libwacom9 libwebp-dev libwebpdecoder3 libwoff1 libx11-dev
  libxau-dev libxcb-icccm4 libxcb-image0 libxcb-keysyms1 libxcb-render-util0
  libxcb-shape0 libxcb-util1 libxcb-xinerama0 libxcb-xinput0 libxcb-xkb1
  libxcb1-dev libxdmcp-dev libxext-dev libxkbcommon-x11-0 libxnvctrl0
  mpi-default-bin mpi-default-dev ocl-icd-libopencl1 openmpi-bin
  openmpi-common qdoc-qt5 qhelpgenerator-qt5 qt5-assistant
  qt5-gtk-platformtheme qt5-qmake qt5-qmake-bin qtattributionsscanner-qt5
  qtbase5-dev qtbase5-dev-tools qtchooser qttools5-dev qttools5-dev-tools
  qttranslations5-l10n qtwayland5 session-migration wpasupplicant x11proto-dev
  xorg-sgml-doctools xtrans-dev
0 upgraded, 267 newly installed, 0 to remove and 35 not upgraded.
Need to get 188 MB of archives.
After this operation, 947 MB of additional disk space will be used.
Get:1 file:/etc/apt/apt-mirrors.txt Mirrorlist [144 B]
Get:2 http://azure.archive.ubuntu.com/ubuntu noble-updates/main amd64 liborc-0.4-0t64 amd64 1:0.4.38-1ubuntu0.1 [207 kB]
Get:3 http://azure.archive.ubuntu.com/ubuntu noble-updates/main amd64 libgstreamer-plugins-base1.0-0 amd64 1.24.2-1ubuntu0.3 [862 kB]
Get:4 http://azure.archive.ubuntu.com/ubuntu noble/main amd64 libhyphen0 amd64 2.8.8-7build3 [26.5 kB]
Get:5 http://azure.archive.ubuntu.com/ubuntu noble/universe amd64 libdouble-conversion3 amd64 3.3.0-1build1 [40.3 kB]
Get:6 http://azure.archive.ubuntu.com/ubuntu noble/universe amd64 libqt5core5t64 amd64 5.15.13+dfsg-1ubuntu1 [2011 kB]
Get:7 http://azure.archive.ubuntu.com/ubuntu noble-updates/main amd64 libegl-mesa0 amd64 25.0.7-0ubuntu0.24.04.2 [124 kB]
Get:8 http://azure.archive.ubuntu.com/ubuntu noble/main amd64 libegl1 amd64 1.7.0-1build1 [28.7 kB]
Get:9 http://azure.archive.ubuntu.com/ubuntu noble/main amd64 libmtdev1t64 amd64 1.1.6-1.1build1 [14.4 kB]
Get:10 http://azure.archive.ubuntu.com/ubuntu noble/main amd64 libwacom-common all 2.10.0-2 [63.4 kB]
Get:11 http://azure.archive.ubuntu.com/ubuntu noble/main amd64 libwacom9 amd64 2.10.0-2 [23.9 kB]
Get:12 http://azure.archive.ubuntu.com/ubuntu noble-updates/main amd64 libinput-bin amd64 1.25.0-1ubuntu3.1 [22.6 kB]
Get:13 http://azure.archive.ubuntu.com/ubuntu noble-updates/main amd64 libinput10 amd64 1.25.0-1ubuntu3.1 [133 kB]
Get:14 http://azure.archive.ubuntu.com/ubuntu noble/universe amd64 libmd4c0 amd64 0.4.8-1build1 [42.3 kB]
Get:15 http://azure.archive.ubuntu.com/ubuntu noble/universe amd64 libqt5dbus5t64 amd64 5.15.13+dfsg-1ubuntu1 [220 kB]
Get:16 http://azure.archive.ubuntu.com/ubuntu noble/universe amd64 libqt5network5t64 amd64 5.15.13+dfsg-1ubuntu1 [723 kB]
Get:17 http://azure.archive.ubuntu.com/ubuntu noble/main amd64 libxcb-icccm4 amd64 0.4.1-1.1build3 [10.8 kB]
Get:18 http://azure.archive.ubuntu.com/ubuntu noble/main amd64 libxcb-util1 amd64 0.4.0-1build3 [10.7 kB]
Get:19 http://azure.archive.ubuntu.com/ubuntu noble/main amd64 libxcb-image0 amd64 0.4.0-2build1 [10.8 kB]
Get:20 http://azure.archive.ubuntu.com/ubuntu noble/main amd64 libxcb-keysyms1 amd64 0.4.0-1build4 [7956 B]
Get:21 http://azure.archive.ubuntu.com/ubuntu noble/main amd64 libxcb-render-util0 amd64 0.3.9-1build4 [9608 B]
Get:22 http://azure.archive.ubuntu.com/ubuntu noble/main amd64 libxcb-shape0 amd64 1.15-1ubuntu2 [6100 B]
Get:23 http://azure.archive.ubuntu.com/ubuntu noble/main amd64 libxcb-xinerama0 amd64 1.15-1ubuntu2 [5410 B]
Get:24 http://azure.archive.ubuntu.com/ubuntu noble/main amd64 libxcb-xinput0 amd64 1.15-1ubuntu2 [33.2 kB]
Get:25 http://azure.archive.ubuntu.com/ubuntu noble/main amd64 libxcb-xkb1 amd64 1.15-1ubuntu2 [32.3 kB]
Get:26 http://azure.archive.ubuntu.com/ubuntu noble/main amd64 libxkbcommon-x11-0 amd64 1.6.0-1build1 [14.5 kB]
Get:27 http://azure.archive.ubuntu.com/ubuntu noble/universe amd64 libqt5gui5t64 amd64 5.15.13+dfsg-1ubuntu1 [3748 kB]
Get:28 http://azure.archive.ubuntu.com/ubuntu noble/universe amd64 libqt5positioning5 amd64 5.15.13+dfsg-1 [222 kB]
Get:29 http://azure.archive.ubuntu.com/ubuntu noble/universe amd64 libqt5widgets5t64 amd64 5.15.13+dfsg-1ubuntu1 [2561 kB]
Get:30 http://azure.archive.ubuntu.com/ubuntu noble/universe amd64 libqt5printsupport5t64 amd64 5.15.13+dfsg-1ubuntu1 [208 kB]
Get:31 http://azure.archive.ubuntu.com/ubuntu noble-updates/universe amd64 libqt5qml5 amd64 5.15.13+dfsg-1ubuntu0.1 [1482 kB]
Get:32 http://azure.archive.ubuntu.com/ubuntu noble-updates/universe amd64 libqt5qmlmodels5 amd64 5.15.13+dfsg-1ubuntu0.1 [203 kB]
Get:33 http://azure.archive.ubuntu.com/ubuntu noble-updates/universe amd64 libqt5quick5 amd64 5.15.13+dfsg-1ubuntu0.1 [1733 kB]
Get:34 http://azure.archive.ubuntu.com/ubuntu noble/universe amd64 libqt5sensors5 amd64 5.15.13-1 [122 kB]
Get:35 http://azure.archive.ubuntu.com/ubuntu noble/universe amd64 libqt5webchannel5 amd64 5.15.13-1 [61.9 kB]
Get:36 http://azure.archive.ubuntu.com/ubuntu noble/main amd64 libwoff1 amd64 1.0.2-2build1 [45.3 kB]
Get:37 http://azure.archive.ubuntu.com/ubuntu noble/universe amd64 libqt5webkit5 amd64 5.212.0~alpha4-36 [12.8 MB]
Get:38 http://azure.archive.ubuntu.com/ubuntu noble/main amd64 libavahi-core7 amd64 0.8-13ubuntu6 [88.0 kB]
Get:39 http://azure.archive.ubuntu.com/ubuntu noble/main amd64 libdaemon0 amd64 0.14-7.1ubuntu4 [13.0 kB]
Get:40 http://azure.archive.ubuntu.com/ubuntu noble/main amd64 avahi-daemon amd64 0.8-13ubuntu6 [66.0 kB]
Get:41 http://azure.archive.ubuntu.com/ubuntu noble/main amd64 libavahi-glib1 amd64 0.8-13ubuntu6 [8180 B]
Get:42 http://azure.archive.ubuntu.com/ubuntu noble/main amd64 libnotify4 amd64 0.8.3-1build2 [25.6 kB]
Get:43 http://azure.archive.ubuntu.com/ubuntu noble/main amd64 libproxy1v5 amd64 0.5.4-4build1 [26.5 kB]
Get:44 http://azure.archive.ubuntu.com/ubuntu noble/main amd64 glib-networking-common all 2.80.0-1build1 [6702 B]
Get:45 http://azure.archive.ubuntu.com/ubuntu noble/main amd64 glib-networking-services amd64 2.80.0-1build1 [12.8 kB]
Get:46 http://azure.archive.ubuntu.com/ubuntu noble/main amd64 session-migration amd64 0.3.9build1 [9034 B]
Get:47 http://azure.archive.ubuntu.com/ubuntu noble-updates/main amd64 gsettings-desktop-schemas all 46.1-0ubuntu1 [35.6 kB]
Get:48 http://azure.archive.ubuntu.com/ubuntu noble/main amd64 glib-networking amd64 2.80.0-1build1 [64.1 kB]
Get:49 http://azure.archive.ubuntu.com/ubuntu noble-updates/main amd64 libsoup-3.0-common all 3.4.4-5ubuntu0.5 [11.3 kB]
Get:50 http://azure.archive.ubuntu.com/ubuntu noble-updates/main amd64 libsoup-3.0-0 amd64 3.4.4-5ubuntu0.5 [291 kB]
Get:51 http://azure.archive.ubuntu.com/ubuntu noble/main amd64 geoclue-2.0 amd64 2.7.0-3ubuntu7 [122 kB]
Get:52 http://azure.archive.ubuntu.com/ubuntu noble/main amd64 libcdparanoia0 amd64 3.10.2+debian-14build3 [48.5 kB]
Get:53 http://azure.archive.ubuntu.com/ubuntu noble/main amd64 libopus0 amd64 1.4-1build1 [208 kB]
Get:54 http://azure.archive.ubuntu.com/ubuntu noble/main amd64 libtheora0 amd64 1.1.1+dfsg.1-16.1build3 [211 kB]
Get:55 http://azure.archive.ubuntu.com/ubuntu noble/main amd64 libvisual-0.4-0 amd64 0.4.2-2build1 [115 kB]
Get:56 http://azure.archive.ubuntu.com/ubuntu noble/main amd64 libvorbisenc2 amd64 1.3.7-1build3 [80.8 kB]
Get:57 http://azure.archive.ubuntu.com/ubuntu noble-updates/main amd64 gstreamer1.0-plugins-base amd64 1.24.2-1ubuntu0.3 [721 kB]
Get:58 http://azure.archive.ubuntu.com/ubuntu noble/main amd64 iio-sensor-proxy amd64 3.5-1build2 [35.4 kB]
Get:59 http://azure.archive.ubuntu.com/ubuntu noble/universe amd64 libamd-comgr2 amd64 6.0+git20231212.4510c28+dfsg-3build2 [14.4 MB]
Get:60 http://azure.archive.ubuntu.com/ubuntu noble/universe amd64 libhsakmt1 amd64 5.7.0-1build1 [62.9 kB]
Get:61 http://azure.archive.ubuntu.com/ubuntu noble/universe amd64 libhsa-runtime64-1 amd64 5.7.1-2build1 [491 kB]
Get:62 http://azure.archive.ubuntu.com/ubuntu noble/universe amd64 libamdhip64-5 amd64 5.7.1-3 [9621 kB]
Get:63 http://azure.archive.ubuntu.com/ubuntu noble-updates/main amd64 libboost1.83-dev amd64 1.83.0-2.1ubuntu3.1 [10.7 MB]
Get:64 http://azure.archive.ubuntu.com/ubuntu noble/main amd64 libboost-dev amd64 1.83.0.1ubuntu2 [4308 B]
Get:65 http://azure.archive.ubuntu.com/ubuntu noble-updates/main amd64 libboost1.83-tools-dev amd64 1.83.0-2.1ubuntu3.1 [1402 kB]
Get:66 http://azure.archive.ubuntu.com/ubuntu noble/universe amd64 libboost-tools-dev amd64 1.83.0.1ubuntu2 [4238 B]
Get:67 http://azure.archive.ubuntu.com/ubuntu noble-updates/main amd64 libboost-atomic1.83.0 amd64 1.83.0-2.1ubuntu3.1 [240 kB]
Get:68 http://azure.archive.ubuntu.com/ubuntu noble-updates/main amd64 libboost-atomic1.83-dev amd64 1.83.0-2.1ubuntu3.1 [235 kB]
Get:69 http://azure.archive.ubuntu.com/ubuntu noble/universe amd64 libboost-atomic-dev amd64 1.83.0.1ubuntu2 [4360 B]
Get:70 http://azure.archive.ubuntu.com/ubuntu noble-updates/main amd64 libboost-chrono1.83.0t64 amd64 1.83.0-2.1ubuntu3.1 [244 kB]
Get:71 http://azure.archive.ubuntu.com/ubuntu noble-updates/main amd64 libboost-chrono1.83-dev amd64 1.83.0-2.1ubuntu3.1 [246 kB]
Get:72 http://azure.archive.ubuntu.com/ubuntu noble/universe amd64 libboost-chrono-dev amd64 1.83.0.1ubuntu2 [4672 B]
Get:73 http://azure.archive.ubuntu.com/ubuntu noble-updates/universe amd64 libboost-container1.83.0 amd64 1.83.0-2.1ubuntu3.1 [261 kB]
Get:74 http://azure.archive.ubuntu.com/ubuntu noble-updates/universe amd64 libboost-container1.83-dev amd64 1.83.0-2.1ubuntu3.1 [865 kB]
Get:75 http://azure.archive.ubuntu.com/ubuntu noble/universe amd64 libboost-container-dev amd64 1.83.0.1ubuntu2 [4530 B]
Get:76 http://azure.archive.ubuntu.com/ubuntu noble-updates/main amd64 libboost-date-time1.83.0 amd64 1.83.0-2.1ubuntu3.1 [236 kB]
Get:77 http://azure.archive.ubuntu.com/ubuntu noble-updates/main amd64 libboost-serialization1.83.0 amd64 1.83.0-2.1ubuntu3.1 [341 kB]
Get:78 http://azure.archive.ubuntu.com/ubuntu noble-updates/main amd64 libboost-serialization1.83-dev amd64 1.83.0-2.1ubuntu3.1 [387 kB]
Get:79 http://azure.archive.ubuntu.com/ubuntu noble-updates/main amd64 libboost-date-time1.83-dev amd64 1.83.0-2.1ubuntu3.1 [239 kB]
Get:80 http://azure.archive.ubuntu.com/ubuntu noble-updates/main amd64 libboost-system1.83.0 amd64 1.83.0-2.1ubuntu3.1 [236 kB]
Get:81 http://azure.archive.ubuntu.com/ubuntu noble-updates/main amd64 libboost-system1.83-dev amd64 1.83.0-2.1ubuntu3.1 [231 kB]
Get:82 http://azure.archive.ubuntu.com/ubuntu noble-updates/main amd64 libboost-thread1.83.0 amd64 1.83.0-2.1ubuntu3.1 [276 kB]
Get:83 http://azure.archive.ubuntu.com/ubuntu noble-updates/main amd64 libboost-thread1.83-dev amd64 1.83.0-2.1ubuntu3.1 [282 kB]
Get:84 http://azure.archive.ubuntu.com/ubuntu noble-updates/main amd64 libboost-context1.83.0 amd64 1.83.0-2.1ubuntu3.1 [237 kB]
Get:85 http://azure.archive.ubuntu.com/ubuntu noble-updates/universe amd64 libboost-context1.83-dev amd64 1.83.0-2.1ubuntu3.1 [232 kB]
Get:86 http://azure.archive.ubuntu.com/ubuntu noble/universe amd64 libboost-context-dev amd64 1.83.0.1ubuntu2 [4276 B]
Get:87 http://azure.archive.ubuntu.com/ubuntu noble-updates/universe amd64 libboost-coroutine1.83.0 amd64 1.83.0-2.1ubuntu3.1 [234 kB]
Get:88 http://azure.archive.ubuntu.com/ubuntu noble-updates/universe amd64 libboost-coroutine1.83-dev amd64 1.83.0-2.1ubuntu3.1 [237 kB]
Get:89 http://azure.archive.ubuntu.com/ubuntu noble/universe amd64 libboost-coroutine-dev amd64 1.83.0.1ubuntu2 [4344 B]
Get:90 http://azure.archive.ubuntu.com/ubuntu noble/universe amd64 libboost-date-time-dev amd64 1.83.0.1ubuntu2 [4058 B]
Get:91 http://azure.archive.ubuntu.com/ubuntu noble-updates/universe amd64 libboost-exception1.83-dev amd64 1.83.0-2.1ubuntu3.1 [229 kB]
Get:92 http://azure.archive.ubuntu.com/ubuntu noble/universe amd64 libboost-exception-dev amd64 1.83.0.1ubuntu2 [4058 B]
Get:93 http://azure.archive.ubuntu.com/ubuntu noble-updates/main amd64 libboost-filesystem1.83.0 amd64 1.83.0-2.1ubuntu3.1 [283 kB]
Get:94 http://azure.archive.ubuntu.com/ubuntu noble-updates/universe amd64 libboost-filesystem1.83-dev amd64 1.83.0-2.1ubuntu3.1 [301 kB]
Get:95 http://azure.archive.ubuntu.com/ubuntu noble-updates/universe amd64 libboost-fiber1.83.0 amd64 1.83.0-2.1ubuntu3.1 [254 kB]
Get:96 http://azure.archive.ubuntu.com/ubuntu noble-updates/universe amd64 libboost-fiber1.83-dev amd64 1.83.0-2.1ubuntu3.1 [268 kB]
Get:97 http://azure.archive.ubuntu.com/ubuntu noble/universe amd64 libboost-fiber-dev amd64 1.83.0.1ubuntu2 [4486 B]
Get:98 http://azure.archive.ubuntu.com/ubuntu noble/universe amd64 libboost-filesystem-dev amd64 1.83.0.1ubuntu2 [4096 B]
Get:99 http://azure.archive.ubuntu.com/ubuntu noble-updates/universe amd64 libboost-graph1.83.0 amd64 1.83.0-2.1ubuntu3.1 [361 kB]
Get:100 http://azure.archive.ubuntu.com/ubuntu noble-updates/main amd64 libboost-regex1.83.0 amd64 1.83.0-2.1ubuntu3.1 [339 kB]
Get:101 http://azure.archive.ubuntu.com/ubuntu noble-updates/main amd64 libboost-regex1.83-dev amd64 1.83.0-2.1ubuntu3.1 [355 kB]
Get:102 http://azure.archive.ubuntu.com/ubuntu noble-updates/universe amd64 libboost-test1.83.0 amd64 1.83.0-2.1ubuntu3.1 [454 kB]
Get:103 http://azure.archive.ubuntu.com/ubuntu noble-updates/universe amd64 libboost-test1.83-dev amd64 1.83.0-2.1ubuntu3.1 [566 kB]
Get:104 http://azure.archive.ubuntu.com/ubuntu noble-updates/universe amd64 libboost-graph1.83-dev amd64 1.83.0-2.1ubuntu3.1 [399 kB]
Get:105 http://azure.archive.ubuntu.com/ubuntu noble/universe amd64 libboost-graph-dev amd64 1.83.0.1ubuntu2 [4160 B]
Get:106 http://azure.archive.ubuntu.com/ubuntu noble/universe amd64 libpsm-infinipath1 amd64 3.3+20.604758e7-6.3build1 [178 kB]
Get:107 http://azure.archive.ubuntu.com/ubuntu noble/universe amd64 libpsm2-2 amd64 11.2.185-2build1 [194 kB]
Get:108 http://azure.archive.ubuntu.com/ubuntu noble-updates/main amd64 librdmacm1t64 amd64 50.0-2ubuntu0.2 [70.7 kB]
Get:109 http://azure.archive.ubuntu.com/ubuntu noble/universe amd64 libfabric1 amd64 1.17.0-3build2 [657 kB]
Get:110 http://azure.archive.ubuntu.com/ubuntu noble/universe amd64 libhwloc15 amd64 2.10.0-1build1 [172 kB]
Get:111 http://azure.archive.ubuntu.com/ubuntu noble/universe amd64 libmunge2 amd64 0.5.15-4build1 [14.7 kB]
Get:112 http://azure.archive.ubuntu.com/ubuntu noble/main amd64 libxnvctrl0 amd64 510.47.03-0ubuntu4 [12.6 kB]
Get:113 http://azure.archive.ubuntu.com/ubuntu noble/universe amd64 ocl-icd-libopencl1 amd64 2.3.2-1build1 [38.5 kB]
Get:114 http://azure.archive.ubuntu.com/ubuntu noble/universe amd64 libhwloc-plugins amd64 2.10.0-1build1 [15.7 kB]
Get:115 http://azure.archive.ubuntu.com/ubuntu noble/universe amd64 libpmix2t64 amd64 5.0.1-4.1build1 [697 kB]
Get:116 http://azure.archive.ubuntu.com/ubuntu noble/universe amd64 libucx0 amd64 1.16.0+ds-5ubuntu1 [1140 kB]
Get:117 http://azure.archive.ubuntu.com/ubuntu noble/universe amd64 libopenmpi3t64 amd64 4.1.6-7ubuntu2 [2563 kB]
Get:118 http://azure.archive.ubuntu.com/ubuntu noble-updates/universe amd64 libboost-mpi1.83.0 amd64 1.83.0-2.1ubuntu3.1 [271 kB]
Get:119 http://azure.archive.ubuntu.com/ubuntu noble-updates/universe amd64 libboost-graph-parallel1.83.0 amd64 1.83.0-2.1ubuntu3.1 [278 kB]
Get:120 http://azure.archive.ubuntu.com/ubuntu noble-updates/universe amd64 libboost-graph-parallel1.83-dev amd64 1.83.0-2.1ubuntu3.1 [288 kB]
Get:121 http://azure.archive.ubuntu.com/ubuntu noble/universe amd64 libboost-graph-parallel-dev amd64 1.83.0.1ubuntu2 [4192 B]
Get:122 http://azure.archive.ubuntu.com/ubuntu noble-updates/main amd64 libboost-iostreams1.83.0 amd64 1.83.0-2.1ubuntu3.1 [259 kB]
Get:123 http://azure.archive.ubuntu.com/ubuntu noble-updates/universe amd64 libboost-iostreams1.83-dev amd64 1.83.0-2.1ubuntu3.1 [264 kB]
Get:124 http://azure.archive.ubuntu.com/ubuntu noble/universe amd64 libboost-iostreams-dev amd64 1.83.0.1ubuntu2 [4046 B]
Get:125 http://azure.archive.ubuntu.com/ubuntu noble-updates/universe amd64 libboost-json1.83.0 amd64 1.83.0-2.1ubuntu3.1 [365 kB]
Get:126 http://azure.archive.ubuntu.com/ubuntu noble-updates/universe amd64 libboost-json1.83-dev amd64 1.83.0-2.1ubuntu3.1 [380 kB]
Get:127 http://azure.archive.ubuntu.com/ubuntu noble/universe amd64 libboost-json-dev amd64 1.83.0.1ubuntu2 [4172 B]
Get:128 http://azure.archive.ubuntu.com/ubuntu noble-updates/main amd64 libboost-locale1.83.0 amd64 1.83.0-2.1ubuntu3.1 [413 kB]
Get:129 http://azure.archive.ubuntu.com/ubuntu noble-updates/universe amd64 libboost-locale1.83-dev amd64 1.83.0-2.1ubuntu3.1 [582 kB]
Get:130 http://azure.archive.ubuntu.com/ubuntu noble/universe amd64 libboost-locale-dev amd64 1.83.0.1ubuntu2 [4378 B]
Get:131 http://azure.archive.ubuntu.com/ubuntu noble-updates/universe amd64 libboost-log1.83.0 amd64 1.83.0-2.1ubuntu3.1 [675 kB]
Get:132 http://azure.archive.ubuntu.com/ubuntu noble-updates/universe amd64 libboost-log1.83-dev amd64 1.83.0-2.1ubuntu3.1 [937 kB]
Get:133 http://azure.archive.ubuntu.com/ubuntu noble/universe amd64 libboost-log-dev amd64 1.83.0.1ubuntu2 [4260 B]
Get:134 http://azure.archive.ubuntu.com/ubuntu noble-updates/universe amd64 libboost-math1.83.0 amd64 1.83.0-2.1ubuntu3.1 [440 kB]
Get:135 http://azure.archive.ubuntu.com/ubuntu noble-updates/universe amd64 libboost-math1.83-dev amd64 1.83.0-2.1ubuntu3.1 [586 kB]
Get:136 http://azure.archive.ubuntu.com/ubuntu noble/universe amd64 libboost-math-dev amd64 1.83.0.1ubuntu2 [4264 B]
Get:137 http://azure.archive.ubuntu.com/ubuntu noble/universe amd64 openmpi-common all 4.1.6-7ubuntu2 [170 kB]
Get:138 http://azure.archive.ubuntu.com/ubuntu noble-updates/main amd64 libnl-3-dev amd64 3.7.0-0.3build1.1 [99.5 kB]
Get:139 http://azure.archive.ubuntu.com/ubuntu noble-updates/main amd64 libnl-route-3-dev amd64 3.7.0-0.3build1.1 [216 kB]
Get:140 http://azure.archive.ubuntu.com/ubuntu noble-updates/main amd64 libibverbs-dev amd64 50.0-2ubuntu0.2 [686 kB]
Get:141 http://azure.archive.ubuntu.com/ubuntu noble/main amd64 libnuma-dev amd64 2.0.18-1build1 [37.0 kB]
Get:142 http://azure.archive.ubuntu.com/ubuntu noble/main amd64 libltdl-dev amd64 2.4.7-7build1 [168 kB]
Get:143 http://azure.archive.ubuntu.com/ubuntu noble/universe amd64 libhwloc-dev amd64 2.10.0-1build1 [268 kB]
Get:144 http://azure.archive.ubuntu.com/ubuntu noble/main amd64 libevent-2.1-7t64 amd64 2.1.12-stable-9ubuntu2 [145 kB]
Get:145 http://azure.archive.ubuntu.com/ubuntu noble/main amd64 libevent-extra-2.1-7t64 amd64 2.1.12-stable-9ubuntu2 [64.2 kB]
Get:146 http://azure.archive.ubuntu.com/ubuntu noble/main amd64 libevent-openssl-2.1-7t64 amd64 2.1.12-stable-9ubuntu2 [15.7 kB]
Get:147 http://azure.archive.ubuntu.com/ubuntu noble/main amd64 libevent-dev amd64 2.1.12-stable-9ubuntu2 [274 kB]
Get:148 http://azure.archive.ubuntu.com/ubuntu noble/universe amd64 libpmix-dev amd64 5.0.1-4.1build1 [4018 kB]
Get:149 http://azure.archive.ubuntu.com/ubuntu noble/universe amd64 libjs-jquery-ui all 1.13.2+dfsg-1 [252 kB]
Get:150 http://azure.archive.ubuntu.com/ubuntu noble/universe amd64 openmpi-bin amd64 4.1.6-7ubuntu2 [114 kB]
Get:151 http://azure.archive.ubuntu.com/ubuntu noble/universe amd64 libopenmpi-dev amd64 4.1.6-7ubuntu2 [864 kB]
Get:152 http://azure.archive.ubuntu.com/ubuntu noble/universe amd64 mpi-default-dev amd64 1.15build1 [3154 B]
Get:153 http://azure.archive.ubuntu.com/ubuntu noble-updates/universe amd64 libboost-mpi1.83-dev amd64 1.83.0-2.1ubuntu3.1 [296 kB]
Get:154 http://azure.archive.ubuntu.com/ubuntu noble/universe amd64 libboost-mpi-dev amd64 1.83.0.1ubuntu2 [4144 B]
Get:155 http://azure.archive.ubuntu.com/ubuntu noble-updates/main amd64 libboost-python1.83.0 amd64 1.83.0-2.1ubuntu3.1 [312 kB]
Get:156 http://azure.archive.ubuntu.com/ubuntu noble/universe amd64 mpi-default-bin amd64 1.15build1 [2376 B]
Get:157 http://azure.archive.ubuntu.com/ubuntu noble-updates/universe amd64 libboost-mpi-python1.83.0 amd64 1.83.0-2.1ubuntu3.1 [362 kB]
Get:158 http://azure.archive.ubuntu.com/ubuntu noble-updates/universe amd64 libboost-mpi-python1.83-dev amd64 1.83.0-2.1ubuntu3.1 [237 kB]
Get:159 http://azure.archive.ubuntu.com/ubuntu noble/universe amd64 libboost-mpi-python-dev amd64 1.83.0.1ubuntu2 [4196 B]
Get:160 http://azure.archive.ubuntu.com/ubuntu noble-updates/universe amd64 libboost-numpy1.83.0 amd64 1.83.0-2.1ubuntu3.1 [242 kB]
Get:161 http://azure.archive.ubuntu.com/ubuntu noble-updates/universe amd64 libboost-numpy1.83-dev amd64 1.83.0-2.1ubuntu3.1 [247 kB]
Get:162 http://azure.archive.ubuntu.com/ubuntu noble/universe amd64 libboost-numpy-dev amd64 1.83.0.1ubuntu2 [4100 B]
Get:163 http://azure.archive.ubuntu.com/ubuntu noble-updates/main amd64 libboost-program-options1.83.0 amd64 1.83.0-2.1ubuntu3.1 [320 kB]
Get:164 http://azure.archive.ubuntu.com/ubuntu noble-updates/main amd64 libboost-program-options1.83-dev amd64 1.83.0-2.1ubuntu3.1 [388 kB]
Get:165 http://azure.archive.ubuntu.com/ubuntu noble/main amd64 libboost-program-options-dev amd64 1.83.0.1ubuntu2 [4086 B]
Get:166 http://azure.archive.ubuntu.com/ubuntu noble-updates/universe amd64 libboost-python1.83-dev amd64 1.83.0-2.1ubuntu3.1 [337 kB]
Get:167 http://azure.archive.ubuntu.com/ubuntu noble/universe amd64 libboost-python-dev amd64 1.83.0.1ubuntu2 [4344 B]
Get:168 http://azure.archive.ubuntu.com/ubuntu noble-updates/universe amd64 libboost-random1.83.0 amd64 1.83.0-2.1ubuntu3.1 [242 kB]
Get:169 http://azure.archive.ubuntu.com/ubuntu noble-updates/universe amd64 libboost-random1.83-dev amd64 1.83.0-2.1ubuntu3.1 [241 kB]
Get:170 http://azure.archive.ubuntu.com/ubuntu noble/universe amd64 libboost-random-dev amd64 1.83.0.1ubuntu2 [4062 B]
Get:171 http://azure.archive.ubuntu.com/ubuntu noble/main amd64 libboost-regex-dev amd64 1.83.0.1ubuntu2 [4324 B]
Get:172 http://azure.archive.ubuntu.com/ubuntu noble/universe amd64 libboost-serialization-dev amd64 1.83.0.1ubuntu2 [4280 B]
Get:173 http://azure.archive.ubuntu.com/ubuntu noble-updates/universe amd64 libboost-stacktrace1.83.0 amd64 1.83.0-2.1ubuntu3.1 [290 kB]
Get:174 http://azure.archive.ubuntu.com/ubuntu noble-updates/universe amd64 libboost-stacktrace1.83-dev amd64 1.83.0-2.1ubuntu3.1 [246 kB]
Get:175 http://azure.archive.ubuntu.com/ubuntu noble/universe amd64 libboost-stacktrace-dev amd64 1.83.0.1ubuntu2 [4068 B]
Get:176 http://azure.archive.ubuntu.com/ubuntu noble/universe amd64 libboost-system-dev amd64 1.83.0.1ubuntu2 [4206 B]
Get:177 http://azure.archive.ubuntu.com/ubuntu noble/universe amd64 libboost-test-dev amd64 1.83.0.1ubuntu2 [4090 B]
Get:178 http://azure.archive.ubuntu.com/ubuntu noble/main amd64 libboost-thread-dev amd64 1.83.0.1ubuntu2 [4088 B]
Get:179 http://azure.archive.ubuntu.com/ubuntu noble-updates/universe amd64 libboost-timer1.83.0 amd64 1.83.0-2.1ubuntu3.1 [241 kB]
Get:180 http://azure.archive.ubuntu.com/ubuntu noble-updates/universe amd64 libboost-timer1.83-dev amd64 1.83.0-2.1ubuntu3.1 [236 kB]
Get:181 http://azure.archive.ubuntu.com/ubuntu noble/universe amd64 libboost-timer-dev amd64 1.83.0.1ubuntu2 [4190 B]
Get:182 http://azure.archive.ubuntu.com/ubuntu noble-updates/universe amd64 libboost-type-erasure1.83.0 amd64 1.83.0-2.1ubuntu3.1 [246 kB]
Get:183 http://azure.archive.ubuntu.com/ubuntu noble-updates/universe amd64 libboost-type-erasure1.83-dev amd64 1.83.0-2.1ubuntu3.1 [250 kB]
Get:184 http://azure.archive.ubuntu.com/ubuntu noble/universe amd64 libboost-type-erasure-dev amd64 1.83.0.1ubuntu2 [4162 B]
Get:185 http://azure.archive.ubuntu.com/ubuntu noble-updates/main amd64 libboost-url1.83.0 amd64 1.83.0-2.1ubuntu3.1 [343 kB]
Get:186 http://azure.archive.ubuntu.com/ubuntu noble-updates/universe amd64 libboost-url1.83-dev amd64 1.83.0-2.1ubuntu3.1 [444 kB]
Get:187 http://azure.archive.ubuntu.com/ubuntu noble/universe amd64 libboost-url-dev amd64 1.83.0.1ubuntu2 [4192 B]
Get:188 http://azure.archive.ubuntu.com/ubuntu noble-updates/universe amd64 libboost-wave1.83.0 amd64 1.83.0-2.1ubuntu3.1 [454 kB]
Get:189 http://azure.archive.ubuntu.com/ubuntu noble-updates/universe amd64 libboost-wave1.83-dev amd64 1.83.0-2.1ubuntu3.1 [499 kB]
Get:190 http://azure.archive.ubuntu.com/ubuntu noble/universe amd64 libboost-wave-dev amd64 1.83.0.1ubuntu2 [4096 B]
Get:191 http://azure.archive.ubuntu.com/ubuntu noble-updates/universe amd64 libboost-nowide1.83.0 amd64 1.83.0-2.1ubuntu3.1 [240 kB]
Get:192 http://azure.archive.ubuntu.com/ubuntu noble-updates/universe amd64 libboost-nowide1.83-dev amd64 1.83.0-2.1ubuntu3.1 [236 kB]
Get:193 http://azure.archive.ubuntu.com/ubuntu noble/universe amd64 libboost-nowide-dev amd64 1.83.0.1ubuntu2 [4136 B]
Get:194 http://azure.archive.ubuntu.com/ubuntu noble/universe amd64 libboost-all-dev amd64 1.83.0.1ubuntu2 [2286 B]
Get:195 http://azure.archive.ubuntu.com/ubuntu noble/universe amd64 libcaf-openmpi-3t64 amd64 2.10.2+ds-2.1build2 [39.1 kB]
Get:196 http://azure.archive.ubuntu.com/ubuntu noble/main amd64 libcanberra-dev amd64 0.30-10ubuntu10 [6856 B]
Get:197 http://azure.archive.ubuntu.com/ubuntu noble/universe amd64 libllvm15t64 amd64 1:15.0.7-14build3 [25.5 MB]
Get:198 http://azure.archive.ubuntu.com/ubuntu noble/universe amd64 libclang1-15t64 amd64 1:15.0.7-14build3 [6958 kB]
Get:199 http://azure.archive.ubuntu.com/ubuntu noble/universe amd64 libcoarrays-dev amd64 2.10.2+ds-2.1build2 [37.5 kB]
Get:200 http://azure.archive.ubuntu.com/ubuntu noble/universe amd64 libcoarrays-openmpi-dev amd64 2.10.2+ds-2.1build2 [372 kB]
Get:201 http://azure.archive.ubuntu.com/ubuntu noble-updates/main amd64 libdeflate-dev amd64 1.19-1build1.1 [50.9 kB]
Get:202 http://azure.archive.ubuntu.com/ubuntu noble/main amd64 xorg-sgml-doctools all 1:1.11-1.1 [10.9 kB]
Get:203 http://azure.archive.ubuntu.com/ubuntu noble/main amd64 x11proto-dev all 2023.2-1 [602 kB]
Get:204 http://azure.archive.ubuntu.com/ubuntu noble/main amd64 libxau-dev amd64 1:1.0.9-1build6 [9570 B]
Get:205 http://azure.archive.ubuntu.com/ubuntu noble/main amd64 libxdmcp-dev amd64 1:1.1.3-0ubuntu6 [26.5 kB]
Get:206 http://azure.archive.ubuntu.com/ubuntu noble/main amd64 xtrans-dev all 1.4.0-1 [68.9 kB]
Get:207 http://azure.archive.ubuntu.com/ubuntu noble/main amd64 libpthread-stubs0-dev amd64 0.4-1build3 [4746 B]
Get:208 http://azure.archive.ubuntu.com/ubuntu noble/main amd64 libxcb1-dev amd64 1.15-1ubuntu2 [85.8 kB]
Get:209 http://azure.archive.ubuntu.com/ubuntu noble/main amd64 libx11-dev amd64 2:1.8.7-1build1 [732 kB]
Get:210 http://azure.archive.ubuntu.com/ubuntu noble/main amd64 libglx-dev amd64 1.7.0-1build1 [14.2 kB]
Get:211 http://azure.archive.ubuntu.com/ubuntu noble/main amd64 libgl-dev amd64 1.7.0-1build1 [102 kB]
Get:212 http://azure.archive.ubuntu.com/ubuntu noble/main amd64 libegl-dev amd64 1.7.0-1build1 [18.2 kB]
Get:213 http://azure.archive.ubuntu.com/ubuntu noble/main amd64 libexiv2-27 amd64 0.27.6-1build1 [839 kB]
Get:214 http://azure.archive.ubuntu.com/ubuntu noble/main amd64 libexiv2-dev amd64 0.27.6-1build1 [258 kB]
Get:215 http://azure.archive.ubuntu.com/ubuntu noble/main amd64 libopengl0 amd64 1.7.0-1build1 [32.8 kB]
Get:216 http://azure.archive.ubuntu.com/ubuntu noble/main amd64 libglu1-mesa amd64 9.0.2-1.1build1 [152 kB]
Get:217 http://azure.archive.ubuntu.com/ubuntu noble/main amd64 libopengl-dev amd64 1.7.0-1build1 [3454 B]
Get:218 http://azure.archive.ubuntu.com/ubuntu noble/main amd64 libglu1-mesa-dev amd64 9.0.2-1.1build1 [237 kB]
Get:219 http://azure.archive.ubuntu.com/ubuntu noble/main amd64 libjpeg-turbo8-dev amd64 2.1.5-2ubuntu2 [295 kB]
Get:220 http://azure.archive.ubuntu.com/ubuntu noble/main amd64 libjpeg8-dev amd64 8c-2ubuntu11 [1484 B]
Get:221 http://azure.archive.ubuntu.com/ubuntu noble/main amd64 libjpeg-dev amd64 8c-2ubuntu11 [1482 B]
Get:222 http://azure.archive.ubuntu.com/ubuntu noble/main amd64 liblerc-dev amd64 4.0.0+ds-4ubuntu2 [182 kB]
Get:223 http://azure.archive.ubuntu.com/ubuntu noble/universe amd64 libmupdf-dev amd64 1.23.10+ds1-1build3 [32.0 MB]
Get:224 http://azure.archive.ubuntu.com/ubuntu noble/main amd64 libnss-mdns amd64 0.15.1-4build1 [23.1 kB]
Get:225 http://azure.archive.ubuntu.com/ubuntu noble/main amd64 libpcsclite1 amd64 2.0.3-1build1 [21.4 kB]
Get:226 http://azure.archive.ubuntu.com/ubuntu noble/main amd64 libpng-dev amd64 1.6.43-5build1 [264 kB]
Get:227 http://azure.archive.ubuntu.com/ubuntu noble/main amd64 libpng-tools amd64 1.6.43-5build1 [28.5 kB]
Get:228 http://azure.archive.ubuntu.com/ubuntu noble/universe amd64 libqt5concurrent5t64 amd64 5.15.13+dfsg-1ubuntu1 [35.7 kB]
Get:229 http://azure.archive.ubuntu.com/ubuntu noble/universe amd64 libqt5xml5t64 amd64 5.15.13+dfsg-1ubuntu1 [124 kB]
Get:230 http://azure.archive.ubuntu.com/ubuntu noble/universe amd64 libqt5designer5 amd64 5.15.13-1 [2824 kB]
Get:231 http://azure.archive.ubuntu.com/ubuntu noble/universe amd64 libqt5designercomponents5 amd64 5.15.13-1 [785 kB]
Get:232 http://azure.archive.ubuntu.com/ubuntu noble/universe amd64 libqt5sql5t64 amd64 5.15.13+dfsg-1ubuntu1 [122 kB]
Get:233 http://azure.archive.ubuntu.com/ubuntu noble/universe amd64 libqt5help5 amd64 5.15.13-1 [161 kB]
Get:234 http://azure.archive.ubuntu.com/ubuntu noble/universe amd64 libqt5opengl5t64 amd64 5.15.13+dfsg-1ubuntu1 [150 kB]
Get:235 http://azure.archive.ubuntu.com/ubuntu noble/universe amd64 libqt5test5t64 amd64 5.15.13+dfsg-1ubuntu1 [148 kB]
Get:236 http://azure.archive.ubuntu.com/ubuntu noble/main amd64 libvulkan-dev amd64 1.3.275.0-1build1 [1239 kB]
Get:237 http://azure.archive.ubuntu.com/ubuntu noble/main amd64 libxext-dev amd64 2:1.3.4-1build2 [83.5 kB]
Get:238 http://azure.archive.ubuntu.com/ubuntu noble/universe amd64 qt5-qmake-bin amd64 5.15.13+dfsg-1ubuntu1 [1140 kB]
Get:239 http://azure.archive.ubuntu.com/ubuntu noble/universe amd64 qtchooser amd64 66-2build2 [25.9 kB]
Get:240 http://azure.archive.ubuntu.com/ubuntu noble/universe amd64 qt5-qmake amd64 5.15.13+dfsg-1ubuntu1 [209 kB]
Get:241 http://azure.archive.ubuntu.com/ubuntu noble/universe amd64 qtbase5-dev-tools amd64 5.15.13+dfsg-1ubuntu1 [823 kB]
Get:242 http://azure.archive.ubuntu.com/ubuntu noble/universe amd64 qtbase5-dev amd64 5.15.13+dfsg-1ubuntu1 [1125 kB]
Get:243 http://azure.archive.ubuntu.com/ubuntu noble/universe amd64 libqt5opengl5-dev amd64 5.15.13+dfsg-1ubuntu1 [42.4 kB]
Get:244 http://azure.archive.ubuntu.com/ubuntu noble-updates/universe amd64 libqt5quickwidgets5 amd64 5.15.13+dfsg-1ubuntu0.1 [38.4 kB]
Get:245 http://azure.archive.ubuntu.com/ubuntu noble/universe amd64 libqt5sql5-sqlite amd64 5.15.13+dfsg-1ubuntu1 [51.5 kB]
Get:246 http://azure.archive.ubuntu.com/ubuntu noble/universe amd64 libqt5svg5 amd64 5.15.13-1 [146 kB]
Get:247 http://azure.archive.ubuntu.com/ubuntu noble/universe amd64 libqt5svg5-dev amd64 5.15.13-1 [11.1 kB]
Get:248 http://azure.archive.ubuntu.com/ubuntu noble/universe amd64 libqt5waylandclient5 amd64 5.15.13-1 [405 kB]
Get:249 http://azure.archive.ubuntu.com/ubuntu noble/universe amd64 libqt5waylandcompositor5 amd64 5.15.13-1 [396 kB]
Get:250 http://azure.archive.ubuntu.com/ubuntu noble/main amd64 libsharpyuv-dev amd64 1.3.2-0.4build3 [16.0 kB]
Get:251 http://azure.archive.ubuntu.com/ubuntu noble/main amd64 libjbig-dev amd64 2.1-6.1ubuntu2 [27.9 kB]
Get:252 http://azure.archive.ubuntu.com/ubuntu noble-updates/main amd64 liblzma-dev amd64 5.6.1+really5.4.5-1ubuntu0.2 [176 kB]
Get:253 http://azure.archive.ubuntu.com/ubuntu noble/main amd64 libwebpdecoder3 amd64 1.3.2-0.4build3 [114 kB]
Get:254 http://azure.archive.ubuntu.com/ubuntu noble/main amd64 libwebp-dev amd64 1.3.2-0.4build3 [367 kB]
Get:255 http://azure.archive.ubuntu.com/ubuntu noble-updates/main amd64 libtiffxx6 amd64 4.5.1+git230720-4ubuntu2.4 [5648 B]
Get:256 http://azure.archive.ubuntu.com/ubuntu noble-updates/main amd64 libtiff-dev amd64 4.5.1+git230720-4ubuntu2.4 [338 kB]
Get:257 http://azure.archive.ubuntu.com/ubuntu noble-updates/main amd64 libtiff5-dev amd64 4.5.1+git230720-4ubuntu2.4 [2162 B]
Get:258 http://azure.archive.ubuntu.com/ubuntu noble/universe amd64 qdoc-qt5 amd64 5.15.13-1 [634 kB]
Get:259 http://azure.archive.ubuntu.com/ubuntu noble/universe amd64 qhelpgenerator-qt5 amd64 5.15.13-1 [59.7 kB]
Get:260 http://azure.archive.ubuntu.com/ubuntu noble/universe amd64 qt5-assistant amd64 5.15.13-1 [362 kB]
Get:261 http://azure.archive.ubuntu.com/ubuntu noble/universe amd64 qt5-gtk-platformtheme amd64 5.15.13+dfsg-1ubuntu1 [125 kB]
Get:262 http://azure.archive.ubuntu.com/ubuntu noble/universe amd64 qtattributionsscanner-qt5 amd64 5.15.13-1 [34.3 kB]
Get:263 http://azure.archive.ubuntu.com/ubuntu noble/universe amd64 qttools5-dev-tools amd64 5.15.13-1 [1115 kB]
Get:264 http://azure.archive.ubuntu.com/ubuntu noble/universe amd64 qttools5-dev amd64 5.15.13-1 [204 kB]
Get:265 http://azure.archive.ubuntu.com/ubuntu noble/universe amd64 qttranslations5-l10n all 5.15.13-1 [1964 kB]
Get:266 http://azure.archive.ubuntu.com/ubuntu noble/universe amd64 qtwayland5 amd64 5.15.13-1 [223 kB]
Get:267 http://azure.archive.ubuntu.com/ubuntu noble-updates/main amd64 wpasupplicant amd64 2:2.10-21ubuntu0.3 [1472 kB]
Get:268 http://azure.archive.ubuntu.com/ubuntu noble-updates/main amd64 libopenjp2-7-dev amd64 2.5.0-2ubuntu0.4 [258 kB]
Fetched 188 MB in 17s (11.3 MB/s)
Selecting previously unselected package liborc-0.4-0t64:amd64.
(Reading database ... 
(Reading database ... 5%
(Reading database ... 10%
(Reading database ... 15%
(Reading database ... 20%
(Reading database ... 25%
(Reading database ... 30%
(Reading database ... 35%
(Reading database ... 40%
(Reading database ... 45%
(Reading database ... 50%
(Reading database ... 55%
(Reading database ... 60%
(Reading database ... 65%
(Reading database ... 70%
(Reading database ... 75%
(Reading database ... 80%
(Reading database ... 85%
(Reading database ... 90%
(Reading database ... 95%
(Reading database ... 100%
(Reading database ... 214596 files and directories currently installed.)
Preparing to unpack .../000-liborc-0.4-0t64_1%3a0.4.38-1ubuntu0.1_amd64.deb ...
Unpacking liborc-0.4-0t64:amd64 (1:0.4.38-1ubuntu0.1) ...
Selecting previously unselected package libgstreamer-plugins-base1.0-0:amd64.
Preparing to unpack .../001-libgstreamer-plugins-base1.0-0_1.24.2-1ubuntu0.3_amd64.deb ...
Unpacking libgstreamer-plugins-base1.0-0:amd64 (1.24.2-1ubuntu0.3) ...
Selecting previously unselected package libhyphen0:amd64.
Preparing to unpack .../002-libhyphen0_2.8.8-7build3_amd64.deb ...
Unpacking libhyphen0:amd64 (2.8.8-7build3) ...
Selecting previously unselected package libdouble-conversion3:amd64.
Preparing to unpack .../003-libdouble-conversion3_3.3.0-1build1_amd64.deb ...
Unpacking libdouble-conversion3:amd64 (3.3.0-1build1) ...
Selecting previously unselected package libqt5core5t64:amd64.
Preparing to unpack .../004-libqt5core5t64_5.15.13+dfsg-1ubuntu1_amd64.deb ...
Unpacking libqt5core5t64:amd64 (5.15.13+dfsg-1ubuntu1) ...
Selecting previously unselected package libegl-mesa0:amd64.
Preparing to unpack .../005-libegl-mesa0_25.0.7-0ubuntu0.24.04.2_amd64.deb ...
Unpacking libegl-mesa0:amd64 (25.0.7-0ubuntu0.24.04.2) ...
Selecting previously unselected package libegl1:amd64.
Preparing to unpack .../006-libegl1_1.7.0-1build1_amd64.deb ...
Unpacking libegl1:amd64 (1.7.0-1build1) ...
Selecting previously unselected package libmtdev1t64:amd64.
Preparing to unpack .../007-libmtdev1t64_1.1.6-1.1build1_amd64.deb ...
Unpacking libmtdev1t64:amd64 (1.1.6-1.1build1) ...
Selecting previously unselected package libwacom-common.
Preparing to unpack .../008-libwacom-common_2.10.0-2_all.deb ...
Unpacking libwacom-common (2.10.0-2) ...
Selecting previously unselected package libwacom9:amd64.
Preparing to unpack .../009-libwacom9_2.10.0-2_amd64.deb ...
Unpacking libwacom9:amd64 (2.10.0-2) ...
Selecting previously unselected package libinput-bin.
Preparing to unpack .../010-libinput-bin_1.25.0-1ubuntu3.1_amd64.deb ...
Unpacking libinput-bin (1.25.0-1ubuntu3.1) ...
Selecting previously unselected package libinput10:amd64.
Preparing to unpack .../011-libinput10_1.25.0-1ubuntu3.1_amd64.deb ...
Unpacking libinput10:amd64 (1.25.0-1ubuntu3.1) ...
Selecting previously unselected package libmd4c0:amd64.
Preparing to unpack .../012-libmd4c0_0.4.8-1build1_amd64.deb ...
Unpacking libmd4c0:amd64 (0.4.8-1build1) ...
Selecting previously unselected package libqt5dbus5t64:amd64.
Preparing to unpack .../013-libqt5dbus5t64_5.15.13+dfsg-1ubuntu1_amd64.deb ...
Unpacking libqt5dbus5t64:amd64 (5.15.13+dfsg-1ubuntu1) ...
Selecting previously unselected package libqt5network5t64:amd64.
Preparing to unpack .../014-libqt5network5t64_5.15.13+dfsg-1ubuntu1_amd64.deb ...
Unpacking libqt5network5t64:amd64 (5.15.13+dfsg-1ubuntu1) ...
Selecting previously unselected package libxcb-icccm4:amd64.
Preparing to unpack .../015-libxcb-icccm4_0.4.1-1.1build3_amd64.deb ...
Unpacking libxcb-icccm4:amd64 (0.4.1-1.1build3) ...
Selecting previously unselected package libxcb-util1:amd64.
Preparing to unpack .../016-libxcb-util1_0.4.0-1build3_amd64.deb ...
Unpacking libxcb-util1:amd64 (0.4.0-1build3) ...
Selecting previously unselected package libxcb-image0:amd64.
Preparing to unpack .../017-libxcb-image0_0.4.0-2build1_amd64.deb ...
Unpacking libxcb-image0:amd64 (0.4.0-2build1) ...
Selecting previously unselected package libxcb-keysyms1:amd64.
Preparing to unpack .../018-libxcb-keysyms1_0.4.0-1build4_amd64.deb ...
Unpacking libxcb-keysyms1:amd64 (0.4.0-1build4) ...
Selecting previously unselected package libxcb-render-util0:amd64.
Preparing to unpack .../019-libxcb-render-util0_0.3.9-1build4_amd64.deb ...
Unpacking libxcb-render-util0:amd64 (0.3.9-1build4) ...
Selecting previously unselected package libxcb-shape0:amd64.
Preparing to unpack .../020-libxcb-shape0_1.15-1ubuntu2_amd64.deb ...
Unpacking libxcb-shape0:amd64 (1.15-1ubuntu2) ...
Selecting previously unselected package libxcb-xinerama0:amd64.
Preparing to unpack .../021-libxcb-xinerama0_1.15-1ubuntu2_amd64.deb ...
Unpacking libxcb-xinerama0:amd64 (1.15-1ubuntu2) ...
Selecting previously unselected package libxcb-xinput0:amd64.
Preparing to unpack .../022-libxcb-xinput0_1.15-1ubuntu2_amd64.deb ...
Unpacking libxcb-xinput0:amd64 (1.15-1ubuntu2) ...
Selecting previously unselected package libxcb-xkb1:amd64.
Preparing to unpack .../023-libxcb-xkb1_1.15-1ubuntu2_amd64.deb ...
Unpacking libxcb-xkb1:amd64 (1.15-1ubuntu2) ...
Selecting previously unselected package libxkbcommon-x11-0:amd64.
Preparing to unpack .../024-libxkbcommon-x11-0_1.6.0-1build1_amd64.deb ...
Unpacking libxkbcommon-x11-0:amd64 (1.6.0-1build1) ...
Selecting previously unselected package libqt5gui5t64:amd64.
Preparing to unpack .../025-libqt5gui5t64_5.15.13+dfsg-1ubuntu1_amd64.deb ...
Unpacking libqt5gui5t64:amd64 (5.15.13+dfsg-1ubuntu1) ...
Selecting previously unselected package libqt5positioning5:amd64.
Preparing to unpack .../026-libqt5positioning5_5.15.13+dfsg-1_amd64.deb ...
Unpacking libqt5positioning5:amd64 (5.15.13+dfsg-1) ...
Selecting previously unselected package libqt5widgets5t64:amd64.
Preparing to unpack .../027-libqt5widgets5t64_5.15.13+dfsg-1ubuntu1_amd64.deb ...
Unpacking libqt5widgets5t64:amd64 (5.15.13+dfsg-1ubuntu1) ...
Selecting previously unselected package libqt5printsupport5t64:amd64.
Preparing to unpack .../028-libqt5printsupport5t64_5.15.13+dfsg-1ubuntu1_amd64.deb ...
Unpacking libqt5printsupport5t64:amd64 (5.15.13+dfsg-1ubuntu1) ...
Selecting previously unselected package libqt5qml5:amd64.
Preparing to unpack .../029-libqt5qml5_5.15.13+dfsg-1ubuntu0.1_amd64.deb ...
Unpacking libqt5qml5:amd64 (5.15.13+dfsg-1ubuntu0.1) ...
Selecting previously unselected package libqt5qmlmodels5:amd64.
Preparing to unpack .../030-libqt5qmlmodels5_5.15.13+dfsg-1ubuntu0.1_amd64.deb ...
Unpacking libqt5qmlmodels5:amd64 (5.15.13+dfsg-1ubuntu0.1) ...
Selecting previously unselected package libqt5quick5:amd64.
Preparing to unpack .../031-libqt5quick5_5.15.13+dfsg-1ubuntu0.1_amd64.deb ...
Unpacking libqt5quick5:amd64 (5.15.13+dfsg-1ubuntu0.1) ...
Selecting previously unselected package libqt5sensors5:amd64.
Preparing to unpack .../032-libqt5sensors5_5.15.13-1_amd64.deb ...
Unpacking libqt5sensors5:amd64 (5.15.13-1) ...
Selecting previously unselected package libqt5webchannel5:amd64.
Preparing to unpack .../033-libqt5webchannel5_5.15.13-1_amd64.deb ...
Unpacking libqt5webchannel5:amd64 (5.15.13-1) ...
Selecting previously unselected package libwoff1:amd64.
Preparing to unpack .../034-libwoff1_1.0.2-2build1_amd64.deb ...
Unpacking libwoff1:amd64 (1.0.2-2build1) ...
Selecting previously unselected package libqt5webkit5:amd64.
Preparing to unpack .../035-libqt5webkit5_5.212.0~alpha4-36_amd64.deb ...
Unpacking libqt5webkit5:amd64 (5.212.0~alpha4-36) ...
Selecting previously unselected package libavahi-core7:amd64.
Preparing to unpack .../036-libavahi-core7_0.8-13ubuntu6_amd64.deb ...
Unpacking libavahi-core7:amd64 (0.8-13ubuntu6) ...
Selecting previously unselected package libdaemon0:amd64.
Preparing to unpack .../037-libdaemon0_0.14-7.1ubuntu4_amd64.deb ...
Unpacking libdaemon0:amd64 (0.14-7.1ubuntu4) ...
Selecting previously unselected package avahi-daemon.
Preparing to unpack .../038-avahi-daemon_0.8-13ubuntu6_amd64.deb ...
Unpacking avahi-daemon (0.8-13ubuntu6) ...
Selecting previously unselected package libavahi-glib1:amd64.
Preparing to unpack .../039-libavahi-glib1_0.8-13ubuntu6_amd64.deb ...
Unpacking libavahi-glib1:amd64 (0.8-13ubuntu6) ...
Selecting previously unselected package libnotify4:amd64.
Preparing to unpack .../040-libnotify4_0.8.3-1build2_amd64.deb ...
Unpacking libnotify4:amd64 (0.8.3-1build2) ...
Selecting previously unselected package libproxy1v5:amd64.
Preparing to unpack .../041-libproxy1v5_0.5.4-4build1_amd64.deb ...
Unpacking libproxy1v5:amd64 (0.5.4-4build1) ...
Selecting previously unselected package glib-networking-common.
Preparing to unpack .../042-glib-networking-common_2.80.0-1build1_all.deb ...
Unpacking glib-networking-common (2.80.0-1build1) ...
Selecting previously unselected package glib-networking-services.
Preparing to unpack .../043-glib-networking-services_2.80.0-1build1_amd64.deb ...
Unpacking glib-networking-services (2.80.0-1build1) ...
Selecting previously unselected package session-migration.
Preparing to unpack .../044-session-migration_0.3.9build1_amd64.deb ...
Unpacking session-migration (0.3.9build1) ...
Selecting previously unselected package gsettings-desktop-schemas.
Preparing to unpack .../045-gsettings-desktop-schemas_46.1-0ubuntu1_all.deb ...
Unpacking gsettings-desktop-schemas (46.1-0ubuntu1) ...
Selecting previously unselected package glib-networking:amd64.
Preparing to unpack .../046-glib-networking_2.80.0-1build1_amd64.deb ...
Unpacking glib-networking:amd64 (2.80.0-1build1) ...
Selecting previously unselected package libsoup-3.0-common.
Preparing to unpack .../047-libsoup-3.0-common_3.4.4-5ubuntu0.5_all.deb ...
Unpacking libsoup-3.0-common (3.4.4-5ubuntu0.5) ...
Selecting previously unselected package libsoup-3.0-0:amd64.
Preparing to unpack .../048-libsoup-3.0-0_3.4.4-5ubuntu0.5_amd64.deb ...
Unpacking libsoup-3.0-0:amd64 (3.4.4-5ubuntu0.5) ...
Selecting previously unselected package geoclue-2.0.
Preparing to unpack .../049-geoclue-2.0_2.7.0-3ubuntu7_amd64.deb ...
Unpacking geoclue-2.0 (2.7.0-3ubuntu7) ...
Selecting previously unselected package libcdparanoia0:amd64.
Preparing to unpack .../050-libcdparanoia0_3.10.2+debian-14build3_amd64.deb ...
Unpacking libcdparanoia0:amd64 (3.10.2+debian-14build3) ...
Selecting previously unselected package libopus0:amd64.
Preparing to unpack .../051-libopus0_1.4-1build1_amd64.deb ...
Unpacking libopus0:amd64 (1.4-1build1) ...
Selecting previously unselected package libtheora0:amd64.
Preparing to unpack .../052-libtheora0_1.1.1+dfsg.1-16.1build3_amd64.deb ...
Unpacking libtheora0:amd64 (1.1.1+dfsg.1-16.1build3) ...
Selecting previously unselected package libvisual-0.4-0:amd64.
Preparing to unpack .../053-libvisual-0.4-0_0.4.2-2build1_amd64.deb ...
Unpacking libvisual-0.4-0:amd64 (0.4.2-2build1) ...
Selecting previously unselected package libvorbisenc2:amd64.
Preparing to unpack .../054-libvorbisenc2_1.3.7-1build3_amd64.deb ...
Unpacking libvorbisenc2:amd64 (1.3.7-1build3) ...
Selecting previously unselected package gstreamer1.0-plugins-base:amd64.
Preparing to unpack .../055-gstreamer1.0-plugins-base_1.24.2-1ubuntu0.3_amd64.deb ...
Unpacking gstreamer1.0-plugins-base:amd64 (1.24.2-1ubuntu0.3) ...
Selecting previously unselected package iio-sensor-proxy.
Preparing to unpack .../056-iio-sensor-proxy_3.5-1build2_amd64.deb ...
Unpacking iio-sensor-proxy (3.5-1build2) ...
Selecting previously unselected package libamd-comgr2:amd64.
Preparing to unpack .../057-libamd-comgr2_6.0+git20231212.4510c28+dfsg-3build2_amd64.deb ...
Unpacking libamd-comgr2:amd64 (6.0+git20231212.4510c28+dfsg-3build2) ...
Selecting previously unselected package libhsakmt1:amd64.
Preparing to unpack .../058-libhsakmt1_5.7.0-1build1_amd64.deb ...
Unpacking libhsakmt1:amd64 (5.7.0-1build1) ...
Selecting previously unselected package libhsa-runtime64-1.
Preparing to unpack .../059-libhsa-runtime64-1_5.7.1-2build1_amd64.deb ...
Unpacking libhsa-runtime64-1 (5.7.1-2build1) ...
Selecting previously unselected package libamdhip64-5.
Preparing to unpack .../060-libamdhip64-5_5.7.1-3_amd64.deb ...
Unpacking libamdhip64-5 (5.7.1-3) ...
Selecting previously unselected package libboost1.83-dev:amd64.
Preparing to unpack .../061-libboost1.83-dev_1.83.0-2.1ubuntu3.1_amd64.deb ...
Unpacking libboost1.83-dev:amd64 (1.83.0-2.1ubuntu3.1) ...
Selecting previously unselected package libboost-dev:amd64.
Preparing to unpack .../062-libboost-dev_1.83.0.1ubuntu2_amd64.deb ...
Unpacking libboost-dev:amd64 (1.83.0.1ubuntu2) ...
Selecting previously unselected package libboost1.83-tools-dev.
Preparing to unpack .../063-libboost1.83-tools-dev_1.83.0-2.1ubuntu3.1_amd64.deb ...
Unpacking libboost1.83-tools-dev (1.83.0-2.1ubuntu3.1) ...
Selecting previously unselected package libboost-tools-dev.
Preparing to unpack .../064-libboost-tools-dev_1.83.0.1ubuntu2_amd64.deb ...
Unpacking libboost-tools-dev (1.83.0.1ubuntu2) ...
Selecting previously unselected package libboost-atomic1.83.0:amd64.
Preparing to unpack .../065-libboost-atomic1.83.0_1.83.0-2.1ubuntu3.1_amd64.deb ...
Unpacking libboost-atomic1.83.0:amd64 (1.83.0-2.1ubuntu3.1) ...
Selecting previously unselected package libboost-atomic1.83-dev:amd64.
Preparing to unpack .../066-libboost-atomic1.83-dev_1.83.0-2.1ubuntu3.1_amd64.deb ...
Unpacking libboost-atomic1.83-dev:amd64 (1.83.0-2.1ubuntu3.1) ...
Selecting previously unselected package libboost-atomic-dev:amd64.
Preparing to unpack .../067-libboost-atomic-dev_1.83.0.1ubuntu2_amd64.deb ...
Unpacking libboost-atomic-dev:amd64 (1.83.0.1ubuntu2) ...
Selecting previously unselected package libboost-chrono1.83.0t64:amd64.
Preparing to unpack .../068-libboost-chrono1.83.0t64_1.83.0-2.1ubuntu3.1_amd64.deb ...
Unpacking libboost-chrono1.83.0t64:amd64 (1.83.0-2.1ubuntu3.1) ...
Selecting previously unselected package libboost-chrono1.83-dev:amd64.
Preparing to unpack .../069-libboost-chrono1.83-dev_1.83.0-2.1ubuntu3.1_amd64.deb ...
Unpacking libboost-chrono1.83-dev:amd64 (1.83.0-2.1ubuntu3.1) ...
Selecting previously unselected package libboost-chrono-dev:amd64.
Preparing to unpack .../070-libboost-chrono-dev_1.83.0.1ubuntu2_amd64.deb ...
Unpacking libboost-chrono-dev:amd64 (1.83.0.1ubuntu2) ...
Selecting previously unselected package libboost-container1.83.0:amd64.
Preparing to unpack .../071-libboost-container1.83.0_1.83.0-2.1ubuntu3.1_amd64.deb ...
Unpacking libboost-container1.83.0:amd64 (1.83.0-2.1ubuntu3.1) ...
Selecting previously unselected package libboost-container1.83-dev:amd64.
Preparing to unpack .../072-libboost-container1.83-dev_1.83.0-2.1ubuntu3.1_amd64.deb ...
Unpacking libboost-container1.83-dev:amd64 (1.83.0-2.1ubuntu3.1) ...
Selecting previously unselected package libboost-container-dev:amd64.
Preparing to unpack .../073-libboost-container-dev_1.83.0.1ubuntu2_amd64.deb ...
Unpacking libboost-container-dev:amd64 (1.83.0.1ubuntu2) ...
Selecting previously unselected package libboost-date-time1.83.0:amd64.
Preparing to unpack .../074-libboost-date-time1.83.0_1.83.0-2.1ubuntu3.1_amd64.deb ...
Unpacking libboost-date-time1.83.0:amd64 (1.83.0-2.1ubuntu3.1) ...
Selecting previously unselected package libboost-serialization1.83.0:amd64.
Preparing to unpack .../075-libboost-serialization1.83.0_1.83.0-2.1ubuntu3.1_amd64.deb ...
Unpacking libboost-serialization1.83.0:amd64 (1.83.0-2.1ubuntu3.1) ...
Selecting previously unselected package libboost-serialization1.83-dev:amd64.
Preparing to unpack .../076-libboost-serialization1.83-dev_1.83.0-2.1ubuntu3.1_amd64.deb ...
Unpacking libboost-serialization1.83-dev:amd64 (1.83.0-2.1ubuntu3.1) ...
Selecting previously unselected package libboost-date-time1.83-dev:amd64.
Preparing to unpack .../077-libboost-date-time1.83-dev_1.83.0-2.1ubuntu3.1_amd64.deb ...
Unpacking libboost-date-time1.83-dev:amd64 (1.83.0-2.1ubuntu3.1) ...
Selecting previously unselected package libboost-system1.83.0:amd64.
Preparing to unpack .../078-libboost-system1.83.0_1.83.0-2.1ubuntu3.1_amd64.deb ...
Unpacking libboost-system1.83.0:amd64 (1.83.0-2.1ubuntu3.1) ...
Selecting previously unselected package libboost-system1.83-dev:amd64.
Preparing to unpack .../079-libboost-system1.83-dev_1.83.0-2.1ubuntu3.1_amd64.deb ...
Unpacking libboost-system1.83-dev:amd64 (1.83.0-2.1ubuntu3.1) ...
Selecting previously unselected package libboost-thread1.83.0:amd64.
Preparing to unpack .../080-libboost-thread1.83.0_1.83.0-2.1ubuntu3.1_amd64.deb ...
Unpacking libboost-thread1.83.0:amd64 (1.83.0-2.1ubuntu3.1) ...
Selecting previously unselected package libboost-thread1.83-dev:amd64.
Preparing to unpack .../081-libboost-thread1.83-dev_1.83.0-2.1ubuntu3.1_amd64.deb ...
Unpacking libboost-thread1.83-dev:amd64 (1.83.0-2.1ubuntu3.1) ...
Selecting previously unselected package libboost-context1.83.0:amd64.
Preparing to unpack .../082-libboost-context1.83.0_1.83.0-2.1ubuntu3.1_amd64.deb ...
Unpacking libboost-context1.83.0:amd64 (1.83.0-2.1ubuntu3.1) ...
Selecting previously unselected package libboost-context1.83-dev:amd64.
Preparing to unpack .../083-libboost-context1.83-dev_1.83.0-2.1ubuntu3.1_amd64.deb ...
Unpacking libboost-context1.83-dev:amd64 (1.83.0-2.1ubuntu3.1) ...
Selecting previously unselected package libboost-context-dev:amd64.
Preparing to unpack .../084-libboost-context-dev_1.83.0.1ubuntu2_amd64.deb ...
Unpacking libboost-context-dev:amd64 (1.83.0.1ubuntu2) ...
Selecting previously unselected package libboost-coroutine1.83.0:amd64.
Preparing to unpack .../085-libboost-coroutine1.83.0_1.83.0-2.1ubuntu3.1_amd64.deb ...
Unpacking libboost-coroutine1.83.0:amd64 (1.83.0-2.1ubuntu3.1) ...
Selecting previously unselected package libboost-coroutine1.83-dev:amd64.
Preparing to unpack .../086-libboost-coroutine1.83-dev_1.83.0-2.1ubuntu3.1_amd64.deb ...
Unpacking libboost-coroutine1.83-dev:amd64 (1.83.0-2.1ubuntu3.1) ...
Selecting previously unselected package libboost-coroutine-dev:amd64.
Preparing to unpack .../087-libboost-coroutine-dev_1.83.0.1ubuntu2_amd64.deb ...
Unpacking libboost-coroutine-dev:amd64 (1.83.0.1ubuntu2) ...
Selecting previously unselected package libboost-date-time-dev:amd64.
Preparing to unpack .../088-libboost-date-time-dev_1.83.0.1ubuntu2_amd64.deb ...
Unpacking libboost-date-time-dev:amd64 (1.83.0.1ubuntu2) ...
Selecting previously unselected package libboost-exception1.83-dev:amd64.
Preparing to unpack .../089-libboost-exception1.83-dev_1.83.0-2.1ubuntu3.1_amd64.deb ...
Unpacking libboost-exception1.83-dev:amd64 (1.83.0-2.1ubuntu3.1) ...
Selecting previously unselected package libboost-exception-dev:amd64.
Preparing to unpack .../090-libboost-exception-dev_1.83.0.1ubuntu2_amd64.deb ...
Unpacking libboost-exception-dev:amd64 (1.83.0.1ubuntu2) ...
Selecting previously unselected package libboost-filesystem1.83.0:amd64.
Preparing to unpack .../091-libboost-filesystem1.83.0_1.83.0-2.1ubuntu3.1_amd64.deb ...
Unpacking libboost-filesystem1.83.0:amd64 (1.83.0-2.1ubuntu3.1) ...
Selecting previously unselected package libboost-filesystem1.83-dev:amd64.
Preparing to unpack .../092-libboost-filesystem1.83-dev_1.83.0-2.1ubuntu3.1_amd64.deb ...
Unpacking libboost-filesystem1.83-dev:amd64 (1.83.0-2.1ubuntu3.1) ...
Selecting previously unselected package libboost-fiber1.83.0:amd64.
Preparing to unpack .../093-libboost-fiber1.83.0_1.83.0-2.1ubuntu3.1_amd64.deb ...
Unpacking libboost-fiber1.83.0:amd64 (1.83.0-2.1ubuntu3.1) ...
Selecting previously unselected package libboost-fiber1.83-dev:amd64.
Preparing to unpack .../094-libboost-fiber1.83-dev_1.83.0-2.1ubuntu3.1_amd64.deb ...
Unpacking libboost-fiber1.83-dev:amd64 (1.83.0-2.1ubuntu3.1) ...
Selecting previously unselected package libboost-fiber-dev:amd64.
Preparing to unpack .../095-libboost-fiber-dev_1.83.0.1ubuntu2_amd64.deb ...
Unpacking libboost-fiber-dev:amd64 (1.83.0.1ubuntu2) ...
Selecting previously unselected package libboost-filesystem-dev:amd64.
Preparing to unpack .../096-libboost-filesystem-dev_1.83.0.1ubuntu2_amd64.deb ...
Unpacking libboost-filesystem-dev:amd64 (1.83.0.1ubuntu2) ...
Selecting previously unselected package libboost-graph1.83.0:amd64.
Preparing to unpack .../097-libboost-graph1.83.0_1.83.0-2.1ubuntu3.1_amd64.deb ...
Unpacking libboost-graph1.83.0:amd64 (1.83.0-2.1ubuntu3.1) ...
Selecting previously unselected package libboost-regex1.83.0:amd64.
Preparing to unpack .../098-libboost-regex1.83.0_1.83.0-2.1ubuntu3.1_amd64.deb ...
Unpacking libboost-regex1.83.0:amd64 (1.83.0-2.1ubuntu3.1) ...
Selecting previously unselected package libboost-regex1.83-dev:amd64.
Preparing to unpack .../099-libboost-regex1.83-dev_1.83.0-2.1ubuntu3.1_amd64.deb ...
Unpacking libboost-regex1.83-dev:amd64 (1.83.0-2.1ubuntu3.1) ...
Selecting previously unselected package libboost-test1.83.0:amd64.
Preparing to unpack .../100-libboost-test1.83.0_1.83.0-2.1ubuntu3.1_amd64.deb ...
Unpacking libboost-test1.83.0:amd64 (1.83.0-2.1ubuntu3.1) ...
Selecting previously unselected package libboost-test1.83-dev:amd64.
Preparing to unpack .../101-libboost-test1.83-dev_1.83.0-2.1ubuntu3.1_amd64.deb ...
Unpacking libboost-test1.83-dev:amd64 (1.83.0-2.1ubuntu3.1) ...
Selecting previously unselected package libboost-graph1.83-dev:amd64.
Preparing to unpack .../102-libboost-graph1.83-dev_1.83.0-2.1ubuntu3.1_amd64.deb ...
Unpacking libboost-graph1.83-dev:amd64 (1.83.0-2.1ubuntu3.1) ...
Selecting previously unselected package libboost-graph-dev:amd64.
Preparing to unpack .../103-libboost-graph-dev_1.83.0.1ubuntu2_amd64.deb ...
Unpacking libboost-graph-dev:amd64 (1.83.0.1ubuntu2) ...
Selecting previously unselected package libpsm-infinipath1.
Preparing to unpack .../104-libpsm-infinipath1_3.3+20.604758e7-6.3build1_amd64.deb ...
Unpacking libpsm-infinipath1 (3.3+20.604758e7-6.3build1) ...
Selecting previously unselected package libpsm2-2.
Preparing to unpack .../105-libpsm2-2_11.2.185-2build1_amd64.deb ...
Unpacking libpsm2-2 (11.2.185-2build1) ...
Selecting previously unselected package librdmacm1t64:amd64.
Preparing to unpack .../106-librdmacm1t64_50.0-2ubuntu0.2_amd64.deb ...
Unpacking librdmacm1t64:amd64 (50.0-2ubuntu0.2) ...
Selecting previously unselected package libfabric1:amd64.
Preparing to unpack .../107-libfabric1_1.17.0-3build2_amd64.deb ...
Unpacking libfabric1:amd64 (1.17.0-3build2) ...
Selecting previously unselected package libhwloc15:amd64.
Preparing to unpack .../108-libhwloc15_2.10.0-1build1_amd64.deb ...
Unpacking libhwloc15:amd64 (2.10.0-1build1) ...
Selecting previously unselected package libmunge2:amd64.
Preparing to unpack .../109-libmunge2_0.5.15-4build1_amd64.deb ...
Unpacking libmunge2:amd64 (0.5.15-4build1) ...
Selecting previously unselected package libxnvctrl0:amd64.
Preparing to unpack .../110-libxnvctrl0_510.47.03-0ubuntu4_amd64.deb ...
Unpacking libxnvctrl0:amd64 (510.47.03-0ubuntu4) ...
Selecting previously unselected package ocl-icd-libopencl1:amd64.
Preparing to unpack .../111-ocl-icd-libopencl1_2.3.2-1build1_amd64.deb ...
Unpacking ocl-icd-libopencl1:amd64 (2.3.2-1build1) ...
Selecting previously unselected package libhwloc-plugins:amd64.
Preparing to unpack .../112-libhwloc-plugins_2.10.0-1build1_amd64.deb ...
Unpacking libhwloc-plugins:amd64 (2.10.0-1build1) ...
Selecting previously unselected package libpmix2t64:amd64.
Preparing to unpack .../113-libpmix2t64_5.0.1-4.1build1_amd64.deb ...
Unpacking libpmix2t64:amd64 (5.0.1-4.1build1) ...
Selecting previously unselected package libucx0:amd64.
Preparing to unpack .../114-libucx0_1.16.0+ds-5ubuntu1_amd64.deb ...
Unpacking libucx0:amd64 (1.16.0+ds-5ubuntu1) ...
Selecting previously unselected package libopenmpi3t64:amd64.
Preparing to unpack .../115-libopenmpi3t64_4.1.6-7ubuntu2_amd64.deb ...
Unpacking libopenmpi3t64:amd64 (4.1.6-7ubuntu2) ...
Selecting previously unselected package libboost-mpi1.83.0.
Preparing to unpack .../116-libboost-mpi1.83.0_1.83.0-2.1ubuntu3.1_amd64.deb ...
Unpacking libboost-mpi1.83.0 (1.83.0-2.1ubuntu3.1) ...
Selecting previously unselected package libboost-graph-parallel1.83.0.
Preparing to unpack .../117-libboost-graph-parallel1.83.0_1.83.0-2.1ubuntu3.1_amd64.deb ...
Unpacking libboost-graph-parallel1.83.0 (1.83.0-2.1ubuntu3.1) ...
Selecting previously unselected package libboost-graph-parallel1.83-dev.
Preparing to unpack .../118-libboost-graph-parallel1.83-dev_1.83.0-2.1ubuntu3.1_amd64.deb ...
Unpacking libboost-graph-parallel1.83-dev (1.83.0-2.1ubuntu3.1) ...
Selecting previously unselected package libboost-graph-parallel-dev.
Preparing to unpack .../119-libboost-graph-parallel-dev_1.83.0.1ubuntu2_amd64.deb ...
Unpacking libboost-graph-parallel-dev (1.83.0.1ubuntu2) ...
Selecting previously unselected package libboost-iostreams1.83.0:amd64.
Preparing to unpack .../120-libboost-iostreams1.83.0_1.83.0-2.1ubuntu3.1_amd64.deb ...
Unpacking libboost-iostreams1.83.0:amd64 (1.83.0-2.1ubuntu3.1) ...
Selecting previously unselected package libboost-iostreams1.83-dev:amd64.
Preparing to unpack .../121-libboost-iostreams1.83-dev_1.83.0-2.1ubuntu3.1_amd64.deb ...
Unpacking libboost-iostreams1.83-dev:amd64 (1.83.0-2.1ubuntu3.1) ...
Selecting previously unselected package libboost-iostreams-dev:amd64.
Preparing to unpack .../122-libboost-iostreams-dev_1.83.0.1ubuntu2_amd64.deb ...
Unpacking libboost-iostreams-dev:amd64 (1.83.0.1ubuntu2) ...
Selecting previously unselected package libboost-json1.83.0:amd64.
Preparing to unpack .../123-libboost-json1.83.0_1.83.0-2.1ubuntu3.1_amd64.deb ...
Unpacking libboost-json1.83.0:amd64 (1.83.0-2.1ubuntu3.1) ...
Selecting previously unselected package libboost-json1.83-dev:amd64.
Preparing to unpack .../124-libboost-json1.83-dev_1.83.0-2.1ubuntu3.1_amd64.deb ...
Unpacking libboost-json1.83-dev:amd64 (1.83.0-2.1ubuntu3.1) ...
Selecting previously unselected package libboost-json-dev:amd64.
Preparing to unpack .../125-libboost-json-dev_1.83.0.1ubuntu2_amd64.deb ...
Unpacking libboost-json-dev:amd64 (1.83.0.1ubuntu2) ...
Selecting previously unselected package libboost-locale1.83.0:amd64.
Preparing to unpack .../126-libboost-locale1.83.0_1.83.0-2.1ubuntu3.1_amd64.deb ...
Unpacking libboost-locale1.83.0:amd64 (1.83.0-2.1ubuntu3.1) ...
Selecting previously unselected package libboost-locale1.83-dev:amd64.
Preparing to unpack .../127-libboost-locale1.83-dev_1.83.0-2.1ubuntu3.1_amd64.deb ...
Unpacking libboost-locale1.83-dev:amd64 (1.83.0-2.1ubuntu3.1) ...
Selecting previously unselected package libboost-locale-dev:amd64.
Preparing to unpack .../128-libboost-locale-dev_1.83.0.1ubuntu2_amd64.deb ...
Unpacking libboost-locale-dev:amd64 (1.83.0.1ubuntu2) ...
Selecting previously unselected package libboost-log1.83.0.
Preparing to unpack .../129-libboost-log1.83.0_1.83.0-2.1ubuntu3.1_amd64.deb ...
Unpacking libboost-log1.83.0 (1.83.0-2.1ubuntu3.1) ...
Selecting previously unselected package libboost-log1.83-dev.
Preparing to unpack .../130-libboost-log1.83-dev_1.83.0-2.1ubuntu3.1_amd64.deb ...
Unpacking libboost-log1.83-dev (1.83.0-2.1ubuntu3.1) ...
Selecting previously unselected package libboost-log-dev.
Preparing to unpack .../131-libboost-log-dev_1.83.0.1ubuntu2_amd64.deb ...
Unpacking libboost-log-dev (1.83.0.1ubuntu2) ...
Selecting previously unselected package libboost-math1.83.0:amd64.
Preparing to unpack .../132-libboost-math1.83.0_1.83.0-2.1ubuntu3.1_amd64.deb ...
Unpacking libboost-math1.83.0:amd64 (1.83.0-2.1ubuntu3.1) ...
Selecting previously unselected package libboost-math1.83-dev:amd64.
Preparing to unpack .../133-libboost-math1.83-dev_1.83.0-2.1ubuntu3.1_amd64.deb ...
Unpacking libboost-math1.83-dev:amd64 (1.83.0-2.1ubuntu3.1) ...
Selecting previously unselected package libboost-math-dev:amd64.
Preparing to unpack .../134-libboost-math-dev_1.83.0.1ubuntu2_amd64.deb ...
Unpacking libboost-math-dev:amd64 (1.83.0.1ubuntu2) ...
Selecting previously unselected package openmpi-common.
Preparing to unpack .../135-openmpi-common_4.1.6-7ubuntu2_all.deb ...
Unpacking openmpi-common (4.1.6-7ubuntu2) ...
Selecting previously unselected package libnl-3-dev:amd64.
Preparing to unpack .../136-libnl-3-dev_3.7.0-0.3build1.1_amd64.deb ...
Unpacking libnl-3-dev:amd64 (3.7.0-0.3build1.1) ...
Selecting previously unselected package libnl-route-3-dev:amd64.
Preparing to unpack .../137-libnl-route-3-dev_3.7.0-0.3build1.1_amd64.deb ...
Unpacking libnl-route-3-dev:amd64 (3.7.0-0.3build1.1) ...
Selecting previously unselected package libibverbs-dev:amd64.
Preparing to unpack .../138-libibverbs-dev_50.0-2ubuntu0.2_amd64.deb ...
Unpacking libibverbs-dev:amd64 (50.0-2ubuntu0.2) ...
Selecting previously unselected package libnuma-dev:amd64.
Preparing to unpack .../139-libnuma-dev_2.0.18-1build1_amd64.deb ...
Unpacking libnuma-dev:amd64 (2.0.18-1build1) ...
Selecting previously unselected package libltdl-dev:amd64.
Preparing to unpack .../140-libltdl-dev_2.4.7-7build1_amd64.deb ...
Unpacking libltdl-dev:amd64 (2.4.7-7build1) ...
Selecting previously unselected package libhwloc-dev:amd64.
Preparing to unpack .../141-libhwloc-dev_2.10.0-1build1_amd64.deb ...
Unpacking libhwloc-dev:amd64 (2.10.0-1build1) ...
Selecting previously unselected package libevent-2.1-7t64:amd64.
Preparing to unpack .../142-libevent-2.1-7t64_2.1.12-stable-9ubuntu2_amd64.deb ...
Unpacking libevent-2.1-7t64:amd64 (2.1.12-stable-9ubuntu2) ...
Selecting previously unselected package libevent-extra-2.1-7t64:amd64.
Preparing to unpack .../143-libevent-extra-2.1-7t64_2.1.12-stable-9ubuntu2_amd64.deb ...
Unpacking libevent-extra-2.1-7t64:amd64 (2.1.12-stable-9ubuntu2) ...
Selecting previously unselected package libevent-openssl-2.1-7t64:amd64.
Preparing to unpack .../144-libevent-openssl-2.1-7t64_2.1.12-stable-9ubuntu2_amd64.deb ...
Unpacking libevent-openssl-2.1-7t64:amd64 (2.1.12-stable-9ubuntu2) ...
Selecting previously unselected package libevent-dev.
Preparing to unpack .../145-libevent-dev_2.1.12-stable-9ubuntu2_amd64.deb ...
Unpacking libevent-dev (2.1.12-stable-9ubuntu2) ...
Selecting previously unselected package libpmix-dev:amd64.
Preparing to unpack .../146-libpmix-dev_5.0.1-4.1build1_amd64.deb ...
Unpacking libpmix-dev:amd64 (5.0.1-4.1build1) ...
Selecting previously unselected package libjs-jquery-ui.
Preparing to unpack .../147-libjs-jquery-ui_1.13.2+dfsg-1_all.deb ...
Unpacking libjs-jquery-ui (1.13.2+dfsg-1) ...
Selecting previously unselected package openmpi-bin.
Preparing to unpack .../148-openmpi-bin_4.1.6-7ubuntu2_amd64.deb ...
Unpacking openmpi-bin (4.1.6-7ubuntu2) ...
Selecting previously unselected package libopenmpi-dev:amd64.
Preparing to unpack .../149-libopenmpi-dev_4.1.6-7ubuntu2_amd64.deb ...
Unpacking libopenmpi-dev:amd64 (4.1.6-7ubuntu2) ...
Selecting previously unselected package mpi-default-dev.
Preparing to unpack .../150-mpi-default-dev_1.15build1_amd64.deb ...
Unpacking mpi-default-dev (1.15build1) ...
Selecting previously unselected package libboost-mpi1.83-dev.
Preparing to unpack .../151-libboost-mpi1.83-dev_1.83.0-2.1ubuntu3.1_amd64.deb ...
Unpacking libboost-mpi1.83-dev (1.83.0-2.1ubuntu3.1) ...
Selecting previously unselected package libboost-mpi-dev.
Preparing to unpack .../152-libboost-mpi-dev_1.83.0.1ubuntu2_amd64.deb ...
Unpacking libboost-mpi-dev (1.83.0.1ubuntu2) ...
Selecting previously unselected package libboost-python1.83.0.
Preparing to unpack .../153-libboost-python1.83.0_1.83.0-2.1ubuntu3.1_amd64.deb ...
Unpacking libboost-python1.83.0 (1.83.0-2.1ubuntu3.1) ...
Selecting previously unselected package mpi-default-bin.
Preparing to unpack .../154-mpi-default-bin_1.15build1_amd64.deb ...
Unpacking mpi-default-bin (1.15build1) ...
Selecting previously unselected package libboost-mpi-python1.83.0.
Preparing to unpack .../155-libboost-mpi-python1.83.0_1.83.0-2.1ubuntu3.1_amd64.deb ...
Unpacking libboost-mpi-python1.83.0 (1.83.0-2.1ubuntu3.1) ...
Selecting previously unselected package libboost-mpi-python1.83-dev.
Preparing to unpack .../156-libboost-mpi-python1.83-dev_1.83.0-2.1ubuntu3.1_amd64.deb ...
Unpacking libboost-mpi-python1.83-dev (1.83.0-2.1ubuntu3.1) ...
Selecting previously unselected package libboost-mpi-python-dev.
Preparing to unpack .../157-libboost-mpi-python-dev_1.83.0.1ubuntu2_amd64.deb ...
Unpacking libboost-mpi-python-dev (1.83.0.1ubuntu2) ...
Selecting previously unselected package libboost-numpy1.83.0.
Preparing to unpack .../158-libboost-numpy1.83.0_1.83.0-2.1ubuntu3.1_amd64.deb ...
Unpacking libboost-numpy1.83.0 (1.83.0-2.1ubuntu3.1) ...
Selecting previously unselected package libboost-numpy1.83-dev.
Preparing to unpack .../159-libboost-numpy1.83-dev_1.83.0-2.1ubuntu3.1_amd64.deb ...
Unpacking libboost-numpy1.83-dev (1.83.0-2.1ubuntu3.1) ...
Selecting previously unselected package libboost-numpy-dev.
Preparing to unpack .../160-libboost-numpy-dev_1.83.0.1ubuntu2_amd64.deb ...
Unpacking libboost-numpy-dev (1.83.0.1ubuntu2) ...
Selecting previously unselected package libboost-program-options1.83.0:amd64.
Preparing to unpack .../161-libboost-program-options1.83.0_1.83.0-2.1ubuntu3.1_amd64.deb ...
Unpacking libboost-program-options1.83.0:amd64 (1.83.0-2.1ubuntu3.1) ...
Selecting previously unselected package libboost-program-options1.83-dev:amd64.
Preparing to unpack .../162-libboost-program-options1.83-dev_1.83.0-2.1ubuntu3.1_amd64.deb ...
Unpacking libboost-program-options1.83-dev:amd64 (1.83.0-2.1ubuntu3.1) ...
Selecting previously unselected package libboost-program-options-dev:amd64.
Preparing to unpack .../163-libboost-program-options-dev_1.83.0.1ubuntu2_amd64.deb ...
Unpacking libboost-program-options-dev:amd64 (1.83.0.1ubuntu2) ...
Selecting previously unselected package libboost-python1.83-dev.
Preparing to unpack .../164-libboost-python1.83-dev_1.83.0-2.1ubuntu3.1_amd64.deb ...
Unpacking libboost-python1.83-dev (1.83.0-2.1ubuntu3.1) ...
Selecting previously unselected package libboost-python-dev.
Preparing to unpack .../165-libboost-python-dev_1.83.0.1ubuntu2_amd64.deb ...
Unpacking libboost-python-dev (1.83.0.1ubuntu2) ...
Selecting previously unselected package libboost-random1.83.0:amd64.
Preparing to unpack .../166-libboost-random1.83.0_1.83.0-2.1ubuntu3.1_amd64.deb ...
Unpacking libboost-random1.83.0:amd64 (1.83.0-2.1ubuntu3.1) ...
Selecting previously unselected package libboost-random1.83-dev:amd64.
Preparing to unpack .../167-libboost-random1.83-dev_1.83.0-2.1ubuntu3.1_amd64.deb ...
Unpacking libboost-random1.83-dev:amd64 (1.83.0-2.1ubuntu3.1) ...
Selecting previously unselected package libboost-random-dev:amd64.
Preparing to unpack .../168-libboost-random-dev_1.83.0.1ubuntu2_amd64.deb ...
Unpacking libboost-random-dev:amd64 (1.83.0.1ubuntu2) ...
Selecting previously unselected package libboost-regex-dev:amd64.
Preparing to unpack .../169-libboost-regex-dev_1.83.0.1ubuntu2_amd64.deb ...
Unpacking libboost-regex-dev:amd64 (1.83.0.1ubuntu2) ...
Selecting previously unselected package libboost-serialization-dev:amd64.
Preparing to unpack .../170-libboost-serialization-dev_1.83.0.1ubuntu2_amd64.deb ...
Unpacking libboost-serialization-dev:amd64 (1.83.0.1ubuntu2) ...
Selecting previously unselected package libboost-stacktrace1.83.0:amd64.
Preparing to unpack .../171-libboost-stacktrace1.83.0_1.83.0-2.1ubuntu3.1_amd64.deb ...
Unpacking libboost-stacktrace1.83.0:amd64 (1.83.0-2.1ubuntu3.1) ...
Selecting previously unselected package libboost-stacktrace1.83-dev:amd64.
Preparing to unpack .../172-libboost-stacktrace1.83-dev_1.83.0-2.1ubuntu3.1_amd64.deb ...
Unpacking libboost-stacktrace1.83-dev:amd64 (1.83.0-2.1ubuntu3.1) ...
Selecting previously unselected package libboost-stacktrace-dev:amd64.
Preparing to unpack .../173-libboost-stacktrace-dev_1.83.0.1ubuntu2_amd64.deb ...
Unpacking libboost-stacktrace-dev:amd64 (1.83.0.1ubuntu2) ...
Selecting previously unselected package libboost-system-dev:amd64.
Preparing to unpack .../174-libboost-system-dev_1.83.0.1ubuntu2_amd64.deb ...
Unpacking libboost-system-dev:amd64 (1.83.0.1ubuntu2) ...
Selecting previously unselected package libboost-test-dev:amd64.
Preparing to unpack .../175-libboost-test-dev_1.83.0.1ubuntu2_amd64.deb ...
Unpacking libboost-test-dev:amd64 (1.83.0.1ubuntu2) ...
Selecting previously unselected package libboost-thread-dev:amd64.
Preparing to unpack .../176-libboost-thread-dev_1.83.0.1ubuntu2_amd64.deb ...
Unpacking libboost-thread-dev:amd64 (1.83.0.1ubuntu2) ...
Selecting previously unselected package libboost-timer1.83.0:amd64.
Preparing to unpack .../177-libboost-timer1.83.0_1.83.0-2.1ubuntu3.1_amd64.deb ...
Unpacking libboost-timer1.83.0:amd64 (1.83.0-2.1ubuntu3.1) ...
Selecting previously unselected package libboost-timer1.83-dev:amd64.
Preparing to unpack .../178-libboost-timer1.83-dev_1.83.0-2.1ubuntu3.1_amd64.deb ...
Unpacking libboost-timer1.83-dev:amd64 (1.83.0-2.1ubuntu3.1) ...
Selecting previously unselected package libboost-timer-dev:amd64.
Preparing to unpack .../179-libboost-timer-dev_1.83.0.1ubuntu2_amd64.deb ...
Unpacking libboost-timer-dev:amd64 (1.83.0.1ubuntu2) ...
Selecting previously unselected package libboost-type-erasure1.83.0:amd64.
Preparing to unpack .../180-libboost-type-erasure1.83.0_1.83.0-2.1ubuntu3.1_amd64.deb ...
Unpacking libboost-type-erasure1.83.0:amd64 (1.83.0-2.1ubuntu3.1) ...
Selecting previously unselected package libboost-type-erasure1.83-dev:amd64.
Preparing to unpack .../181-libboost-type-erasure1.83-dev_1.83.0-2.1ubuntu3.1_amd64.deb ...
Unpacking libboost-type-erasure1.83-dev:amd64 (1.83.0-2.1ubuntu3.1) ...
Selecting previously unselected package libboost-type-erasure-dev:amd64.
Preparing to unpack .../182-libboost-type-erasure-dev_1.83.0.1ubuntu2_amd64.deb ...
Unpacking libboost-type-erasure-dev:amd64 (1.83.0.1ubuntu2) ...
Selecting previously unselected package libboost-url1.83.0:amd64.
Preparing to unpack .../183-libboost-url1.83.0_1.83.0-2.1ubuntu3.1_amd64.deb ...
Unpacking libboost-url1.83.0:amd64 (1.83.0-2.1ubuntu3.1) ...
Selecting previously unselected package libboost-url1.83-dev:amd64.
Preparing to unpack .../184-libboost-url1.83-dev_1.83.0-2.1ubuntu3.1_amd64.deb ...
Unpacking libboost-url1.83-dev:amd64 (1.83.0-2.1ubuntu3.1) ...
Selecting previously unselected package libboost-url-dev:amd64.
Preparing to unpack .../185-libboost-url-dev_1.83.0.1ubuntu2_amd64.deb ...
Unpacking libboost-url-dev:amd64 (1.83.0.1ubuntu2) ...
Selecting previously unselected package libboost-wave1.83.0:amd64.
Preparing to unpack .../186-libboost-wave1.83.0_1.83.0-2.1ubuntu3.1_amd64.deb ...
Unpacking libboost-wave1.83.0:amd64 (1.83.0-2.1ubuntu3.1) ...
Selecting previously unselected package libboost-wave1.83-dev:amd64.
Preparing to unpack .../187-libboost-wave1.83-dev_1.83.0-2.1ubuntu3.1_amd64.deb ...
Unpacking libboost-wave1.83-dev:amd64 (1.83.0-2.1ubuntu3.1) ...
Selecting previously unselected package libboost-wave-dev:amd64.
Preparing to unpack .../188-libboost-wave-dev_1.83.0.1ubuntu2_amd64.deb ...
Unpacking libboost-wave-dev:amd64 (1.83.0.1ubuntu2) ...
Selecting previously unselected package libboost-nowide1.83.0.
Preparing to unpack .../189-libboost-nowide1.83.0_1.83.0-2.1ubuntu3.1_amd64.deb ...
Unpacking libboost-nowide1.83.0 (1.83.0-2.1ubuntu3.1) ...
Selecting previously unselected package libboost-nowide1.83-dev.
Preparing to unpack .../190-libboost-nowide1.83-dev_1.83.0-2.1ubuntu3.1_amd64.deb ...
Unpacking libboost-nowide1.83-dev (1.83.0-2.1ubuntu3.1) ...
Selecting previously unselected package libboost-nowide-dev.
Preparing to unpack .../191-libboost-nowide-dev_1.83.0.1ubuntu2_amd64.deb ...
Unpacking libboost-nowide-dev (1.83.0.1ubuntu2) ...
Selecting previously unselected package libboost-all-dev.
Preparing to unpack .../192-libboost-all-dev_1.83.0.1ubuntu2_amd64.deb ...
Unpacking libboost-all-dev (1.83.0.1ubuntu2) ...
Selecting previously unselected package libcaf-openmpi-3t64:amd64.
Preparing to unpack .../193-libcaf-openmpi-3t64_2.10.2+ds-2.1build2_amd64.deb ...
Unpacking libcaf-openmpi-3t64:amd64 (2.10.2+ds-2.1build2) ...
Selecting previously unselected package libcanberra-dev:amd64.
Preparing to unpack .../194-libcanberra-dev_0.30-10ubuntu10_amd64.deb ...
Unpacking libcanberra-dev:amd64 (0.30-10ubuntu10) ...
Selecting previously unselected package libllvm15t64:amd64.
Preparing to unpack .../195-libllvm15t64_1%3a15.0.7-14build3_amd64.deb ...
Unpacking libllvm15t64:amd64 (1:15.0.7-14build3) ...
Selecting previously unselected package libclang1-15t64.
Preparing to unpack .../196-libclang1-15t64_1%3a15.0.7-14build3_amd64.deb ...
Unpacking libclang1-15t64 (1:15.0.7-14build3) ...
Selecting previously unselected package libcoarrays-dev:amd64.
Preparing to unpack .../197-libcoarrays-dev_2.10.2+ds-2.1build2_amd64.deb ...
Unpacking libcoarrays-dev:amd64 (2.10.2+ds-2.1build2) ...
Selecting previously unselected package libcoarrays-openmpi-dev:amd64.
Preparing to unpack .../198-libcoarrays-openmpi-dev_2.10.2+ds-2.1build2_amd64.deb ...
Unpacking libcoarrays-openmpi-dev:amd64 (2.10.2+ds-2.1build2) ...
Selecting previously unselected package libdeflate-dev:amd64.
Preparing to unpack .../199-libdeflate-dev_1.19-1build1.1_amd64.deb ...
Unpacking libdeflate-dev:amd64 (1.19-1build1.1) ...
Selecting previously unselected package xorg-sgml-doctools.
Preparing to unpack .../200-xorg-sgml-doctools_1%3a1.11-1.1_all.deb ...
Unpacking xorg-sgml-doctools (1:1.11-1.1) ...
Selecting previously unselected package x11proto-dev.
Preparing to unpack .../201-x11proto-dev_2023.2-1_all.deb ...
Unpacking x11proto-dev (2023.2-1) ...
Selecting previously unselected package libxau-dev:amd64.
Preparing to unpack .../202-libxau-dev_1%3a1.0.9-1build6_amd64.deb ...
Unpacking libxau-dev:amd64 (1:1.0.9-1build6) ...
Selecting previously unselected package libxdmcp-dev:amd64.
Preparing to unpack .../203-libxdmcp-dev_1%3a1.1.3-0ubuntu6_amd64.deb ...
Unpacking libxdmcp-dev:amd64 (1:1.1.3-0ubuntu6) ...
Selecting previously unselected package xtrans-dev.
Preparing to unpack .../204-xtrans-dev_1.4.0-1_all.deb ...
Unpacking xtrans-dev (1.4.0-1) ...
Selecting previously unselected package libpthread-stubs0-dev:amd64.
Preparing to unpack .../205-libpthread-stubs0-dev_0.4-1build3_amd64.deb ...
Unpacking libpthread-stubs0-dev:amd64 (0.4-1build3) ...
Selecting previously unselected package libxcb1-dev:amd64.
Preparing to unpack .../206-libxcb1-dev_1.15-1ubuntu2_amd64.deb ...
Unpacking libxcb1-dev:amd64 (1.15-1ubuntu2) ...
Selecting previously unselected package libx11-dev:amd64.
Preparing to unpack .../207-libx11-dev_2%3a1.8.7-1build1_amd64.deb ...
Unpacking libx11-dev:amd64 (2:1.8.7-1build1) ...
Selecting previously unselected package libglx-dev:amd64.
Preparing to unpack .../208-libglx-dev_1.7.0-1build1_amd64.deb ...
Unpacking libglx-dev:amd64 (1.7.0-1build1) ...
Selecting previously unselected package libgl-dev:amd64.
Preparing to unpack .../209-libgl-dev_1.7.0-1build1_amd64.deb ...
Unpacking libgl-dev:amd64 (1.7.0-1build1) ...
Selecting previously unselected package libegl-dev:amd64.
Preparing to unpack .../210-libegl-dev_1.7.0-1build1_amd64.deb ...
Unpacking libegl-dev:amd64 (1.7.0-1build1) ...
Selecting previously unselected package libexiv2-27:amd64.
Preparing to unpack .../211-libexiv2-27_0.27.6-1build1_amd64.deb ...
Unpacking libexiv2-27:amd64 (0.27.6-1build1) ...
Selecting previously unselected package libexiv2-dev:amd64.
Preparing to unpack .../212-libexiv2-dev_0.27.6-1build1_amd64.deb ...
Unpacking libexiv2-dev:amd64 (0.27.6-1build1) ...
Selecting previously unselected package libopengl0:amd64.
Preparing to unpack .../213-libopengl0_1.7.0-1build1_amd64.deb ...
Unpacking libopengl0:amd64 (1.7.0-1build1) ...
Selecting previously unselected package libglu1-mesa:amd64.
Preparing to unpack .../214-libglu1-mesa_9.0.2-1.1build1_amd64.deb ...
Unpacking libglu1-mesa:amd64 (9.0.2-1.1build1) ...
Selecting previously unselected package libopengl-dev:amd64.
Preparing to unpack .../215-libopengl-dev_1.7.0-1build1_amd64.deb ...
Unpacking libopengl-dev:amd64 (1.7.0-1build1) ...
Selecting previously unselected package libglu1-mesa-dev:amd64.
Preparing to unpack .../216-libglu1-mesa-dev_9.0.2-1.1build1_amd64.deb ...
Unpacking libglu1-mesa-dev:amd64 (9.0.2-1.1build1) ...
Selecting previously unselected package libjpeg-turbo8-dev:amd64.
Preparing to unpack .../217-libjpeg-turbo8-dev_2.1.5-2ubuntu2_amd64.deb ...
Unpacking libjpeg-turbo8-dev:amd64 (2.1.5-2ubuntu2) ...
Selecting previously unselected package libjpeg8-dev:amd64.
Preparing to unpack .../218-libjpeg8-dev_8c-2ubuntu11_amd64.deb ...
Unpacking libjpeg8-dev:amd64 (8c-2ubuntu11) ...
Selecting previously unselected package libjpeg-dev:amd64.
Preparing to unpack .../219-libjpeg-dev_8c-2ubuntu11_amd64.deb ...
Unpacking libjpeg-dev:amd64 (8c-2ubuntu11) ...
Selecting previously unselected package liblerc-dev:amd64.
Preparing to unpack .../220-liblerc-dev_4.0.0+ds-4ubuntu2_amd64.deb ...
Unpacking liblerc-dev:amd64 (4.0.0+ds-4ubuntu2) ...
Selecting previously unselected package libmupdf-dev.
Preparing to unpack .../221-libmupdf-dev_1.23.10+ds1-1build3_amd64.deb ...
Unpacking libmupdf-dev (1.23.10+ds1-1build3) ...
Selecting previously unselected package libnss-mdns:amd64.
Preparing to unpack .../222-libnss-mdns_0.15.1-4build1_amd64.deb ...
Unpacking libnss-mdns:amd64 (0.15.1-4build1) ...
Selecting previously unselected package libpcsclite1:amd64.
Preparing to unpack .../223-libpcsclite1_2.0.3-1build1_amd64.deb ...
Unpacking libpcsclite1:amd64 (2.0.3-1build1) ...
Selecting previously unselected package libpng-dev:amd64.
Preparing to unpack .../224-libpng-dev_1.6.43-5build1_amd64.deb ...
Unpacking libpng-dev:amd64 (1.6.43-5build1) ...
Selecting previously unselected package libpng-tools.
Preparing to unpack .../225-libpng-tools_1.6.43-5build1_amd64.deb ...
Unpacking libpng-tools (1.6.43-5build1) ...
Selecting previously unselected package libqt5concurrent5t64:amd64.
Preparing to unpack .../226-libqt5concurrent5t64_5.15.13+dfsg-1ubuntu1_amd64.deb ...
Unpacking libqt5concurrent5t64:amd64 (5.15.13+dfsg-1ubuntu1) ...
Selecting previously unselected package libqt5xml5t64:amd64.
Preparing to unpack .../227-libqt5xml5t64_5.15.13+dfsg-1ubuntu1_amd64.deb ...
Unpacking libqt5xml5t64:amd64 (5.15.13+dfsg-1ubuntu1) ...
Selecting previously unselected package libqt5designer5:amd64.
Preparing to unpack .../228-libqt5designer5_5.15.13-1_amd64.deb ...
Unpacking libqt5designer5:amd64 (5.15.13-1) ...
Selecting previously unselected package libqt5designercomponents5:amd64.
Preparing to unpack .../229-libqt5designercomponents5_5.15.13-1_amd64.deb ...
Unpacking libqt5designercomponents5:amd64 (5.15.13-1) ...
Selecting previously unselected package libqt5sql5t64:amd64.
Preparing to unpack .../230-libqt5sql5t64_5.15.13+dfsg-1ubuntu1_amd64.deb ...
Unpacking libqt5sql5t64:amd64 (5.15.13+dfsg-1ubuntu1) ...
Selecting previously unselected package libqt5help5:amd64.
Preparing to unpack .../231-libqt5help5_5.15.13-1_amd64.deb ...
Unpacking libqt5help5:amd64 (5.15.13-1) ...
Selecting previously unselected package libqt5opengl5t64:amd64.
Preparing to unpack .../232-libqt5opengl5t64_5.15.13+dfsg-1ubuntu1_amd64.deb ...
Unpacking libqt5opengl5t64:amd64 (5.15.13+dfsg-1ubuntu1) ...
Selecting previously unselected package libqt5test5t64:amd64.
Preparing to unpack .../233-libqt5test5t64_5.15.13+dfsg-1ubuntu1_amd64.deb ...
Unpacking libqt5test5t64:amd64 (5.15.13+dfsg-1ubuntu1) ...
Selecting previously unselected package libvulkan-dev:amd64.
Preparing to unpack .../234-libvulkan-dev_1.3.275.0-1build1_amd64.deb ...
Unpacking libvulkan-dev:amd64 (1.3.275.0-1build1) ...
Selecting previously unselected package libxext-dev:amd64.
Preparing to unpack .../235-libxext-dev_2%3a1.3.4-1build2_amd64.deb ...
Unpacking libxext-dev:amd64 (2:1.3.4-1build2) ...
Selecting previously unselected package qt5-qmake-bin.
Preparing to unpack .../236-qt5-qmake-bin_5.15.13+dfsg-1ubuntu1_amd64.deb ...
Unpacking qt5-qmake-bin (5.15.13+dfsg-1ubuntu1) ...
Selecting previously unselected package qtchooser.
Preparing to unpack .../237-qtchooser_66-2build2_amd64.deb ...
Unpacking qtchooser (66-2build2) ...
Selecting previously unselected package qt5-qmake:amd64.
Preparing to unpack .../238-qt5-qmake_5.15.13+dfsg-1ubuntu1_amd64.deb ...
Unpacking qt5-qmake:amd64 (5.15.13+dfsg-1ubuntu1) ...
Selecting previously unselected package qtbase5-dev-tools.
Preparing to unpack .../239-qtbase5-dev-tools_5.15.13+dfsg-1ubuntu1_amd64.deb ...
Unpacking qtbase5-dev-tools (5.15.13+dfsg-1ubuntu1) ...
Selecting previously unselected package qtbase5-dev:amd64.
Preparing to unpack .../240-qtbase5-dev_5.15.13+dfsg-1ubuntu1_amd64.deb ...
Unpacking qtbase5-dev:amd64 (5.15.13+dfsg-1ubuntu1) ...
Selecting previously unselected package libqt5opengl5-dev:amd64.
Preparing to unpack .../241-libqt5opengl5-dev_5.15.13+dfsg-1ubuntu1_amd64.deb ...
Unpacking libqt5opengl5-dev:amd64 (5.15.13+dfsg-1ubuntu1) ...
Selecting previously unselected package libqt5quickwidgets5:amd64.
Preparing to unpack .../242-libqt5quickwidgets5_5.15.13+dfsg-1ubuntu0.1_amd64.deb ...
Unpacking libqt5quickwidgets5:amd64 (5.15.13+dfsg-1ubuntu0.1) ...
Selecting previously unselected package libqt5sql5-sqlite:amd64.
Preparing to unpack .../243-libqt5sql5-sqlite_5.15.13+dfsg-1ubuntu1_amd64.deb ...
Unpacking libqt5sql5-sqlite:amd64 (5.15.13+dfsg-1ubuntu1) ...
Selecting previously unselected package libqt5svg5:amd64.
Preparing to unpack .../244-libqt5svg5_5.15.13-1_amd64.deb ...
Unpacking libqt5svg5:amd64 (5.15.13-1) ...
Selecting previously unselected package libqt5svg5-dev:amd64.
Preparing to unpack .../245-libqt5svg5-dev_5.15.13-1_amd64.deb ...
Unpacking libqt5svg5-dev:amd64 (5.15.13-1) ...
Selecting previously unselected package libqt5waylandclient5:amd64.
Preparing to unpack .../246-libqt5waylandclient5_5.15.13-1_amd64.deb ...
Unpacking libqt5waylandclient5:amd64 (5.15.13-1) ...
Selecting previously unselected package libqt5waylandcompositor5:amd64.
Preparing to unpack .../247-libqt5waylandcompositor5_5.15.13-1_amd64.deb ...
Unpacking libqt5waylandcompositor5:amd64 (5.15.13-1) ...
Selecting previously unselected package libsharpyuv-dev:amd64.
Preparing to unpack .../248-libsharpyuv-dev_1.3.2-0.4build3_amd64.deb ...
Unpacking libsharpyuv-dev:amd64 (1.3.2-0.4build3) ...
Selecting previously unselected package libjbig-dev:amd64.
Preparing to unpack .../249-libjbig-dev_2.1-6.1ubuntu2_amd64.deb ...
Unpacking libjbig-dev:amd64 (2.1-6.1ubuntu2) ...
Selecting previously unselected package liblzma-dev:amd64.
Preparing to unpack .../250-liblzma-dev_5.6.1+really5.4.5-1ubuntu0.2_amd64.deb ...
Unpacking liblzma-dev:amd64 (5.6.1+really5.4.5-1ubuntu0.2) ...
Selecting previously unselected package libwebpdecoder3:amd64.
Preparing to unpack .../251-libwebpdecoder3_1.3.2-0.4build3_amd64.deb ...
Unpacking libwebpdecoder3:amd64 (1.3.2-0.4build3) ...
Selecting previously unselected package libwebp-dev:amd64.
Preparing to unpack .../252-libwebp-dev_1.3.2-0.4build3_amd64.deb ...
Unpacking libwebp-dev:amd64 (1.3.2-0.4build3) ...
Selecting previously unselected package libtiffxx6:amd64.
Preparing to unpack .../253-libtiffxx6_4.5.1+git230720-4ubuntu2.4_amd64.deb ...
Unpacking libtiffxx6:amd64 (4.5.1+git230720-4ubuntu2.4) ...
Selecting previously unselected package libtiff-dev:amd64.
Preparing to unpack .../254-libtiff-dev_4.5.1+git230720-4ubuntu2.4_amd64.deb ...
Unpacking libtiff-dev:amd64 (4.5.1+git230720-4ubuntu2.4) ...
Selecting previously unselected package libtiff5-dev:amd64.
Preparing to unpack .../255-libtiff5-dev_4.5.1+git230720-4ubuntu2.4_amd64.deb ...
Unpacking libtiff5-dev:amd64 (4.5.1+git230720-4ubuntu2.4) ...
Selecting previously unselected package qdoc-qt5.
Preparing to unpack .../256-qdoc-qt5_5.15.13-1_amd64.deb ...
Unpacking qdoc-qt5 (5.15.13-1) ...
Selecting previously unselected package qhelpgenerator-qt5.
Preparing to unpack .../257-qhelpgenerator-qt5_5.15.13-1_amd64.deb ...
Unpacking qhelpgenerator-qt5 (5.15.13-1) ...
Selecting previously unselected package qt5-assistant.
Preparing to unpack .../258-qt5-assistant_5.15.13-1_amd64.deb ...
Unpacking qt5-assistant (5.15.13-1) ...
Selecting previously unselected package qt5-gtk-platformtheme:amd64.
Preparing to unpack .../259-qt5-gtk-platformtheme_5.15.13+dfsg-1ubuntu1_amd64.deb ...
Unpacking qt5-gtk-platformtheme:amd64 (5.15.13+dfsg-1ubuntu1) ...
Selecting previously unselected package qtattributionsscanner-qt5.
Preparing to unpack .../260-qtattributionsscanner-qt5_5.15.13-1_amd64.deb ...
Unpacking qtattributionsscanner-qt5 (5.15.13-1) ...
Selecting previously unselected package qttools5-dev-tools.
Preparing to unpack .../261-qttools5-dev-tools_5.15.13-1_amd64.deb ...
Unpacking qttools5-dev-tools (5.15.13-1) ...
Selecting previously unselected package qttools5-dev:amd64.
Preparing to unpack .../262-qttools5-dev_5.15.13-1_amd64.deb ...
Unpacking qttools5-dev:amd64 (5.15.13-1) ...
Selecting previously unselected package qttranslations5-l10n.
Preparing to unpack .../263-qttranslations5-l10n_5.15.13-1_all.deb ...
Unpacking qttranslations5-l10n (5.15.13-1) ...
Selecting previously unselected package qtwayland5:amd64.
Preparing to unpack .../264-qtwayland5_5.15.13-1_amd64.deb ...
Unpacking qtwayland5:amd64 (5.15.13-1) ...
Selecting previously unselected package wpasupplicant.
Preparing to unpack .../265-wpasupplicant_2%3a2.10-21ubuntu0.3_amd64.deb ...
Unpacking wpasupplicant (2:2.10-21ubuntu0.3) ...
Selecting previously unselected package libopenjp2-7-dev:amd64.
Preparing to unpack .../266-libopenjp2-7-dev_2.5.0-2ubuntu0.4_amd64.deb ...
Unpacking libopenjp2-7-dev:amd64 (2.5.0-2ubuntu0.4) ...
Setting up libboost-python1.83.0 (1.83.0-2.1ubuntu3.1) ...
Setting up libboost-program-options1.83.0:amd64 (1.83.0-2.1ubuntu3.1) ...
Setting up libcdparanoia0:amd64 (3.10.2+debian-14build3) ...
Setting up session-migration (0.3.9build1) ...
Created symlink /etc/systemd/user/graphical-session-pre.target.wants/session-migration.service  /usr/lib/systemd/user/session-migration.service.

Setting up iio-sensor-proxy (3.5-1build2) ...
iio-sensor-proxy.service is a disabled or a static unit, not starting it.
Setting up libjpeg-turbo8-dev:amd64 (2.1.5-2ubuntu2) ...
Setting up libdouble-conversion3:amd64 (3.3.0-1build1) ...
Setting up libboost-stacktrace1.83.0:amd64 (1.83.0-2.1ubuntu3.1) ...
Setting up libboost1.83-dev:amd64 (1.83.0-2.1ubuntu3.1) ...
Setting up libproxy1v5:amd64 (0.5.4-4build1) ...
Setting up libvulkan-dev:amd64 (1.3.275.0-1build1) ...
Setting up libboost-nowide1.83.0 (1.83.0-2.1ubuntu3.1) ...
Setting up libllvm15t64:amd64 (1:15.0.7-14build3) ...
Setting up libboost-date-time1.83.0:amd64 (1.83.0-2.1ubuntu3.1) ...
Setting up libxcb-xinput0:amd64 (1.15-1ubuntu2) ...
Setting up libwoff1:amd64 (1.0.2-2build1) ...
Setting up libhyphen0:amd64 (2.8.8-7build3) ...
Setting up libboost-json1.83.0:amd64 (1.83.0-2.1ubuntu3.1) ...
Setting up libpng-tools (1.6.43-5build1) ...
Setting up libboost-timer1.83.0:amd64 (1.83.0-2.1ubuntu3.1) ...
Setting up libvisual-0.4-0:amd64 (0.4.2-2build1) ...
Setting up libcoarrays-dev:amd64 (2.10.2+ds-2.1build2) ...
Setting up libboost-regex1.83.0:amd64 (1.83.0-2.1ubuntu3.1) ...
Setting up libevent-openssl-2.1-7t64:amd64 (2.1.12-stable-9ubuntu2) ...
Setting up libboost-system1.83.0:amd64 (1.83.0-2.1ubuntu3.1) ...
Setting up libpng-dev:amd64 (1.6.43-5build1) ...
Setting up libboost-context1.83.0:amd64 (1.83.0-2.1ubuntu3.1) ...
Setting up libxcb-keysyms1:amd64 (0.4.0-1build4) ...
Setting up libboost-program-options1.83-dev:amd64 (1.83.0-2.1ubuntu3.1) ...
Setting up libboost-random1.83.0:amd64 (1.83.0-2.1ubuntu3.1) ...
Setting up libxcb-shape0:amd64 (1.15-1ubuntu2) ...
Setting up libjbig-dev:amd64 (2.1-6.1ubuntu2) ...
Setting up libwebpdecoder3:amd64 (1.3.2-0.4build3) ...
Setting up libboost-thread1.83.0:amd64 (1.83.0-2.1ubuntu3.1) ...
Setting up libevent-2.1-7t64:amd64 (2.1.12-stable-9ubuntu2) ...
Setting up libxcb-render-util0:amd64 (0.3.9-1build4) ...
Setting up libxcb-icccm4:amd64 (0.4.1-1.1build3) ...
Setting up libsoup-3.0-common (3.4.4-5ubuntu0.5) ...
Setting up libboost-filesystem1.83.0:amd64 (1.83.0-2.1ubuntu3.1) ...
Setting up libpthread-stubs0-dev:amd64 (0.4-1build3) ...
Setting up libboost-url1.83.0:amd64 (1.83.0-2.1ubuntu3.1) ...
Setting up libopengl0:amd64 (1.7.0-1build1) ...
Setting up libxcb-util1:amd64 (0.4.0-1build3) ...
Setting up liborc-0.4-0t64:amd64 (1:0.4.38-1ubuntu0.1) ...
Setting up libxcb-xkb1:amd64 (1.15-1ubuntu2) ...
Setting up libxcb-image0:amd64 (0.4.0-2build1) ...
Setting up libnuma-dev:amd64 (2.0.18-1build1) ...
Setting up libxnvctrl0:amd64 (510.47.03-0ubuntu4) ...
Setting up libboost-atomic1.83.0:amd64 (1.83.0-2.1ubuntu3.1) ...
Setting up libexiv2-27:amd64 (0.27.6-1build1) ...
Setting up libboost-serialization1.83.0:amd64 (1.83.0-2.1ubuntu3.1) ...
Setting up libltdl-dev:amd64 (2.4.7-7build1) ...
Setting up xtrans-dev (1.4.0-1) ...
Setting up libqt5core5t64:amd64 (5.15.13+dfsg-1ubuntu1) ...
Setting up libboost-numpy1.83.0 (1.83.0-2.1ubuntu3.1) ...
Setting up libegl-mesa0:amd64 (25.0.7-0ubuntu0.24.04.2) ...
Setting up libxcb-xinerama0:amd64 (1.15-1ubuntu2) ...
Setting up libjs-jquery-ui (1.13.2+dfsg-1) ...
Setting up libmunge2:amd64 (0.5.15-4build1) ...
Setting up qttranslations5-l10n (5.15.13-1) ...
Setting up qt5-qmake-bin (5.15.13+dfsg-1ubuntu1) ...
Setting up libboost-program-options-dev:amd64 (1.83.0.1ubuntu2) ...
Setting up libopenjp2-7-dev:amd64 (2.5.0-2ubuntu0.4) ...
Setting up libboost-chrono1.83.0t64:amd64 (1.83.0-2.1ubuntu3.1) ...
Setting up libboost-iostreams1.83.0:amd64 (1.83.0-2.1ubuntu3.1) ...
Setting up libnotify4:amd64 (0.8.3-1build2) ...
Setting up libopus0:amd64 (1.4-1build1) ...
Setting up libboost-python1.83-dev (1.83.0-2.1ubuntu3.1) ...
Setting up libxkbcommon-x11-0:amd64 (1.6.0-1build1) ...
Setting up libboost-nowide1.83-dev (1.83.0-2.1ubuntu3.1) ...
Setting up libhwloc15:amd64 (2.10.0-1build1) ...
Setting up libboost-stacktrace1.83-dev:amd64 (1.83.0-2.1ubuntu3.1) ...
Setting up libboost-numpy1.83-dev (1.83.0-2.1ubuntu3.1) ...
Setting up libboost-regex1.83-dev:amd64 (1.83.0-2.1ubuntu3.1) ...
Setting up libpcsclite1:amd64 (2.0.3-1build1) ...
Setting up libclang1-15t64 (1:15.0.7-14build3) ...
Setting up liblerc-dev:amd64 (4.0.0+ds-4ubuntu2) ...
Setting up libboost-test1.83.0:amd64 (1.83.0-2.1ubuntu3.1) ...
Setting up libboost-fiber1.83.0:amd64 (1.83.0-2.1ubuntu3.1) ...
Setting up libboost-atomic1.83-dev:amd64 (1.83.0-2.1ubuntu3.1) ...
Setting up libevent-extra-2.1-7t64:amd64 (2.1.12-stable-9ubuntu2) ...
Setting up liblzma-dev:amd64 (5.6.1+really5.4.5-1ubuntu0.2) ...
Setting up libboost-atomic-dev:amd64 (1.83.0.1ubuntu2) ...
Setting up libnl-3-dev:amd64 (3.7.0-0.3build1.1) ...
Setting up libmtdev1t64:amd64 (1.1.6-1.1build1) ...
Setting up ocl-icd-libopencl1:amd64 (2.3.2-1build1) ...
Setting up libboost-exception1.83-dev:amd64 (1.83.0-2.1ubuntu3.1) ...
Setting up libboost-stacktrace-dev:amd64 (1.83.0.1ubuntu2) ...
Setting up libtheora0:amd64 (1.1.1+dfsg.1-16.1build3) ...
Setting up libegl1:amd64 (1.7.0-1build1) ...
Setting up libboost-graph1.83.0:amd64 (1.83.0-2.1ubuntu3.1) ...
Setting up libpsm2-2 (11.2.185-2build1) ...
Setting up openmpi-common (4.1.6-7ubuntu2) ...
Setting up libqt5sql5t64:amd64 (5.15.13+dfsg-1ubuntu1) ...
Setting up libmd4c0:amd64 (0.4.8-1build1) ...
Setting up libboost-container1.83.0:amd64 (1.83.0-2.1ubuntu3.1) ...
Setting up librdmacm1t64:amd64 (50.0-2ubuntu0.2) ...
Setting up xorg-sgml-doctools (1:1.11-1.1) ...
Setting up libavahi-glib1:amd64 (0.8-13ubuntu6) ...
Setting up libboost-type-erasure1.83.0:amd64 (1.83.0-2.1ubuntu3.1) ...
Setting up libhwloc-dev:amd64 (2.10.0-1build1) ...
Setting up libboost-dev:amd64 (1.83.0.1ubuntu2) ...
Setting up libglu1-mesa:amd64 (9.0.2-1.1build1) ...
Setting up libamd-comgr2:amd64 (6.0+git20231212.4510c28+dfsg-3build2) ...
Setting up libboost-system1.83-dev:amd64 (1.83.0-2.1ubuntu3.1) ...
Setting up libpsm-infinipath1 (3.3+20.604758e7-6.3build1) ...
update-alternatives: using /usr/lib/libpsm1/libpsm_infinipath.so.1.16 to provide /usr/lib/x86_64-linux-gnu/libpsm_infinipath.so.1 (libpsm_infinipath.so.1) in auto mode
Setting up libboost-math1.83.0:amd64 (1.83.0-2.1ubuntu3.1) ...
Setting up libopengl-dev:amd64 (1.7.0-1build1) ...
Setting up glib-networking-common (2.80.0-1build1) ...
Setting up libjpeg8-dev:amd64 (8c-2ubuntu11) ...
Setting up libmupdf-dev (1.23.10+ds1-1build3) ...
Setting up libsharpyuv-dev:amd64 (1.3.2-0.4build3) ...
Setting up libdaemon0:amd64 (0.14-7.1ubuntu4) ...
Setting up libavahi-core7:amd64 (0.8-13ubuntu6) ...
Setting up libnss-mdns:amd64 (0.15.1-4build1) ...
Setting up libtiffxx6:amd64 (4.5.1+git230720-4ubuntu2.4) ...
Setting up libboost-regex-dev:amd64 (1.83.0.1ubuntu2) ...
Setting up libdeflate-dev:amd64 (1.19-1build1.1) ...
Setting up libboost1.83-tools-dev (1.83.0-2.1ubuntu3.1) ...
Setting up libhsakmt1:amd64 (5.7.0-1build1) ...
Setting up qtchooser (66-2build2) ...
Setting up libvorbisenc2:amd64 (1.3.7-1build3) ...
Setting up libcanberra-dev:amd64 (0.30-10ubuntu10) ...
Setting up libwacom-common (2.10.0-2) ...
Setting up gsettings-desktop-schemas (46.1-0ubuntu1) ...
Setting up libfabric1:amd64 (1.17.0-3build2) ...
Setting up glib-networking-services (2.80.0-1build1) ...
Setting up libboost-wave1.83.0:amd64 (1.83.0-2.1ubuntu3.1) ...
Setting up libqt5dbus5t64:amd64 (5.15.13+dfsg-1ubuntu1) ...
Setting up libboost-coroutine1.83.0:amd64 (1.83.0-2.1ubuntu3.1) ...
Setting up libboost-chrono1.83-dev:amd64 (1.83.0-2.1ubuntu3.1) ...
Setting up libqt5sql5-sqlite:amd64 (5.15.13+dfsg-1ubuntu1) ...
Setting up qt5-qmake:amd64 (5.15.13+dfsg-1ubuntu1) ...
Setting up libboost-math1.83-dev:amd64 (1.83.0-2.1ubuntu3.1) ...
Setting up libboost-chrono-dev:amd64 (1.83.0.1ubuntu2) ...
Setting up libwacom9:amd64 (2.10.0-2) ...
Setting up libboost-log1.83.0 (1.83.0-2.1ubuntu3.1) ...
Setting up libboost-iostreams1.83-dev:amd64 (1.83.0-2.1ubuntu3.1) ...
Setting up qdoc-qt5 (5.15.13-1) ...
Setting up libqt5concurrent5t64:amd64 (5.15.13+dfsg-1ubuntu1) ...
Setting up libboost-math-dev:amd64 (1.83.0.1ubuntu2) ...
Setting up libqt5positioning5:amd64 (5.15.13+dfsg-1) ...
Setting up libboost-system-dev:amd64 (1.83.0.1ubuntu2) ...
Setting up libqt5network5t64:amd64 (5.15.13+dfsg-1ubuntu1) ...
Setting up libboost-serialization1.83-dev:amd64 (1.83.0-2.1ubuntu3.1) ...
Setting up libjpeg-dev:amd64 (8c-2ubuntu11) ...
Setting up libboost-locale1.83.0:amd64 (1.83.0-2.1ubuntu3.1) ...
Setting up libboost-test1.83-dev:amd64 (1.83.0-2.1ubuntu3.1) ...
Setting up libboost-url1.83-dev:amd64 (1.83.0-2.1ubuntu3.1) ...
Setting up libqt5xml5t64:amd64 (5.15.13+dfsg-1ubuntu1) ...
Setting up libgstreamer-plugins-base1.0-0:amd64 (1.24.2-1ubuntu0.3) ...
Setting up libboost-tools-dev (1.83.0.1ubuntu2) ...
Setting up libboost-filesystem1.83-dev:amd64 (1.83.0-2.1ubuntu3.1) ...
Setting up libboost-exception-dev:amd64 (1.83.0.1ubuntu2) ...
Setting up libboost-iostreams-dev:amd64 (1.83.0.1ubuntu2) ...
Setting up libqt5test5t64:amd64 (5.15.13+dfsg-1ubuntu1) ...
Setting up libhwloc-plugins:amd64 (2.10.0-1build1) ...
Setting up libboost-nowide-dev (1.83.0.1ubuntu2) ...
Setting up libboost-graph1.83-dev:amd64 (1.83.0-2.1ubuntu3.1) ...
Setting up libboost-python-dev (1.83.0.1ubuntu2) ...
Setting up libinput-bin (1.25.0-1ubuntu3.1) ...
Setting up libexiv2-dev:amd64 (0.27.6-1build1) ...
Setting up libboost-test-dev:amd64 (1.83.0.1ubuntu2) ...
Setting up wpasupplicant (2:2.10-21ubuntu0.3) ...
Created symlink /etc/systemd/system/dbus-fi.w1.wpa_supplicant1.service  /usr/lib/systemd/system/wpa_supplicant.service.

Created symlink /etc/systemd/system/multi-user.target.wants/wpa_supplicant.service  /usr/lib/systemd/system/wpa_supplicant.service.

Setting up libnl-route-3-dev:amd64 (3.7.0-0.3build1.1) ...
Setting up qtbase5-dev-tools (5.15.13+dfsg-1ubuntu1) ...
Setting up libwebp-dev:amd64 (1.3.2-0.4build3) ...
Setting up gstreamer1.0-plugins-base:amd64 (1.24.2-1ubuntu0.3) ...
Setting up libboost-timer1.83-dev:amd64 (1.83.0-2.1ubuntu3.1) ...
Setting up libtiff-dev:amd64 (4.5.1+git230720-4ubuntu2.4) ...
Setting up libboost-container1.83-dev:amd64 (1.83.0-2.1ubuntu3.1) ...
Setting up libqt5qml5:amd64 (5.15.13+dfsg-1ubuntu0.1) ...
Setting up libboost-date-time1.83-dev:amd64 (1.83.0-2.1ubuntu3.1) ...
Setting up libboost-numpy-dev (1.83.0.1ubuntu2) ...
Setting up qtattributionsscanner-qt5 (5.15.13-1) ...
Setting up libevent-dev (2.1.12-stable-9ubuntu2) ...
Setting up libboost-random1.83-dev:amd64 (1.83.0-2.1ubuntu3.1) ...
Setting up libqt5webchannel5:amd64 (5.15.13-1) ...
Setting up libboost-serialization-dev:amd64 (1.83.0.1ubuntu2) ...
Setting up libpmix2t64:amd64 (5.0.1-4.1build1) ...
Setting up libboost-date-time-dev:amd64 (1.83.0.1ubuntu2) ...
Setting up avahi-daemon (0.8-13ubuntu6) ...
Created symlink /etc/systemd/system/dbus-org.freedesktop.Avahi.service  /usr/lib/systemd/system/avahi-daemon.service.

Created symlink /etc/systemd/system/multi-user.target.wants/avahi-daemon.service  /usr/lib/systemd/system/avahi-daemon.service.

Created symlink /etc/systemd/system/sockets.target.wants/avahi-daemon.socket  /usr/lib/systemd/system/avahi-daemon.socket.

Setting up libhsa-runtime64-1 (5.7.1-2build1) ...
Setting up libboost-url-dev:amd64 (1.83.0.1ubuntu2) ...
Setting up libqt5sensors5:amd64 (5.15.13-1) ...
Setting up libboost-timer-dev:amd64 (1.83.0.1ubuntu2) ...
Setting up libboost-filesystem-dev:amd64 (1.83.0.1ubuntu2) ...
Setting up libpmix-dev:amd64 (5.0.1-4.1build1) ...
Setting up libboost-thread1.83-dev:amd64 (1.83.0-2.1ubuntu3.1) ...
Setting up libinput10:amd64 (1.25.0-1ubuntu3.1) ...
Setting up libboost-graph-dev:amd64 (1.83.0.1ubuntu2) ...
Setting up libqt5qmlmodels5:amd64 (5.15.13+dfsg-1ubuntu0.1) ...
Setting up libboost-json1.83-dev:amd64 (1.83.0-2.1ubuntu3.1) ...
Setting up libboost-wave1.83-dev:amd64 (1.83.0-2.1ubuntu3.1) ...
Setting up libboost-locale1.83-dev:amd64 (1.83.0-2.1ubuntu3.1) ...
Setting up libboost-type-erasure1.83-dev:amd64 (1.83.0-2.1ubuntu3.1) ...
Setting up libtiff5-dev:amd64 (4.5.1+git230720-4ubuntu2.4) ...
Setting up libboost-random-dev:amd64 (1.83.0.1ubuntu2) ...
Setting up libboost-locale-dev:amd64 (1.83.0.1ubuntu2) ...
Setting up libboost-wave-dev:amd64 (1.83.0.1ubuntu2) ...
Setting up libibverbs-dev:amd64 (50.0-2ubuntu0.2) ...
Setting up libboost-container-dev:amd64 (1.83.0.1ubuntu2) ...
Setting up libboost-type-erasure-dev:amd64 (1.83.0.1ubuntu2) ...
Setting up libboost-context1.83-dev:amd64 (1.83.0-2.1ubuntu3.1) ...
Setting up libboost-coroutine1.83-dev:amd64 (1.83.0-2.1ubuntu3.1) ...
Setting up libqt5gui5t64:amd64 (5.15.13+dfsg-1ubuntu1) ...
Setting up libamdhip64-5 (5.7.1-3) ...
Setting up libboost-fiber1.83-dev:amd64 (1.83.0-2.1ubuntu3.1) ...
Setting up libboost-coroutine-dev:amd64 (1.83.0.1ubuntu2) ...
Setting up libboost-log1.83-dev (1.83.0-2.1ubuntu3.1) ...
Setting up libboost-json-dev:amd64 (1.83.0.1ubuntu2) ...
Setting up libqt5quick5:amd64 (5.15.13+dfsg-1ubuntu0.1) ...
Setting up libboost-log-dev (1.83.0.1ubuntu2) ...
Setting up libboost-thread-dev:amd64 (1.83.0.1ubuntu2) ...
Setting up libboost-fiber-dev:amd64 (1.83.0.1ubuntu2) ...
Setting up libucx0:amd64 (1.16.0+ds-5ubuntu1) ...
Setting up libqt5widgets5t64:amd64 (5.15.13+dfsg-1ubuntu1) ...
Setting up libqt5svg5:amd64 (5.15.13-1) ...
Setting up libboost-context-dev:amd64 (1.83.0.1ubuntu2) ...
Setting up libqt5help5:amd64 (5.15.13-1) ...
Setting up qt5-gtk-platformtheme:amd64 (5.15.13+dfsg-1ubuntu1) ...
Setting up libqt5waylandclient5:amd64 (5.15.13-1) ...
Setting up libqt5quickwidgets5:amd64 (5.15.13+dfsg-1ubuntu0.1) ...
Setting up libqt5waylandcompositor5:amd64 (5.15.13-1) ...
Setting up libqt5svg5-dev:amd64 (5.15.13-1) ...
Setting up libopenmpi3t64:amd64 (4.1.6-7ubuntu2) ...
Setting up libqt5opengl5t64:amd64 (5.15.13+dfsg-1ubuntu1) ...
Setting up libboost-mpi1.83.0 (1.83.0-2.1ubuntu3.1) ...
Setting up openmpi-bin (4.1.6-7ubuntu2) ...
update-alternatives: using /usr/bin/mpirun.openmpi to provide /usr/bin/mpirun (mpirun) in auto mode
update-alternatives: using /usr/bin/mpicc.openmpi to provide /usr/bin/mpicc (mpi) in auto mode
Setting up libqt5printsupport5t64:amd64 (5.15.13+dfsg-1ubuntu1) ...
Setting up libboost-graph-parallel1.83.0 (1.83.0-2.1ubuntu3.1) ...
Setting up libqt5designer5:amd64 (5.15.13-1) ...
Setting up qtwayland5:amd64 (5.15.13-1) ...
Setting up mpi-default-bin (1.15build1) ...
Setting up qhelpgenerator-qt5 (5.15.13-1) ...
Setting up libqt5webkit5:amd64 (5.212.0~alpha4-36) ...
Setting up libqt5designercomponents5:amd64 (5.15.13-1) ...
Setting up libcaf-openmpi-3t64:amd64 (2.10.2+ds-2.1build2) ...
Setting up qt5-assistant (5.15.13-1) ...
Setting up qttools5-dev-tools (5.15.13-1) ...
Setting up libopenmpi-dev:amd64 (4.1.6-7ubuntu2) ...
update-alternatives: using /usr/lib/x86_64-linux-gnu/openmpi/include to provide /usr/include/x86_64-linux-gnu/mpi (mpi-x86_64-linux-gnu) in auto mode
Setting up libboost-graph-parallel1.83-dev (1.83.0-2.1ubuntu3.1) ...
Setting up libboost-mpi-python1.83.0 (1.83.0-2.1ubuntu3.1) ...
Setting up libcoarrays-openmpi-dev:amd64 (2.10.2+ds-2.1build2) ...
update-alternatives: using /usr/lib/x86_64-linux-gnu/open-coarrays/openmpi/bin/caf to provide /usr/bin/caf.openmpi (caf-openmpi) in auto mode
update-alternatives: using /usr/bin/caf.openmpi to provide /usr/bin/caf (caf) in auto mode
Setting up libboost-graph-parallel-dev (1.83.0.1ubuntu2) ...
Setting up mpi-default-dev (1.15build1) ...
Setting up libboost-mpi1.83-dev (1.83.0-2.1ubuntu3.1) ...
Setting up libboost-mpi-dev (1.83.0.1ubuntu2) ...
Setting up libboost-mpi-python1.83-dev (1.83.0-2.1ubuntu3.1) ...
Setting up libboost-mpi-python-dev (1.83.0.1ubuntu2) ...
Setting up libboost-all-dev (1.83.0.1ubuntu2) ...
Processing triggers for sgml-base (1.31) ...
Setting up x11proto-dev (2023.2-1) ...
Setting up libxau-dev:amd64 (1:1.0.9-1build6) ...
Processing triggers for hicolor-icon-theme (0.17-2) ...
Processing triggers for libc-bin (2.39-0ubuntu8.6) ...
Processing triggers for man-db (2.12.0-4build2) ...
Setting up libxdmcp-dev:amd64 (1:1.1.3-0ubuntu6) ...
Processing triggers for libglib2.0-0t64:amd64 (2.80.0-6ubuntu3.4) ...
Processing triggers for dbus (1.14.10-4ubuntu4.1) ...
Processing triggers for udev (255.4-1ubuntu8.10) ...
Setting up glib-networking:amd64 (2.80.0-1build1) ...
Setting up libxcb1-dev:amd64 (1.15-1ubuntu2) ...
Setting up libsoup-3.0-0:amd64 (3.4.4-5ubuntu0.5) ...
Setting up libx11-dev:amd64 (2:1.8.7-1build1) ...
Setting up geoclue-2.0 (2.7.0-3ubuntu7) ...
geoclue.service is a disabled or a static unit, not starting it.
Setting up libxext-dev:amd64 (2:1.3.4-1build2) ...
Setting up libglx-dev:amd64 (1.7.0-1build1) ...
Setting up libgl-dev:amd64 (1.7.0-1build1) ...
Setting up libegl-dev:amd64 (1.7.0-1build1) ...
Setting up libglu1-mesa-dev:amd64 (9.0.2-1.1build1) ...
Setting up qtbase5-dev:amd64 (5.15.13+dfsg-1ubuntu1) ...
Setting up libqt5opengl5-dev:amd64 (5.15.13+dfsg-1ubuntu1) ...
Setting up qttools5-dev:amd64 (5.15.13-1) ...
Processing triggers for libc-bin (2.39-0ubuntu8.6) ...

Running kernel seems to be up-to-date.

Restarting services...

Service restarts being deferred:
 systemctl restart hosted-compute-agent.service

No containers need to be restarted.

No user sessions are running outdated binaries.

No VM guests are running outdated hypervisor (qemu) binaries on this host.
CMake Deprecation Warning at CMakeLists.txt:4 (CMAKE_POLICY):
  The OLD behavior for policy CMP0071 will be removed from a future version
  of CMake.

  The cmake-policies(7) manual explains that the OLD behaviors of all
  policies are deprecated and that a policy should be set to OLD only under
  specific short-term circumstances.  Projects should be ported to the NEW
  behavior and not rely on setting a policy to OLD.


CMake Deprecation Warning at CMakeLists.txt:8 (CMAKE_POLICY):
  The OLD behavior for policy CMP0072 will be removed from a future version
  of CMake.

  The cmake-policies(7) manual explains that the OLD behaviors of all
  policies are deprecated and that a policy should be set to OLD only under
  specific short-term circumstances.  Projects should be ported to the NEW
  behavior and not rely on setting a policy to OLD.


-- The C compiler identification is GNU 13.3.0
-- The CXX compiler identification is GNU 13.3.0
-- Detecting C compiler ABI info
-- Detecting C compiler ABI info - done
-- Check for working C compiler: /usr/bin/cc - skipped
-- Detecting C compile features
-- Detecting C compile features - done
-- Detecting CXX compiler ABI info
-- Detecting CXX compiler ABI info - done
-- Check for working CXX compiler: /usr/bin/c++ - skipped
-- Detecting CXX compile features
-- Detecting CXX compile features - done
-- Found PkgConfig: /usr/bin/pkg-config (found version "1.8.1")
-- Checking for module 'libcanberra'
--   Found libcanberra, version 0.30
-- Found Canberra: /usr/lib/x86_64-linux-gnu/libcanberra.so
-- Found exiv2: /usr/lib/x86_64-linux-gnu/libexiv2.so
-- Found MuPDF: /usr/lib/libmupdf.a (found version "1.23.10")
-- Checking to see if CXX compiler accepts flag -ffunction-sections -fdata-sections -Wl,--gc-sections
-- Checking to see if CXX compiler accepts flag -ffunction-sections -fdata-sections -Wl,--gc-sections - yes
-- Checking to see if CXX compiler accepts flag -Werror=return-type
-- Checking to see if CXX compiler accepts flag -Werror=return-type - yes
-- Checking to see if CXX compiler accepts flag -fvisibility=hidden
-- Checking to see if CXX compiler accepts flag -fvisibility=hidden - yes
-- Found OpenGL: /usr/lib/x86_64-linux-gnu/libOpenGL.so
-- Found MuPDF: /usr/lib/libmupdf.a (found suitable version "1.23.10", minimum required is "1.18.0")
-- The imported target "openjpip" references the file
   "/usr/lib/x86_64-linux-gnu/libopenjpip.so.2.5.0"
but this file does not exist.  Possible reasons include:
* The file was deleted, renamed, or moved to another location.
* An install or uninstall procedure did not complete successfully.
* The installation package was faulty and contained
   "/usr/lib/x86_64-linux-gnu/openjpeg-2.1/OpenJPEGTargets.cmake"
but not all the files it references.

-- The imported target "opj_decompress" references the file
   "/usr/bin/opj_decompress"
but this file does not exist.  Possible reasons include:
* The file was deleted, renamed, or moved to another location.
* An install or uninstall procedure did not complete successfully.
* The installation package was faulty and contained
   "/usr/lib/x86_64-linux-gnu/openjpeg-2.1/OpenJPEGTargets.cmake"
but not all the files it references.

-- The imported target "opj_compress" references the file
   "/usr/bin/opj_compress"
but this file does not exist.  Possible reasons include:
* The file was deleted, renamed, or moved to another location.
* An install or uninstall procedure did not complete successfully.
* The installation package was faulty and contained
   "/usr/lib/x86_64-linux-gnu/openjpeg-2.1/OpenJPEGTargets.cmake"
but not all the files it references.

-- The imported target "opj_dump" references the file
   "/usr/bin/opj_dump"
but this file does not exist.  Possible reasons include:
* The file was deleted, renamed, or moved to another location.
* An install or uninstall procedure did not complete successfully.
* The installation package was faulty and contained
   "/usr/lib/x86_64-linux-gnu/openjpeg-2.1/OpenJPEGTargets.cmake"
but not all the files it references.

-- The imported target "opj_jpip_addxml" references the file
   "/usr/bin/opj_jpip_addxml"
but this file does not exist.  Possible reasons include:
* The file was deleted, renamed, or moved to another location.
* An install or uninstall procedure did not complete successfully.
* The installation package was faulty and contained
   "/usr/lib/x86_64-linux-gnu/openjpeg-2.1/OpenJPEGTargets.cmake"
but not all the files it references.

-- The imported target "opj_server" references the file
   "/usr/bin/opj_server"
but this file does not exist.  Possible reasons include:
* The file was deleted, renamed, or moved to another location.
* An install or uninstall procedure did not complete successfully.
* The installation package was faulty and contained
   "/usr/lib/x86_64-linux-gnu/openjpeg-2.1/OpenJPEGTargets.cmake"
but not all the files it references.

-- The imported target "opj_dec_server" references the file
   "/usr/bin/opj_dec_server"
but this file does not exist.  Possible reasons include:
* The file was deleted, renamed, or moved to another location.
* An install or uninstall procedure did not complete successfully.
* The installation package was faulty and contained
   "/usr/lib/x86_64-linux-gnu/openjpeg-2.1/OpenJPEGTargets.cmake"
but not all the files it references.

-- The imported target "opj_jpip_transcode" references the file
   "/usr/bin/opj_jpip_transcode"
but this file does not exist.  Possible reasons include:
* The file was deleted, renamed, or moved to another location.
* An install or uninstall procedure did not complete successfully.
* The installation package was faulty and contained
   "/usr/lib/x86_64-linux-gnu/openjpeg-2.1/OpenJPEGTargets.cmake"
but not all the files it references.

-- The imported target "opj_jpip_test" references the file
   "/usr/bin/opj_jpip_test"
but this file does not exist.  Possible reasons include:
* The file was deleted, renamed, or moved to another location.
* An install or uninstall procedure did not complete successfully.
* The installation package was faulty and contained
   "/usr/lib/x86_64-linux-gnu/openjpeg-2.1/OpenJPEGTargets.cmake"
but not all the files it references.

-- Found OpenMP_C: -fopenmp (found version "4.5")
-- Found OpenMP_CXX: -fopenmp (found version "4.5")
-- Found OpenMP: TRUE (found version "4.5")
-- Checking pthreads with CFLAGS="-pthread" and LIBS="-pthread" -- yes
-- Looking for stdint.h
-- Looking for stdint.h - found
-- Configuring done (7.5s)
-- Generating done (0.3s)
-- Build files have been written to: /home/runner/work/scantailor-universal/scantailor-universal/build
[  0%] Generating scantailor-universal_ru.qm
[  0%] Built target dewarping_autogen_timestamp_deps
[  0%] Built target foundation_autogen_timestamp_deps
[  0%] Built target imageproc_autogen_timestamp_deps
[  0%] Built target math_autogen_timestamp_deps
[  0%] Built target exporting_autogen_timestamp_deps
[  0%] Generating ui_ApplyToDialog.h
[  0%] Built target interaction_autogen_timestamp_deps
[  0%] Built target zones_autogen_timestamp_deps
[  0%] Built target fix_orientation_autogen_timestamp_deps
Updating '/home/runner/work/scantailor-universal/scantailor-universal/build/src/scantailor-universal_ru.qm'...
[  0%] Built target page_split_autogen_timestamp_deps
    Generated 750 translation(s) (433 finished and 317 unfinished)
    Ignored 16 untranslated source text(s)
[  0%] Built target deskew_autogen_timestamp_deps
[  0%] Built target select_content_autogen_timestamp_deps
[  0%] Generating ui_ErrorWidget.h
[  0%] Built target compile_translations
[  1%] Generating ui_PageRangeSelectorWidget.h
[  1%] Built target page_layout_autogen_timestamp_deps
[  1%] Built target core_ui_sources
[  1%] Generating ui_AboutDialog.h
[  1%] Generating ui_BatchProcessingLowerPanel.h
[  1%] Generating ui_ExportDialog.h
[  2%] Automatic MOC for target dewarping
[  2%] Generating ui_FixDpiDialog.h
[  2%] Generating ui_LoadFilesStatusDialog.h
[  2%] Generating ui_MainWindow.h
[  2%] Generating ui_NewOpenProjectPanel.h
[  2%] Automatic MOC for target foundation
[  2%] Automatic MOC for target imageproc
[  2%] Generating ui_OutOfMemoryDialog.h
[  2%] Built target dewarping_autogen
[  3%] Generating ui_ProjectFilesDialog.h
[  3%] Generating ui_RelinkingDialog.h
[  3%] Generating ui_RemovePagesDialog.h
[  3%] Built target imageproc_autogen
[  3%] Generating ui_SettingsDialog.h
[  3%] Generating ui_StartBatchProcessingDialog.h
[  3%] Automatic MOC for target math
[  4%] Generating ui_SystemLoadWidget.h
[  4%] Automatic MOC for target exporting
[  4%] Built target toplevel_ui_sources
[  4%] Built target stcore_autogen_timestamp_deps
[  4%] Built target math_autogen
[  4%] Automatic MOC for target interaction
[  5%] Automatic MOC for target zones
[  5%] Built target interaction_autogen
[  5%] Automatic MOC for target fix_orientation
[  5%] Built target foundation_autogen
[  5%] Built target exporting_autogen
[  5%] Automatic MOC for target page_split
[  5%] Automatic MOC for target deskew
[  5%] Built target zones_autogen
[  5%] Built target fix_orientation_autogen
[  5%] Automatic MOC for target page_layout
[  5%] Automatic MOC for target select_content
[  5%] Built target deskew_autogen
[  5%] Built target output_autogen_timestamp_deps
[  5%] Building CXX object src/dewarping/CMakeFiles/dewarping.dir/dewarping_autogen/mocs_compilation.cpp.o
[  5%] Built target page_split_autogen
[  5%] Building CXX object src/foundation/CMakeFiles/foundation.dir/foundation_autogen/mocs_compilation.cpp.o
[  5%] Built target select_content_autogen
[  6%] Building CXX object src/foundation/CMakeFiles/foundation.dir/AutoRemovingFile.cpp.o
[  6%] Building CXX object src/dewarping/CMakeFiles/dewarping.dir/Curve.cpp.o
[  6%] Built target page_layout_autogen
[  6%] Building CXX object src/foundation/CMakeFiles/foundation.dir/Proximity.cpp.o
[  7%] Building CXX object src/dewarping/CMakeFiles/dewarping.dir/DistortionModel.cpp.o
[  7%] Building CXX object src/imageproc/CMakeFiles/imageproc.dir/imageproc_autogen/mocs_compilation.cpp.o
[  7%] Building CXX object src/math/CMakeFiles/math.dir/math_autogen/mocs_compilation.cpp.o
[  7%] Building CXX object src/imageproc/CMakeFiles/imageproc.dir/Constants.cpp.o
[  7%] Building CXX object src/imageproc/CMakeFiles/imageproc.dir/BinaryImage.cpp.o
[  7%] Building CXX object src/math/CMakeFiles/math.dir/LinearSolver.cpp.o
[  7%] Building CXX object src/foundation/CMakeFiles/foundation.dir/PropertyFactory.cpp.o
[  8%] Building CXX object src/math/CMakeFiles/math.dir/SidesOfLine.cpp.o
[  8%] Building CXX object src/math/CMakeFiles/math.dir/ToLineProjector.cpp.o
[  8%] Building CXX object src/dewarping/CMakeFiles/dewarping.dir/DistortionModelBuilder.cpp.o
[  8%] Building CXX object src/foundation/CMakeFiles/foundation.dir/PropertySet.cpp.o
[  8%] Building CXX object src/math/CMakeFiles/math.dir/ArcLengthMapper.cpp.o
[  9%] Building CXX object src/imageproc/CMakeFiles/imageproc.dir/BinaryThreshold.cpp.o
[  9%] Building CXX object src/math/CMakeFiles/math.dir/LineIntersectionScalar.cpp.o
[  9%] Building CXX object src/foundation/CMakeFiles/foundation.dir/PerformanceTimer.cpp.o
[ 10%] Building CXX object src/math/CMakeFiles/math.dir/LineBoundedByRect.cpp.o
[ 10%] Building CXX object src/math/CMakeFiles/math.dir/PolylineIntersector.cpp.o
[ 10%] Building CXX object src/math/CMakeFiles/math.dir/LinearFunction.cpp.o
[ 11%] Building CXX object src/foundation/CMakeFiles/foundation.dir/QtSignalForwarder.cpp.o
[ 11%] Building CXX object src/math/CMakeFiles/math.dir/QuadraticFunction.cpp.o
[ 11%] Building CXX object src/imageproc/CMakeFiles/imageproc.dir/SlicedHistogram.cpp.o
[ 11%] Building CXX object src/math/CMakeFiles/math.dir/XSpline.cpp.o
[ 11%] Building CXX object src/dewarping/CMakeFiles/dewarping.dir/DetectVertContentBounds.cpp.o
[ 11%] Building CXX object src/imageproc/CMakeFiles/imageproc.dir/BitOps.cpp.o
[ 11%] Building CXX object src/imageproc/CMakeFiles/imageproc.dir/SeedFill.cpp.o
[ 11%] Building CXX object src/foundation/CMakeFiles/foundation.dir/GridLineTraverser.cpp.o
[ 11%] Linking CXX static library libfoundation.a
[ 12%] Building CXX object src/math/CMakeFiles/math.dir/spfit/FrenetFrame.cpp.o
[ 12%] Building CXX object src/math/CMakeFiles/math.dir/spfit/ConstraintSet.cpp.o
[ 12%] Building CXX object src/math/CMakeFiles/math.dir/spfit/SqDistApproximant.cpp.o
[ 12%] Building CXX object src/imageproc/CMakeFiles/imageproc.dir/ConnCompEraser.cpp.o
[ 12%] Building CXX object src/math/CMakeFiles/math.dir/spfit/PolylineModelShape.cpp.o
[ 12%] Building CXX object src/dewarping/CMakeFiles/dewarping.dir/TowardsLineTracer.cpp.o
[ 12%] Building CXX object src/dewarping/CMakeFiles/dewarping.dir/TextLineTracer.cpp.o
[ 13%] Building CXX object src/imageproc/CMakeFiles/imageproc.dir/ConnCompEraserExt.cpp.o
[ 13%] Building CXX object src/math/CMakeFiles/math.dir/spfit/LinearForceBalancer.cpp.o
[ 14%] Building CXX object src/math/CMakeFiles/math.dir/spfit/OptimizationResult.cpp.o
[ 14%] Building CXX object src/math/CMakeFiles/math.dir/spfit/Optimizer.cpp.o
[ 14%] Building CXX object src/imageproc/CMakeFiles/imageproc.dir/GrayImage.cpp.o
[ 14%] Built target foundation
[ 14%] Building CXX object src/exporting/CMakeFiles/exporting.dir/exporting_autogen/mocs_compilation.cpp.o
[ 14%] Building CXX object src/math/CMakeFiles/math.dir/spfit/SplineFitter.cpp.o
[ 14%] Building CXX object src/imageproc/CMakeFiles/imageproc.dir/Grayscale.cpp.o
[ 15%] Building CXX object src/dewarping/CMakeFiles/dewarping.dir/TextLineRefiner.cpp.o
[ 15%] Building CXX object src/math/CMakeFiles/math.dir/adiff/SparseMap.cpp.o
[ 16%] Building CXX object src/math/CMakeFiles/math.dir/adiff/Function.cpp.o
[ 16%] Linking CXX static library libmath.a
[ 16%] Built target math
[ 16%] Building CXX object src/dewarping/CMakeFiles/dewarping.dir/TopBottomEdgeTracer.cpp.o
[ 17%] Building CXX object src/exporting/CMakeFiles/exporting.dir/ImageSplitOps.cpp.o
[ 17%] Building CXX object src/imageproc/CMakeFiles/imageproc.dir/UpscaleIntegerTimes.cpp.o
[ 17%] Building CXX object src/exporting/CMakeFiles/exporting.dir/ExportThread.cpp.o
[ 18%] Building CXX object src/imageproc/CMakeFiles/imageproc.dir/ReduceThreshold.cpp.o
[ 19%] Automatic MOC for target stcore
[ 19%] Building CXX object src/imageproc/CMakeFiles/imageproc.dir/Shear.cpp.o
[ 19%] Built target stcore_autogen
[ 19%] Building CXX object src/dewarping/CMakeFiles/dewarping.dir/CylindricalSurfaceDewarper.cpp.o
[ 19%] Building CXX object src/imageproc/CMakeFiles/imageproc.dir/SkewFinder.cpp.o
[ 19%] Building CXX object src/core/interaction/CMakeFiles/interaction.dir/interaction_autogen/mocs_compilation.cpp.o
[ 19%] Linking CXX static library libexporting.a
[ 19%] Building CXX object src/core/interaction/CMakeFiles/interaction.dir/DraggablePoint.cpp.o
[ 19%] Built target exporting
[ 19%] Building CXX object src/dewarping/CMakeFiles/dewarping.dir/DewarpingPointMapper.cpp.o
[ 19%] Building CXX object src/imageproc/CMakeFiles/imageproc.dir/OrthogonalRotation.cpp.o
[ 20%] Building CXX object src/core/interaction/CMakeFiles/interaction.dir/DraggableLineSegment.cpp.o
[ 20%] Building CXX object src/imageproc/CMakeFiles/imageproc.dir/Scale.cpp.o
[ 21%] Building CXX object src/dewarping/CMakeFiles/dewarping.dir/RasterDewarper.cpp.o
[ 21%] Building CXX object src/core/zones/CMakeFiles/zones.dir/zones_autogen/mocs_compilation.cpp.o
[ 22%] Building CXX object src/imageproc/CMakeFiles/imageproc.dir/Transform.cpp.o
[ 22%] Building CXX object src/core/interaction/CMakeFiles/interaction.dir/DraggablePolygon.cpp.o
[ 22%] Linking CXX static library libdewarping.a
[ 22%] Built target dewarping
[ 22%] Building CXX object src/core/interaction/CMakeFiles/interaction.dir/ObjectDragHandler.cpp.o
[ 22%] Building CXX object src/imageproc/CMakeFiles/imageproc.dir/Morphology.cpp.o
[ 22%] Building CXX object src/core/zones/CMakeFiles/zones.dir/LocalClipboard.cpp.o
[ 23%] Generating ui_OrientationOptionsWidget.h
[ 23%] Building CXX object src/core/filters/fix_orientation/CMakeFiles/fix_orientation.dir/fix_orientation_autogen/mocs_compilation.cpp.o
[ 23%] Building CXX object src/core/interaction/CMakeFiles/interaction.dir/InteractionHandler.cpp.o
[ 23%] Building CXX object src/imageproc/CMakeFiles/imageproc.dir/Binarize.cpp.o
[ 23%] Building CXX object src/core/filters/fix_orientation/CMakeFiles/fix_orientation.dir/ImageView.cpp.o
[ 23%] Building CXX object src/core/interaction/CMakeFiles/interaction.dir/InteractionState.cpp.o
[ 24%] Building CXX object src/core/zones/CMakeFiles/zones.dir/SplineVertex.cpp.o
[ 24%] Building CXX object src/core/zones/CMakeFiles/zones.dir/SplineSegment.cpp.o
[ 24%] Building CXX object src/imageproc/CMakeFiles/imageproc.dir/PolygonUtils.cpp.o
[ 24%] Building CXX object src/core/zones/CMakeFiles/zones.dir/EditableSpline.cpp.o
[ 25%] Building CXX object src/core/interaction/CMakeFiles/interaction.dir/DragHandler.cpp.o
[ 26%] Building CXX object src/imageproc/CMakeFiles/imageproc.dir/PolygonRasterizer.cpp.o
[ 26%] Building CXX object src/core/filters/fix_orientation/CMakeFiles/fix_orientation.dir/Filter.cpp.o
[ 26%] Building CXX object src/core/zones/CMakeFiles/zones.dir/SerializableSpline.cpp.o
[ 26%] Building CXX object src/core/interaction/CMakeFiles/interaction.dir/DragWatcher.cpp.o
[ 26%] Building CXX object src/imageproc/CMakeFiles/imageproc.dir/HoughLineDetector.cpp.o
[ 26%] Building CXX object src/core/zones/CMakeFiles/zones.dir/EditableEllipse.cpp.o
[ 26%] Building CXX object src/imageproc/CMakeFiles/imageproc.dir/GaussBlur.cpp.o
[ 26%] Building CXX object src/core/interaction/CMakeFiles/interaction.dir/ZoomHandler.cpp.o
[ 27%] Building CXX object src/core/filters/fix_orientation/CMakeFiles/fix_orientation.dir/OptionsWidget.cpp.o
[ 28%] Building CXX object src/core/zones/CMakeFiles/zones.dir/SerializableEllipse.cpp.o
[ 28%] Building CXX object src/imageproc/CMakeFiles/imageproc.dir/MorphGradientDetect.cpp.o
[ 28%] Building CXX object src/core/filters/fix_orientation/CMakeFiles/fix_orientation.dir/Settings.cpp.o
[ 28%] Building CXX object src/core/zones/CMakeFiles/zones.dir/Zone.cpp.o
[ 28%] Building CXX object src/core/interaction/CMakeFiles/interaction.dir/InteractiveXSpline.cpp.o
[ 28%] Building CXX object src/imageproc/CMakeFiles/imageproc.dir/PolynomialLine.cpp.o
In file included from /usr/include/boost/smart_ptr/detail/requires_cxx11.hpp:9,
                 from /usr/include/boost/smart_ptr/scoped_array.hpp:13,
                 from /usr/include/boost/scoped_array.hpp:13,
                 from /home/runner/work/scantailor-universal/scantailor-universal/src/foundation/MatT.h:22,
                 from /home/runner/work/scantailor-universal/scantailor-universal/src/math/QuadraticFunction.h:22,
                 from /home/runner/work/scantailor-universal/scantailor-universal/src/math/XSpline.h:23,
                 from /home/runner/work/scantailor-universal/scantailor-universal/src/core/interaction/InteractiveXSpline.h:22,
                 from /home/runner/work/scantailor-universal/scantailor-universal/src/core/interaction/InteractiveXSpline.cpp:19:
/usr/include/boost/bind.hpp:36:1: note: #pragma message: The practice of declaring the Bind placeholders (_1, _2, ...) in the global namespace is deprecated. Please use <boost/bind/bind.hpp> + using namespace boost::placeholders, or define BOOST_BIND_GLOBAL_PLACEHOLDERS to retain the current behavior.
   36 | BOOST_PRAGMA_MESSAGE(
      | ^~~~~~~~~~~~~~~~~~~~
[ 29%] Building CXX object src/imageproc/CMakeFiles/imageproc.dir/PolynomialSurface.cpp.o
[ 29%] Building CXX object src/core/filters/fix_orientation/CMakeFiles/fix_orientation.dir/Task.cpp.o
[ 29%] Building CXX object src/core/zones/CMakeFiles/zones.dir/ZoneSet.cpp.o
[ 29%] Building CXX object src/imageproc/CMakeFiles/imageproc.dir/SavGolKernel.cpp.o
[ 30%] Linking CXX static library libinteraction.a
[ 30%] Built target interaction
[ 30%] Building CXX object src/core/zones/CMakeFiles/zones.dir/EditableZoneSet.cpp.o
[ 30%] Building CXX object src/imageproc/CMakeFiles/imageproc.dir/SavGolFilter.cpp.o
[ 30%] Building CXX object src/core/filters/fix_orientation/CMakeFiles/fix_orientation.dir/CacheDrivenTask.cpp.o
[ 30%] Building CXX object src/imageproc/CMakeFiles/imageproc.dir/DrawOver.cpp.o
[ 30%] Generating ui_PageSplitOptionsWidget.h
[ 30%] Generating ui_PageSplitModeWidget.h
[ 30%] Building CXX object src/core/filters/page_split/CMakeFiles/page_split.dir/page_split_autogen/mocs_compilation.cpp.o
[ 31%] Building CXX object src/core/zones/CMakeFiles/zones.dir/BasicSplineVisualizer.cpp.o
[ 32%] Building CXX object src/imageproc/CMakeFiles/imageproc.dir/AdjustBrightness.cpp.o
[ 33%] Building CXX object src/core/filters/fix_orientation/CMakeFiles/fix_orientation.dir/OrderByRotation.cpp.o
[ 33%] Building CXX object src/imageproc/CMakeFiles/imageproc.dir/SEDM.cpp.o
[ 33%] Linking CXX static library libfix_orientation.a
[ 33%] Built target fix_orientation
[ 33%] Building CXX object src/core/zones/CMakeFiles/zones.dir/ZoneInteractionContext.cpp.o
[ 33%] Building CXX object src/core/filters/page_split/CMakeFiles/page_split.dir/ImageView.cpp.o
In file included from /usr/include/boost/function/detail/requires_cxx11.hpp:9,
                 from /usr/include/boost/function/detail/prologue.hpp:12,
                 from /usr/include/boost/function.hpp:30,
                 from /home/runner/work/scantailor-universal/scantailor-universal/src/core/zones/SerializableEllipse.h:31,
                 from /home/runner/work/scantailor-universal/scantailor-universal/src/core/zones/EditableEllipse.h:25,
                 from /home/runner/work/scantailor-universal/scantailor-universal/src/core/zones/EditableZoneSet.h:24,
                 from /home/runner/work/scantailor-universal/scantailor-universal/src/core/zones/ZoneInteractionContext.h:24,
                 from /home/runner/work/scantailor-universal/scantailor-universal/src/core/zones/ZoneInteractionContext.cpp:19:
/usr/include/boost/bind.hpp:36:1: note: #pragma message: The practice of declaring the Bind placeholders (_1, _2, ...) in the global namespace is deprecated. Please use <boost/bind/bind.hpp> + using namespace boost::placeholders, or define BOOST_BIND_GLOBAL_PLACEHOLDERS to retain the current behavior.
   36 | BOOST_PRAGMA_MESSAGE(
      | ^~~~~~~~~~~~~~~~~~~~
[ 33%] Building CXX object src/imageproc/CMakeFiles/imageproc.dir/ConnectivityMap.cpp.o
In file included from /usr/include/boost/function/detail/requires_cxx11.hpp:9,
                 from /usr/include/boost/function/detail/prologue.hpp:12,
                 from /usr/include/boost/function.hpp:30,
                 from /home/runner/work/scantailor-universal/scantailor-universal/src/core/interaction/DragHandler.h:29,
                 from /home/runner/work/scantailor-universal/scantailor-universal/src/core/filters/page_split/ImageView.h:23,
                 from /home/runner/work/scantailor-universal/scantailor-universal/src/core/filters/page_split/ImageView.cpp:19:
/usr/include/boost/bind.hpp:36:1: note: #pragma message: The practice of declaring the Bind placeholders (_1, _2, ...) in the global namespace is deprecated. Please use <boost/bind/bind.hpp> + using namespace boost::placeholders, or define BOOST_BIND_GLOBAL_PLACEHOLDERS to retain the current behavior.
   36 | BOOST_PRAGMA_MESSAGE(
      | ^~~~~~~~~~~~~~~~~~~~
[ 33%] Generating ui_DeskewOptionsWidget.h
[ 33%] Building CXX object src/core/filters/deskew/CMakeFiles/deskew.dir/deskew_autogen/mocs_compilation.cpp.o
In file included from /home/runner/work/scantailor-universal/scantailor-universal/src/core/interaction/InteractionHandler.h:23,
                 from /home/runner/work/scantailor-universal/scantailor-universal/src/core/./ImageViewBase.h:24,
                 from /home/runner/work/scantailor-universal/scantailor-universal/src/core/filters/page_split/ImageView.h:22:
In destructor virtual RefCountable::~RefCountable(),
    inlined from void RefCountable::unref() const at /home/runner/work/scantailor-universal/scantailor-universal/src/foundation/RefCountable.h:53:20,
    inlined from void RefCountable::unref() const at /home/runner/work/scantailor-universal/scantailor-universal/src/foundation/RefCountable.h:50:10,
    inlined from void intrusive_unref(T&) [with T = ProjectPages] at /home/runner/work/scantailor-universal/scantailor-universal/src/foundation/IntrusivePtr.h:113:14,
    inlined from IntrusivePtr<T>::~IntrusivePtr() [with T = ProjectPages] at /home/runner/work/scantailor-universal/scantailor-universal/src/foundation/IntrusivePtr.h:152:24,
    inlined from page_split::ImageView::~ImageView() at /home/runner/work/scantailor-universal/scantailor-universal/src/core/filters/page_split/ImageView.cpp:81:1:
/home/runner/work/scantailor-universal/scantailor-universal/src/foundation/RefCountable.h:43:30: warning: void operator delete(void*) called on pointer ((IntrusivePtr<ProjectPages>*)this)[165].IntrusivePtr<ProjectPages>::m_pObj with nonzero offset 16 [-Wfree-nonheap-object]
   43 |     virtual ~RefCountable() {}
      |                              ^
In destructor virtual RefCountable::~RefCountable(),
    inlined from void RefCountable::unref() const at /home/runner/work/scantailor-universal/scantailor-universal/src/foundation/RefCountable.h:53:20,
    inlined from void RefCountable::unref() const at /home/runner/work/scantailor-universal/scantailor-universal/src/foundation/RefCountable.h:50:10,
    inlined from void intrusive_unref(T&) [with T = ProjectPages] at /home/runner/work/scantailor-universal/scantailor-universal/src/foundation/IntrusivePtr.h:113:14,
    inlined from IntrusivePtr<T>::~IntrusivePtr() [with T = ProjectPages] at /home/runner/work/scantailor-universal/scantailor-universal/src/foundation/IntrusivePtr.h:152:24,
    inlined from page_split::ImageView::ImageView(const QImage&, const QImage&, const ImageTransformation&, const page_split::PageLayout&, const IntrusivePtr<ProjectPages>&, const ImageId&, bool, bool) at /home/runner/work/scantailor-universal/scantailor-universal/src/core/filters/page_split/ImageView.cpp:77:1:
/home/runner/work/scantailor-universal/scantailor-universal/src/foundation/RefCountable.h:43:30: warning: void operator delete(void*) called on pointer ((IntrusivePtr<ProjectPages>*)this)[165].IntrusivePtr<ProjectPages>::m_pObj with nonzero offset 16 [-Wfree-nonheap-object]
   43 |     virtual ~RefCountable() {}
      |                              ^
[ 33%] Building CXX object src/imageproc/CMakeFiles/imageproc.dir/InfluenceMap.cpp.o
[ 33%] Building CXX object src/core/zones/CMakeFiles/zones.dir/ZoneDefaultInteraction.cpp.o
[ 33%] Building CXX object src/core/filters/page_split/CMakeFiles/page_split.dir/Thumbnail.cpp.o
[ 34%] Building CXX object src/core/filters/deskew/CMakeFiles/deskew.dir/ImageView.cpp.o
[ 34%] Building CXX object src/imageproc/CMakeFiles/imageproc.dir/MaxWhitespaceFinder.cpp.o
In file included from /usr/include/boost/function/detail/requires_cxx11.hpp:9,
                 from /usr/include/boost/function/detail/prologue.hpp:12,
                 from /usr/include/boost/function.hpp:30,
                 from /home/runner/work/scantailor-universal/scantailor-universal/src/core/interaction/DragHandler.h:29,
                 from /home/runner/work/scantailor-universal/scantailor-universal/src/core/filters/deskew/ImageView.h:24,
                 from /home/runner/work/scantailor-universal/scantailor-universal/src/core/filters/deskew/ImageView.cpp:19:
/usr/include/boost/bind.hpp:36:1: note: #pragma message: The practice of declaring the Bind placeholders (_1, _2, ...) in the global namespace is deprecated. Please use <boost/bind/bind.hpp> + using namespace boost::placeholders, or define BOOST_BIND_GLOBAL_PLACEHOLDERS to retain the current behavior.
   36 | BOOST_PRAGMA_MESSAGE(
      | ^~~~~~~~~~~~~~~~~~~~
[ 34%] Building CXX object src/core/filters/page_split/CMakeFiles/page_split.dir/Params.cpp.o
[ 35%] Building CXX object src/imageproc/CMakeFiles/imageproc.dir/RastLineFinder.cpp.o
[ 35%] Building CXX object src/core/zones/CMakeFiles/zones.dir/ZoneCreationInteraction.cpp.o
[ 36%] Building CXX object src/core/filters/page_split/CMakeFiles/page_split.dir/Dependencies.cpp.o
[ 36%] Building CXX object src/imageproc/CMakeFiles/imageproc.dir/ColorInterpolation.cpp.o
[ 36%] Building CXX object src/core/filters/deskew/CMakeFiles/deskew.dir/Thumbnail.cpp.o
[ 36%] Building CXX object src/core/filters/page_split/CMakeFiles/page_split.dir/PageLayout.cpp.o
[ 36%] Building CXX object src/imageproc/CMakeFiles/imageproc.dir/SeedFillGeneric.cpp.o
[ 36%] Linking CXX static library libimageproc.a
[ 36%] Built target imageproc
[ 36%] Building CXX object src/core/filters/deskew/CMakeFiles/deskew.dir/Filter.cpp.o
[ 36%] Building CXX object src/core/filters/deskew/CMakeFiles/deskew.dir/OptionsWidget.cpp.o
[ 36%] Building CXX object src/core/filters/page_split/CMakeFiles/page_split.dir/PageLayoutEstimator.cpp.o
[ 36%] Building CXX object src/core/zones/CMakeFiles/zones.dir/ZoneVertexDragInteraction.cpp.o
In file included from /home/runner/work/scantailor-universal/scantailor-universal/src/core/./PageSelectionProvider.h:22,
                 from /home/runner/work/scantailor-universal/scantailor-universal/src/core/./PageSelectionAccessor.h:22,
                 from /home/runner/work/scantailor-universal/scantailor-universal/src/core/filters/deskew/OptionsWidget.h:28,
                 from /home/runner/work/scantailor-universal/scantailor-universal/src/core/filters/deskew/OptionsWidget.cpp:19:
In destructor virtual RefCountable::~RefCountable(),
    inlined from void RefCountable::unref() const at /home/runner/work/scantailor-universal/scantailor-universal/src/foundation/RefCountable.h:53:20,
    inlined from void RefCountable::unref() const at /home/runner/work/scantailor-universal/scantailor-universal/src/foundation/RefCountable.h:50:10,
    inlined from void intrusive_unref(T&) [with T = const PageSelectionProvider] at /home/runner/work/scantailor-universal/scantailor-universal/src/foundation/IntrusivePtr.h:113:14,
    inlined from IntrusivePtr<T>::~IntrusivePtr() [with T = const PageSelectionProvider] at /home/runner/work/scantailor-universal/scantailor-universal/src/foundation/IntrusivePtr.h:152:24,
    inlined from virtual PageSelectionAccessor::~PageSelectionAccessor() at /home/runner/work/scantailor-universal/scantailor-universal/src/core/./PageSelectionAccessor.h:32:7,
    inlined from deskew::OptionsWidget::~OptionsWidget() at /home/runner/work/scantailor-universal/scantailor-universal/src/core/filters/deskew/OptionsWidget.cpp:59:1:
/home/runner/work/scantailor-universal/scantailor-universal/src/foundation/RefCountable.h:43:30: warning: void operator delete(void*) called on pointer ((IntrusivePtr<const PageSelectionProvider>*)this)[34].IntrusivePtr<const PageSelectionProvider>::m_pObj with nonzero offset 16 [-Wfree-nonheap-object]
   43 |     virtual ~RefCountable() {}
      |                              ^
In destructor virtual RefCountable::~RefCountable(),
    inlined from void RefCountable::unref() const at /home/runner/work/scantailor-universal/scantailor-universal/src/foundation/RefCountable.h:53:20,
    inlined from void RefCountable::unref() const at /home/runner/work/scantailor-universal/scantailor-universal/src/foundation/RefCountable.h:50:10,
    inlined from void intrusive_unref(T&) [with T = const PageSelectionProvider] at /home/runner/work/scantailor-universal/scantailor-universal/src/foundation/IntrusivePtr.h:113:14,
    inlined from IntrusivePtr<T>::~IntrusivePtr() [with T = const PageSelectionProvider] at /home/runner/work/scantailor-universal/scantailor-universal/src/foundation/IntrusivePtr.h:152:24,
    inlined from virtual PageSelectionAccessor::~PageSelectionAccessor() at /home/runner/work/scantailor-universal/scantailor-universal/src/core/./PageSelectionAccessor.h:32:7,
    inlined from deskew::OptionsWidget::OptionsWidget(const IntrusivePtr<deskew::Settings>&, const PageSelectionAccessor&) at /home/runner/work/scantailor-universal/scantailor-universal/src/core/filters/deskew/OptionsWidget.cpp:55:1:
/home/runner/work/scantailor-universal/scantailor-universal/src/foundation/RefCountable.h:43:30: warning: void operator delete(void*) called on pointer ((IntrusivePtr<const PageSelectionProvider>*)this)[34].IntrusivePtr<const PageSelectionProvider>::m_pObj with nonzero offset 16 [-Wfree-nonheap-object]
   43 |     virtual ~RefCountable() {}
      |                              ^
[ 36%] Building CXX object src/core/filters/deskew/CMakeFiles/deskew.dir/Settings.cpp.o
[ 36%] Building CXX object src/core/filters/page_split/CMakeFiles/page_split.dir/VertLineFinder.cpp.o
[ 37%] Building CXX object src/core/zones/CMakeFiles/zones.dir/ZoneEllipseVertexDragInteraction.cpp.o
[ 38%] Building CXX object src/core/filters/page_split/CMakeFiles/page_split.dir/Filter.cpp.o
[ 39%] Building CXX object src/core/filters/deskew/CMakeFiles/deskew.dir/Task.cpp.o
[ 40%] Generating ui_SelectContentOptionsWidget.h
[ 40%] Building CXX object src/core/filters/select_content/CMakeFiles/select_content.dir/select_content_autogen/mocs_compilation.cpp.o
[ 40%] Building CXX object src/core/zones/CMakeFiles/zones.dir/ZoneDragInteraction.cpp.o
[ 40%] Building CXX object src/core/filters/deskew/CMakeFiles/deskew.dir/CacheDrivenTask.cpp.o
[ 40%] Building CXX object src/core/filters/page_split/CMakeFiles/page_split.dir/OptionsWidget.cpp.o
[ 40%] Building CXX object src/core/filters/select_content/CMakeFiles/select_content.dir/ImageView.cpp.o
In file included from /usr/include/boost/function/detail/requires_cxx11.hpp:9,
                 from /usr/include/boost/function/detail/prologue.hpp:12,
                 from /usr/include/boost/function.hpp:30,
                 from /home/runner/work/scantailor-universal/scantailor-universal/src/core/interaction/DragHandler.h:29,
                 from /home/runner/work/scantailor-universal/scantailor-universal/src/core/filters/select_content/ImageView.h:23,
                 from /home/runner/work/scantailor-universal/scantailor-universal/src/core/filters/select_content/ImageView.cpp:19:
/usr/include/boost/bind.hpp:36:1: note: #pragma message: The practice of declaring the Bind placeholders (_1, _2, ...) in the global namespace is deprecated. Please use <boost/bind/bind.hpp> + using namespace boost::placeholders, or define BOOST_BIND_GLOBAL_PLACEHOLDERS to retain the current behavior.
   36 | BOOST_PRAGMA_MESSAGE(
      | ^~~~~~~~~~~~~~~~~~~~
[ 40%] Building CXX object src/core/zones/CMakeFiles/zones.dir/ZoneContextMenuInteraction.cpp.o
[ 40%] Building CXX object src/core/filters/page_split/CMakeFiles/page_split.dir/SplitModeWidget.cpp.o
[ 40%] Building CXX object src/core/filters/deskew/CMakeFiles/deskew.dir/Dependencies.cpp.o
In file included from /usr/include/boost/function/detail/requires_cxx11.hpp:9,
                 from /usr/include/boost/function/detail/prologue.hpp:12,
                 from /usr/include/boost/function.hpp:30,
                 from /home/runner/work/scantailor-universal/scantailor-universal/src/core/zones/ZoneContextMenuItem.h:24,
                 from /home/runner/work/scantailor-universal/scantailor-universal/src/core/zones/ZoneContextMenuInteraction.h:22,
                 from /home/runner/work/scantailor-universal/scantailor-universal/src/core/zones/ZoneContextMenuInteraction.cpp:19:
/usr/include/boost/bind.hpp:36:1: note: #pragma message: The practice of declaring the Bind placeholders (_1, _2, ...) in the global namespace is deprecated. Please use <boost/bind/bind.hpp> + using namespace boost::placeholders, or define BOOST_BIND_GLOBAL_PLACEHOLDERS to retain the current behavior.
   36 | BOOST_PRAGMA_MESSAGE(
      | ^~~~~~~~~~~~~~~~~~~~
[ 40%] Building CXX object src/core/filters/deskew/CMakeFiles/deskew.dir/Params.cpp.o
[ 40%] Building CXX object src/core/filters/page_split/CMakeFiles/page_split.dir/Settings.cpp.o
[ 41%] Building CXX object src/core/filters/select_content/CMakeFiles/select_content.dir/Filter.cpp.o
[ 42%] Linking CXX static library libdeskew.a
[ 42%] Built target deskew
[ 42%] Building CXX object src/core/filters/select_content/CMakeFiles/select_content.dir/OptionsWidget.cpp.o
[ 42%] Building CXX object src/core/filters/page_split/CMakeFiles/page_split.dir/Task.cpp.o
[ 42%] Linking CXX static library libzones.a
[ 42%] Built target zones
[ 42%] Building CXX object src/core/filters/select_content/CMakeFiles/select_content.dir/ContentBoxFinder.cpp.o
In file included from /home/runner/work/scantailor-universal/scantailor-universal/src/core/./PageSelectionProvider.h:22,
                 from /home/runner/work/scantailor-universal/scantailor-universal/src/core/./PageSelectionAccessor.h:22,
                 from /home/runner/work/scantailor-universal/scantailor-universal/src/core/filters/select_content/OptionsWidget.h:29,
                 from /home/runner/work/scantailor-universal/scantailor-universal/src/core/filters/select_content/OptionsWidget.cpp:19:
In destructor virtual RefCountable::~RefCountable(),
    inlined from void RefCountable::unref() const at /home/runner/work/scantailor-universal/scantailor-universal/src/foundation/RefCountable.h:53:20,
    inlined from void RefCountable::unref() const at /home/runner/work/scantailor-universal/scantailor-universal/src/foundation/RefCountable.h:50:10,
    inlined from void intrusive_unref(T&) [with T = const PageSelectionProvider] at /home/runner/work/scantailor-universal/scantailor-universal/src/foundation/IntrusivePtr.h:113:14,
    inlined from IntrusivePtr<T>::~IntrusivePtr() [with T = const PageSelectionProvider] at /home/runner/work/scantailor-universal/scantailor-universal/src/foundation/IntrusivePtr.h:152:24,
    inlined from virtual PageSelectionAccessor::~PageSelectionAccessor() at /home/runner/work/scantailor-universal/scantailor-universal/src/core/./PageSelectionAccessor.h:32:7,
    inlined from select_content::OptionsWidget::~OptionsWidget() at /home/runner/work/scantailor-universal/scantailor-universal/src/core/filters/select_content/OptionsWidget.cpp:59:1:
/home/runner/work/scantailor-universal/scantailor-universal/src/foundation/RefCountable.h:43:30: warning: void operator delete(void*) called on pointer ((IntrusivePtr<const PageSelectionProvider>*)this)[72].IntrusivePtr<const PageSelectionProvider>::m_pObj with nonzero offset 16 [-Wfree-nonheap-object]
   43 |     virtual ~RefCountable() {}
      |                              ^
In destructor virtual RefCountable::~RefCountable(),
    inlined from void RefCountable::unref() const at /home/runner/work/scantailor-universal/scantailor-universal/src/foundation/RefCountable.h:53:20,
    inlined from void RefCountable::unref() const at /home/runner/work/scantailor-universal/scantailor-universal/src/foundation/RefCountable.h:50:10,
    inlined from void intrusive_unref(T&) [with T = const PageSelectionProvider] at /home/runner/work/scantailor-universal/scantailor-universal/src/foundation/IntrusivePtr.h:113:14,
    inlined from IntrusivePtr<T>::~IntrusivePtr() [with T = const PageSelectionProvider] at /home/runner/work/scantailor-universal/scantailor-universal/src/foundation/IntrusivePtr.h:152:24,
    inlined from virtual PageSelectionAccessor::~PageSelectionAccessor() at /home/runner/work/scantailor-universal/scantailor-universal/src/core/./PageSelectionAccessor.h:32:7,
    inlined from select_content::OptionsWidget::OptionsWidget(const IntrusivePtr<select_content::Settings>&, const PageSelectionAccessor&) at /home/runner/work/scantailor-universal/scantailor-universal/src/core/filters/select_content/OptionsWidget.cpp:55:1:
/home/runner/work/scantailor-universal/scantailor-universal/src/foundation/RefCountable.h:43:30: warning: void operator delete(void*) called on pointer ((IntrusivePtr<const PageSelectionProvider>*)this)[72].IntrusivePtr<const PageSelectionProvider>::m_pObj with nonzero offset 16 [-Wfree-nonheap-object]
   43 |     virtual ~RefCountable() {}
      |                              ^
[ 42%] Generating ui_alignmentwidget.h
[ 42%] Generating ui_PageLayoutApplyWidget.h
[ 43%] Generating ui_PageLayoutOptionsWidget.h
[ 43%] Building CXX object src/core/filters/page_layout/CMakeFiles/page_layout.dir/page_layout_autogen/mocs_compilation.cpp.o
[ 44%] Building CXX object src/core/filters/page_split/CMakeFiles/page_split.dir/CacheDrivenTask.cpp.o
[ 44%] Automatic MOC for target output
[ 44%] Built target output_autogen
[ 44%] Building CXX object src/core/filters/page_layout/CMakeFiles/page_layout.dir/Utils.cpp.o
[ 44%] Building CXX object src/core/filters/select_content/CMakeFiles/select_content.dir/PageFinder.cpp.o
[ 44%] Building CXX object src/core/filters/page_split/CMakeFiles/page_split.dir/LayoutType.cpp.o
[ 44%] Building CXX object src/core/filters/select_content/CMakeFiles/select_content.dir/Task.cpp.o
[ 44%] Building CXX object src/core/filters/page_split/CMakeFiles/page_split.dir/UnremoveButton.cpp.o
[ 45%] Building CXX object src/core/filters/page_layout/CMakeFiles/page_layout.dir/ImageView.cpp.o
In file included from /usr/include/boost/function/detail/requires_cxx11.hpp:9,
                 from /usr/include/boost/function/detail/prologue.hpp:12,
                 from /usr/include/boost/function.hpp:30,
                 from /home/runner/work/scantailor-universal/scantailor-universal/src/core/interaction/DragHandler.h:29,
                 from /home/runner/work/scantailor-universal/scantailor-universal/src/core/filters/page_layout/ImageView.h:26,
                 from /home/runner/work/scantailor-universal/scantailor-universal/src/core/filters/page_layout/ImageView.cpp:19:
/usr/include/boost/bind.hpp:36:1: note: #pragma message: The practice of declaring the Bind placeholders (_1, _2, ...) in the global namespace is deprecated. Please use <boost/bind/bind.hpp> + using namespace boost::placeholders, or define BOOST_BIND_GLOBAL_PLACEHOLDERS to retain the current behavior.
   36 | BOOST_PRAGMA_MESSAGE(
      | ^~~~~~~~~~~~~~~~~~~~
[ 45%] Building CXX object src/core/filters/page_split/CMakeFiles/page_split.dir/OrderBySplitTypeProvider.cpp.o
[ 45%] Built target imageproc_tests_autogen_timestamp_deps
[ 46%] Building CXX object src/core/filters/select_content/CMakeFiles/select_content.dir/CacheDrivenTask.cpp.o
[ 47%] Building CXX object src/core/filters/page_split/CMakeFiles/page_split.dir/OrderByPageSizeProvider.cpp.o
[ 47%] Built target spfit_tests_autogen_timestamp_deps
[ 47%] Building CXX object src/core/filters/page_layout/CMakeFiles/page_layout.dir/Filter.cpp.o
[ 47%] Built target adiff_tests_autogen_timestamp_deps
[ 47%] Building CXX object src/core/filters/select_content/CMakeFiles/select_content.dir/Dependencies.cpp.o
[ 47%] Building CXX object src/core/filters/select_content/CMakeFiles/select_content.dir/Params.cpp.o
[ 47%] Linking CXX static library libpage_split.a
[ 48%] Built target page_split
[ 48%] Building CXX object src/core/filters/select_content/CMakeFiles/select_content.dir/Settings.cpp.o
[ 49%] Building CXX object src/core/filters/select_content/CMakeFiles/select_content.dir/Thumbnail.cpp.o
[ 49%] Building CXX object src/core/filters/select_content/CMakeFiles/select_content.dir/PhysSizeCalc.cpp.o
[ 49%] Generating qrc_core_resources.cpp
[ 49%] Building CXX object src/core/CMakeFiles/stcore.dir/stcore_autogen/mocs_compilation.cpp.o
[ 49%] Building CXX object src/core/filters/page_layout/CMakeFiles/page_layout.dir/alignmentwidget.cpp.o
[ 50%] Building CXX object src/core/CMakeFiles/stcore.dir/qrc_core_resources.cpp.o
[ 50%] Built target generic_tests_autogen_timestamp_deps
[ 50%] Building CXX object src/core/filters/page_layout/CMakeFiles/page_layout.dir/OptionsWidget.cpp.o
[ 50%] Building CXX object src/core/filters/select_content/CMakeFiles/select_content.dir/OrderBySizeProvider.cpp.o
In file included from /home/runner/work/scantailor-universal/scantailor-universal/src/core/./PageSelectionProvider.h:22,
                 from /home/runner/work/scantailor-universal/scantailor-universal/src/core/./PageSelectionAccessor.h:22,
                 from /home/runner/work/scantailor-universal/scantailor-universal/src/core/filters/page_layout/OptionsWidget.h:24,
                 from /home/runner/work/scantailor-universal/scantailor-universal/src/core/filters/page_layout/OptionsWidget.cpp:19:
In destructor virtual RefCountable::~RefCountable(),
    inlined from void RefCountable::unref() const at /home/runner/work/scantailor-universal/scantailor-universal/src/foundation/RefCountable.h:53:20,
    inlined from void RefCountable::unref() const at /home/runner/work/scantailor-universal/scantailor-universal/src/foundation/RefCountable.h:50:10,
    inlined from void intrusive_unref(T&) [with T = const PageSelectionProvider] at /home/runner/work/scantailor-universal/scantailor-universal/src/foundation/IntrusivePtr.h:113:14,
    inlined from IntrusivePtr<T>::~IntrusivePtr() [with T = const PageSelectionProvider] at /home/runner/work/scantailor-universal/scantailor-universal/src/foundation/IntrusivePtr.h:152:24,
    inlined from virtual PageSelectionAccessor::~PageSelectionAccessor() at /home/runner/work/scantailor-universal/scantailor-universal/src/core/./PageSelectionAccessor.h:32:7,
    inlined from page_layout::OptionsWidget::~OptionsWidget() at /home/runner/work/scantailor-universal/scantailor-universal/src/core/filters/page_layout/OptionsWidget.cpp:119:1:
/home/runner/work/scantailor-universal/scantailor-universal/src/foundation/RefCountable.h:43:30: warning: void operator delete(void*) called on pointer ((IntrusivePtr<const PageSelectionProvider>*)this)[50].IntrusivePtr<const PageSelectionProvider>::m_pObj with nonzero offset 16 [-Wfree-nonheap-object]
   43 |     virtual ~RefCountable() {}
      |                              ^
In destructor virtual RefCountable::~RefCountable(),
    inlined from void RefCountable::unref() const at /home/runner/work/scantailor-universal/scantailor-universal/src/foundation/RefCountable.h:53:20,
    inlined from void RefCountable::unref() const at /home/runner/work/scantailor-universal/scantailor-universal/src/foundation/RefCountable.h:50:10,
    inlined from void intrusive_unref(T&) [with T = const PageSelectionProvider] at /home/runner/work/scantailor-universal/scantailor-universal/src/foundation/IntrusivePtr.h:113:14,
    inlined from IntrusivePtr<T>::~IntrusivePtr() [with T = const PageSelectionProvider] at /home/runner/work/scantailor-universal/scantailor-universal/src/foundation/IntrusivePtr.h:152:24,
    inlined from virtual PageSelectionAccessor::~PageSelectionAccessor() at /home/runner/work/scantailor-universal/scantailor-universal/src/core/./PageSelectionAccessor.h:32:7,
    inlined from page_layout::OptionsWidget::OptionsWidget(const IntrusivePtr<page_layout::Settings>&, const PageSelectionAccessor&) at /home/runner/work/scantailor-universal/scantailor-universal/src/core/filters/page_layout/OptionsWidget.cpp:115:1:
/home/runner/work/scantailor-universal/scantailor-universal/src/foundation/RefCountable.h:43:30: warning: void operator delete(void*) called on pointer ((IntrusivePtr<const PageSelectionProvider>*)this)[50].IntrusivePtr<const PageSelectionProvider>::m_pObj with nonzero offset 16 [-Wfree-nonheap-object]
   43 |     virtual ~RefCountable() {}
      |                              ^
[ 50%] Linking CXX static library libselect_content.a
[ 50%] Building CXX object src/core/CMakeFiles/stcore.dir/BackgroundExecutor.cpp.o
[ 50%] Built target select_content
[ 51%] Building CXX object src/core/filters/page_layout/CMakeFiles/page_layout.dir/Task.cpp.o
[ 51%] Building CXX object src/core/CMakeFiles/stcore.dir/OpenGLSupport.cpp.o
[ 51%] Generating ui_PictureZonePropDialog.h
[ 51%] Generating ui_OutputChangeDewarpingWidget.h
[ 51%] Generating ui_OutputChangeDpiWidget.h
[ 52%] Generating ui_OutputOptionsWidget.h
[ 52%] Building CXX object src/core/filters/output/CMakeFiles/output.dir/output_autogen/mocs_compilation.cpp.o
[ 52%] Building CXX object src/core/CMakeFiles/stcore.dir/PixmapRenderer.cpp.o
[ 52%] Building CXX object src/core/filters/page_layout/CMakeFiles/page_layout.dir/CacheDrivenTask.cpp.o
[ 52%] Building CXX object src/core/CMakeFiles/stcore.dir/BubbleAnimation.cpp.o
[ 53%] Building CXX object src/core/filters/output/CMakeFiles/output.dir/ChangeDpiWidget.cpp.o
[ 53%] Building CXX object src/core/filters/page_layout/CMakeFiles/page_layout.dir/Params.cpp.o
[ 53%] Building CXX object src/core/filters/output/CMakeFiles/output.dir/ImageView.cpp.o
[ 54%] Building CXX object src/core/CMakeFiles/stcore.dir/ProcessingIndicationWidget.cpp.o
[ 54%] Building CXX object src/core/filters/page_layout/CMakeFiles/page_layout.dir/Settings.cpp.o
[ 54%] Building CXX object src/core/filters/output/CMakeFiles/output.dir/TabbedImageView.cpp.o
[ 54%] Building CXX object src/core/CMakeFiles/stcore.dir/NonOwningWidget.cpp.o
[ 54%] Building CXX object src/core/filters/page_layout/CMakeFiles/page_layout.dir/Thumbnail.cpp.o
[ 54%] Building CXX object src/core/filters/output/CMakeFiles/output.dir/Filter.cpp.o
[ 54%] Building CXX object src/core/CMakeFiles/stcore.dir/Dpi.cpp.o
[ 54%] Building CXX object src/core/CMakeFiles/stcore.dir/Dpm.cpp.o
[ 55%] Building CXX object src/core/CMakeFiles/stcore.dir/SmartFilenameOrdering.cpp.o
[ 56%] Building CXX object src/core/filters/page_layout/CMakeFiles/page_layout.dir/ApplySettingsWidget.cpp.o
[ 56%] Building CXX object src/core/CMakeFiles/stcore.dir/RelinkablePath.cpp.o
[ 56%] Building CXX object src/core/CMakeFiles/stcore.dir/ImageInfo.cpp.o
[ 56%] Building CXX object src/core/CMakeFiles/stcore.dir/ImageFileInfo.cpp.o
[ 56%] Building CXX object src/core/filters/page_layout/CMakeFiles/page_layout.dir/Alignment.cpp.o
[ 56%] Building CXX object src/core/filters/output/CMakeFiles/output.dir/OptionsWidget.cpp.o
[ 56%] Building CXX object src/core/CMakeFiles/stcore.dir/ImageMetadata.cpp.o
[ 56%] Building CXX object src/core/filters/page_layout/CMakeFiles/page_layout.dir/OrderByWidthProvider.cpp.o
[ 57%] Building CXX object src/core/CMakeFiles/stcore.dir/RecentProjects.cpp.o
[ 57%] Building CXX object src/core/CMakeFiles/stcore.dir/OutOfMemoryHandler.cpp.o
[ 57%] Building CXX object src/core/filters/page_layout/CMakeFiles/page_layout.dir/OrderByHeightProvider.cpp.o
[ 57%] Building CXX object src/core/CMakeFiles/stcore.dir/CommandLine.cpp.o
[ 57%] Building CXX object src/core/CMakeFiles/stcore.dir/PageSelectionAccessor.cpp.o
In file included from /home/runner/work/scantailor-universal/scantailor-universal/src/core/PageSelectionProvider.h:22,
                 from /home/runner/work/scantailor-universal/scantailor-universal/src/core/PageSelectionAccessor.h:22,
                 from /home/runner/work/scantailor-universal/scantailor-universal/src/core/PageSelectionAccessor.cpp:19:
In destructor virtual RefCountable::~RefCountable(),
    inlined from void RefCountable::unref() const at /home/runner/work/scantailor-universal/scantailor-universal/src/foundation/RefCountable.h:53:20,
    inlined from void RefCountable::unref() const at /home/runner/work/scantailor-universal/scantailor-universal/src/foundation/RefCountable.h:50:10,
    inlined from void intrusive_unref(T&) [with T = const PageSelectionProvider] at /home/runner/work/scantailor-universal/scantailor-universal/src/foundation/IntrusivePtr.h:113:14,
    inlined from IntrusivePtr<T>::~IntrusivePtr() [with T = const PageSelectionProvider] at /home/runner/work/scantailor-universal/scantailor-universal/src/foundation/IntrusivePtr.h:152:24,
    inlined from IntrusivePtr<T>& IntrusivePtr<T>::operator=(const IntrusivePtr<T>&) [with T = const PageSelectionProvider] at /home/runner/work/scantailor-universal/scantailor-universal/src/foundation/IntrusivePtr.h:160:5,
    inlined from PageSelectionAccessor::PageSelectionAccessor(const PageSelectionAccessor&) at /home/runner/work/scantailor-universal/scantailor-universal/src/core/PageSelectionAccessor.cpp:24:25:
/home/runner/work/scantailor-universal/scantailor-universal/src/foundation/RefCountable.h:43:30: warning: void operator delete(void*) called on pointer ((IntrusivePtr<const PageSelectionProvider>*)this)[2].IntrusivePtr<const PageSelectionProvider>::m_pObj with nonzero offset 16 [-Wfree-nonheap-object]
   43 |     virtual ~RefCountable() {}
      |                              ^
[ 58%] Building CXX object src/core/CMakeFiles/stcore.dir/ContentSpanFinder.cpp.o
[ 58%] Building CXX object src/core/CMakeFiles/stcore.dir/PhysicalTransformation.cpp.o
[ 59%] Building CXX object src/core/filters/page_layout/CMakeFiles/page_layout.dir/OrderByAlignment.cpp.o
[ 60%] Building CXX object src/core/filters/output/CMakeFiles/output.dir/Task.cpp.o
[ 60%] Building CXX object src/core/filters/output/CMakeFiles/output.dir/CacheDrivenTask.cpp.o
[ 60%] Building CXX object src/core/CMakeFiles/stcore.dir/ImageTransformation.cpp.o
In file included from /usr/include/boost/smart_ptr/detail/requires_cxx11.hpp:9,
                 from /usr/include/boost/smart_ptr/scoped_array.hpp:13,
                 from /usr/include/boost/scoped_array.hpp:13,
                 from /home/runner/work/scantailor-universal/scantailor-universal/src/foundation/MatT.h:22,
                 from /home/runner/work/scantailor-universal/scantailor-universal/src/math/QuadraticFunction.h:22,
                 from /home/runner/work/scantailor-universal/scantailor-universal/src/math/XSpline.h:23,
                 from /home/runner/work/scantailor-universal/scantailor-universal/src/./dewarping/Curve.h:23,
                 from /home/runner/work/scantailor-universal/scantailor-universal/src/./dewarping/DistortionModel.h:22,
                 from /home/runner/work/scantailor-universal/scantailor-universal/src/core/./filters/output/Params.h:25,
                 from /home/runner/work/scantailor-universal/scantailor-universal/src/core/./CommandLine.h:32,
                 from /home/runner/work/scantailor-universal/scantailor-universal/src/core/filters/output/Task.cpp:19:
/usr/include/boost/bind.hpp:36:1: note: #pragma message: The practice of declaring the Bind placeholders (_1, _2, ...) in the global namespace is deprecated. Please use <boost/bind/bind.hpp> + using namespace boost::placeholders, or define BOOST_BIND_GLOBAL_PLACEHOLDERS to retain the current behavior.
   36 | BOOST_PRAGMA_MESSAGE(
      | ^~~~~~~~~~~~~~~~~~~~
[ 60%] Linking CXX static library libpage_layout.a
[ 60%] Built target page_layout
[ 60%] Building CXX object src/core/filters/output/CMakeFiles/output.dir/OutputGenerator.cpp.o
In file included from /usr/include/boost/smart_ptr/detail/requires_cxx11.hpp:9,
                 from /usr/include/boost/smart_ptr/scoped_array.hpp:13,
                 from /usr/include/boost/scoped_array.hpp:13,
                 from /home/runner/work/scantailor-universal/scantailor-universal/src/foundation/MatT.h:22,
                 from /home/runner/work/scantailor-universal/scantailor-universal/src/math/QuadraticFunction.h:22,
                 from /home/runner/work/scantailor-universal/scantailor-universal/src/math/XSpline.h:23,
                 from /home/runner/work/scantailor-universal/scantailor-universal/src/./dewarping/Curve.h:23,
                 from /home/runner/work/scantailor-universal/scantailor-universal/src/./dewarping/DistortionModel.h:22,
                 from /home/runner/work/scantailor-universal/scantailor-universal/src/core/./filters/output/Params.h:25,
                 from /home/runner/work/scantailor-universal/scantailor-universal/src/core/./CommandLine.h:32,
                 from /home/runner/work/scantailor-universal/scantailor-universal/src/core/filters/output/OutputGenerator.cpp:19:
/usr/include/boost/bind.hpp:36:1: note: #pragma message: The practice of declaring the Bind placeholders (_1, _2, ...) in the global namespace is deprecated. Please use <boost/bind/bind.hpp> + using namespace boost::placeholders, or define BOOST_BIND_GLOBAL_PLACEHOLDERS to retain the current behavior.
   36 | BOOST_PRAGMA_MESSAGE(
      | ^~~~~~~~~~~~~~~~~~~~
[ 60%] Building CXX object src/core/CMakeFiles/stcore.dir/ImageViewBase.cpp.o
[ 60%] Building CXX object src/core/CMakeFiles/stcore.dir/BasicImageView.cpp.o
[ 61%] Building CXX object src/core/CMakeFiles/stcore.dir/DebugImageView.cpp.o
[ 61%] Automatic MOC for target imageproc_tests
[ 61%] Built target imageproc_tests_autogen
[ 61%] Building CXX object src/core/filters/output/CMakeFiles/output.dir/Settings.cpp.o
[ 61%] Building CXX object src/core/CMakeFiles/stcore.dir/TabbedDebugImages.cpp.o
[ 61%] Automatic MOC for target spfit_tests
[ 61%] Built target spfit_tests_autogen
[ 61%] Building CXX object src/core/CMakeFiles/stcore.dir/ThumbnailPixmapCache.cpp.o
[ 61%] Automatic MOC for target adiff_tests
[ 61%] Built target adiff_tests_autogen
[ 62%] Building CXX object src/core/filters/output/CMakeFiles/output.dir/Thumbnail.cpp.o
[ 62%] Building CXX object src/core/filters/output/CMakeFiles/output.dir/Utils.cpp.o
[ 63%] Automatic MOC for target generic_tests
[ 63%] Built target generic_tests_autogen
[ 63%] Building CXX object src/core/CMakeFiles/stcore.dir/ThumbnailBase.cpp.o
[ 63%] Building CXX object src/imageproc/tests/CMakeFiles/imageproc_tests.dir/imageproc_tests_autogen/mocs_compilation.cpp.o
[ 63%] Building CXX object src/imageproc/tests/CMakeFiles/imageproc_tests.dir/main.cpp.o
[ 63%] Building CXX object src/core/filters/output/CMakeFiles/output.dir/Params.cpp.o
[ 63%] Building CXX object src/math/spfit/tests/CMakeFiles/spfit_tests.dir/spfit_tests_autogen/mocs_compilation.cpp.o
[ 63%] Building CXX object src/math/spfit/tests/CMakeFiles/spfit_tests.dir/__/__/__/core/tests/main.cpp.o
[ 64%] Building CXX object src/core/CMakeFiles/stcore.dir/ThumbnailFactory.cpp.o
[ 64%] Building CXX object src/core/filters/output/CMakeFiles/output.dir/BlackWhiteOptions.cpp.o
/home/runner/work/scantailor-universal/scantailor-universal/src/core/ThumbnailFactory.cpp: In member function std::unique_ptr<QGraphicsItem> ThumbnailFactory::get(const PageInfo&):
/home/runner/work/scantailor-universal/scantailor-universal/src/core/ThumbnailFactory.cpp:64:21: warning: moving a temporary object prevents copy elision [-Wpessimizing-move]
   64 |     return std::move(collector.retrieveThumbnail());
      |            ~~~~~~~~~^~~~~~~~~~~~~~~~~~~~~~~~~~~~~~~
/home/runner/work/scantailor-universal/scantailor-universal/src/core/ThumbnailFactory.cpp:64:21: note: remove std::move call
[ 64%] Building CXX object src/core/CMakeFiles/stcore.dir/IncompleteThumbnail.cpp.o
[ 64%] Building CXX object src/core/filters/output/CMakeFiles/output.dir/ColorGrayscaleOptions.cpp.o
[ 65%] Building CXX object src/core/filters/output/CMakeFiles/output.dir/RenderParams.cpp.o
[ 65%] Building CXX object src/core/filters/output/CMakeFiles/output.dir/ColorParams.cpp.o
[ 65%] Building CXX object src/core/CMakeFiles/stcore.dir/ContentBoxPropagator.cpp.o
[ 65%] Building CXX object src/core/filters/output/CMakeFiles/output.dir/OutputImageParams.cpp.o
[ 65%] Building CXX object src/core/CMakeFiles/stcore.dir/PageOrientationPropagator.cpp.o
[ 65%] Building CXX object src/core/CMakeFiles/stcore.dir/DebugImages.cpp.o
[ 65%] Building CXX object src/core/filters/output/CMakeFiles/output.dir/OutputFileParams.cpp.o
[ 65%] Building CXX object src/core/filters/output/CMakeFiles/output.dir/OutputParams.cpp.o
[ 66%] Building CXX object src/core/CMakeFiles/stcore.dir/ImageId.cpp.o
[ 66%] Building CXX object src/imageproc/tests/CMakeFiles/imageproc_tests.dir/TestBinaryImage.cpp.o
[ 66%] Building CXX object src/core/CMakeFiles/stcore.dir/PageId.cpp.o
[ 66%] Building CXX object src/math/spfit/tests/CMakeFiles/spfit_tests.dir/TestSqDistApproximant.cpp.o
[ 67%] Building CXX object src/core/filters/output/CMakeFiles/output.dir/PictureLayerProperty.cpp.o
[ 67%] Building CXX object src/core/CMakeFiles/stcore.dir/PageInfo.cpp.o
[ 67%] Building CXX object src/core/filters/output/CMakeFiles/output.dir/ZoneCategoryProperty.cpp.o
[ 67%] Building CXX object src/core/CMakeFiles/stcore.dir/BackgroundTask.cpp.o
[ 67%] Building CXX object src/core/CMakeFiles/stcore.dir/ProcessingTaskQueue.cpp.o
[ 67%] Building CXX object src/core/filters/output/CMakeFiles/output.dir/VirtualZoneProperty.cpp.o
[ 68%] Linking CXX executable ../../../../spfit_tests
[ 69%] Building CXX object src/imageproc/tests/CMakeFiles/imageproc_tests.dir/TestReduceThreshold.cpp.o
[ 70%] Built target spfit_tests
[ 70%] Building CXX object src/core/filters/output/CMakeFiles/output.dir/PictureZonePropFactory.cpp.o
[ 71%] Building CXX object src/core/CMakeFiles/stcore.dir/PageSequence.cpp.o
[ 71%] Building CXX object src/core/CMakeFiles/stcore.dir/PageRangeSelectorWidget.cpp.o
[ 72%] Building CXX object src/core/filters/output/CMakeFiles/output.dir/PictureZonePropDialog.cpp.o
[ 72%] Building CXX object src/math/adiff/tests/CMakeFiles/adiff_tests.dir/adiff_tests_autogen/mocs_compilation.cpp.o
[ 72%] Building CXX object src/math/adiff/tests/CMakeFiles/adiff_tests.dir/__/__/__/core/tests/main.cpp.o
[ 72%] Building CXX object src/imageproc/tests/CMakeFiles/imageproc_tests.dir/TestSlicedHistogram.cpp.o
[ 72%] Building CXX object src/core/filters/output/CMakeFiles/output.dir/PictureZoneComparator.cpp.o
[ 72%] Building CXX object src/core/CMakeFiles/stcore.dir/ApplyToDialog.cpp.o
[ 72%] Building CXX object src/core/CMakeFiles/stcore.dir/ErrorWidget.cpp.o
[ 72%] Building CXX object src/imageproc/tests/CMakeFiles/imageproc_tests.dir/TestConnCompEraser.cpp.o
[ 72%] Building CXX object src/core/filters/output/CMakeFiles/output.dir/PictureZoneEditor.cpp.o
In file included from /usr/include/boost/function/detail/requires_cxx11.hpp:9,
                 from /usr/include/boost/function/detail/prologue.hpp:12,
                 from /usr/include/boost/function.hpp:30,
                 from /home/runner/work/scantailor-universal/scantailor-universal/src/core/zones/SerializableEllipse.h:31,
                 from /home/runner/work/scantailor-universal/scantailor-universal/src/core/zones/EditableEllipse.h:25,
                 from /home/runner/work/scantailor-universal/scantailor-universal/src/core/zones/EditableZoneSet.h:24,
                 from /home/runner/work/scantailor-universal/scantailor-universal/src/core/zones/ZoneInteractionContext.h:24,
                 from /home/runner/work/scantailor-universal/scantailor-universal/src/core/filters/output/PictureZoneEditor.h:27,
                 from /home/runner/work/scantailor-universal/scantailor-universal/src/core/filters/output/PictureZoneEditor.cpp:19:
/usr/include/boost/bind.hpp:36:1: note: #pragma message: The practice of declaring the Bind placeholders (_1, _2, ...) in the global namespace is deprecated. Please use <boost/bind/bind.hpp> + using namespace boost::placeholders, or define BOOST_BIND_GLOBAL_PLACEHOLDERS to retain the current behavior.
   36 | BOOST_PRAGMA_MESSAGE(
      | ^~~~~~~~~~~~~~~~~~~~
[ 73%] Building CXX object src/core/CMakeFiles/stcore.dir/StageSequence.cpp.o
[ 73%] Building CXX object src/imageproc/tests/CMakeFiles/imageproc_tests.dir/TestConnCompEraserExt.cpp.o
[ 73%] Building CXX object src/core/CMakeFiles/stcore.dir/ProjectPages.cpp.o
[ 73%] Building CXX object src/core/filters/output/CMakeFiles/output.dir/FillColorProperty.cpp.o
[ 73%] Building CXX object src/core/filters/output/CMakeFiles/output.dir/FillZonePropFactory.cpp.o
[ 73%] Building CXX object src/imageproc/tests/CMakeFiles/imageproc_tests.dir/TestGrayscale.cpp.o
[ 74%] Building CXX object src/core/filters/output/CMakeFiles/output.dir/FillZoneComparator.cpp.o
[ 74%] Building CXX object src/core/CMakeFiles/stcore.dir/FilterData.cpp.o
[ 74%] Building CXX object src/math/adiff/tests/CMakeFiles/adiff_tests.dir/TestHessians.cpp.o
[ 74%] Building CXX object src/core/CMakeFiles/stcore.dir/ImageMetadataLoader.cpp.o
[ 75%] Building CXX object src/imageproc/tests/CMakeFiles/imageproc_tests.dir/TestRasterOp.cpp.o
[ 75%] Building CXX object src/core/filters/output/CMakeFiles/output.dir/FillZoneEditor.cpp.o
[ 75%] Building CXX object src/core/CMakeFiles/stcore.dir/TiffReader.cpp.o
In file included from /usr/include/boost/function/detail/requires_cxx11.hpp:9,
                 from /usr/include/boost/function/detail/prologue.hpp:12,
                 from /usr/include/boost/function.hpp:30,
                 from /home/runner/work/scantailor-universal/scantailor-universal/src/core/zones/SerializableEllipse.h:31,
                 from /home/runner/work/scantailor-universal/scantailor-universal/src/core/zones/EditableEllipse.h:25,
                 from /home/runner/work/scantailor-universal/scantailor-universal/src/core/zones/EditableZoneSet.h:24,
                 from /home/runner/work/scantailor-universal/scantailor-universal/src/core/zones/ZoneInteractionContext.h:24,
                 from /home/runner/work/scantailor-universal/scantailor-universal/src/core/filters/output/FillZoneEditor.h:28,
                 from /home/runner/work/scantailor-universal/scantailor-universal/src/core/filters/output/FillZoneEditor.cpp:19:
/usr/include/boost/bind.hpp:36:1: note: #pragma message: The practice of declaring the Bind placeholders (_1, _2, ...) in the global namespace is deprecated. Please use <boost/bind/bind.hpp> + using namespace boost::placeholders, or define BOOST_BIND_GLOBAL_PLACEHOLDERS to retain the current behavior.
   36 | BOOST_PRAGMA_MESSAGE(
      | ^~~~~~~~~~~~~~~~~~~~
[ 76%] Linking CXX executable ../../../../adiff_tests
[ 76%] Built target adiff_tests
[ 76%] Building CXX object src/imageproc/tests/CMakeFiles/imageproc_tests.dir/TestShear.cpp.o
[ 76%] Building CXX object src/core/filters/output/CMakeFiles/output.dir/ColorPickupInteraction.cpp.o
[ 77%] Building CXX object src/core/CMakeFiles/stcore.dir/TiffWriter.cpp.o
[ 77%] Building CXX object src/imageproc/tests/CMakeFiles/imageproc_tests.dir/TestOrthogonalRotation.cpp.o
[ 77%] Building CXX object src/core/CMakeFiles/stcore.dir/PngMetadataLoader.cpp.o
[ 77%] Building CXX object src/core/tests/CMakeFiles/generic_tests.dir/generic_tests_autogen/mocs_compilation.cpp.o
[ 77%] Building CXX object src/core/tests/CMakeFiles/generic_tests.dir/main.cpp.o
[ 77%] Building CXX object src/core/CMakeFiles/stcore.dir/TiffMetadataLoader.cpp.o
[ 77%] Building CXX object src/core/filters/output/CMakeFiles/output.dir/DespeckleState.cpp.o
[ 77%] Building CXX object src/core/CMakeFiles/stcore.dir/JpegMetadataLoader.cpp.o
[ 77%] Building CXX object src/imageproc/tests/CMakeFiles/imageproc_tests.dir/TestSkewFinder.cpp.o
[ 78%] Building CXX object src/core/CMakeFiles/stcore.dir/GenericMetadataLoader.cpp.o
[ 79%] Building CXX object src/core/filters/output/CMakeFiles/output.dir/DespeckleView.cpp.o
[ 79%] Building CXX object src/core/CMakeFiles/stcore.dir/ImageLoader.cpp.o
[ 80%] Building CXX object src/imageproc/tests/CMakeFiles/imageproc_tests.dir/TestScale.cpp.o
[ 80%] Building CXX object src/core/filters/output/CMakeFiles/output.dir/DespeckleVisualization.cpp.o
[ 80%] Building CXX object src/core/CMakeFiles/stcore.dir/PdfReader.cpp.o
[ 80%] Building CXX object src/core/filters/output/CMakeFiles/output.dir/DespeckleLevel.cpp.o
[ 80%] Building CXX object src/imageproc/tests/CMakeFiles/imageproc_tests.dir/TestTransform.cpp.o
[ 80%] Building CXX object src/core/CMakeFiles/stcore.dir/PdfMetadataLoader.cpp.o
[ 80%] Building CXX object src/core/filters/output/CMakeFiles/output.dir/DewarpingView.cpp.o
[ 80%] Building CXX object src/core/CMakeFiles/stcore.dir/OrthogonalRotation.cpp.o
In file included from /usr/include/boost/smart_ptr/detail/requires_cxx11.hpp:9,
                 from /usr/include/boost/smart_ptr/scoped_array.hpp:13,
                 from /usr/include/boost/scoped_array.hpp:13,
                 from /home/runner/work/scantailor-universal/scantailor-universal/src/foundation/MatT.h:22,
                 from /home/runner/work/scantailor-universal/scantailor-universal/src/math/QuadraticFunction.h:22,
                 from /home/runner/work/scantailor-universal/scantailor-universal/src/math/XSpline.h:23,
                 from /home/runner/work/scantailor-universal/scantailor-universal/src/core/interaction/InteractiveXSpline.h:22,
                 from /home/runner/work/scantailor-universal/scantailor-universal/src/core/filters/output/DewarpingView.h:25,
                 from /home/runner/work/scantailor-universal/scantailor-universal/src/core/filters/output/DewarpingView.cpp:19:
/usr/include/boost/bind.hpp:36:1: note: #pragma message: The practice of declaring the Bind placeholders (_1, _2, ...) in the global namespace is deprecated. Please use <boost/bind/bind.hpp> + using namespace boost::placeholders, or define BOOST_BIND_GLOBAL_PLACEHOLDERS to retain the current behavior.
   36 | BOOST_PRAGMA_MESSAGE(
      | ^~~~~~~~~~~~~~~~~~~~
[ 81%] Building CXX object src/core/CMakeFiles/stcore.dir/WorkerThread.cpp.o
[ 81%] Building CXX object src/imageproc/tests/CMakeFiles/imageproc_tests.dir/TestMorphology.cpp.o
[ 81%] Building CXX object src/core/tests/CMakeFiles/generic_tests.dir/TestContentSpanFinder.cpp.o
[ 81%] Building CXX object src/core/CMakeFiles/stcore.dir/LoadFileTask.cpp.o
[ 81%] Building CXX object src/core/filters/output/CMakeFiles/output.dir/DewarpingMode.cpp.o
[ 82%] Building CXX object src/core/filters/output/CMakeFiles/output.dir/ChangeDewarpingWidget.cpp.o
[ 82%] Building CXX object src/core/tests/CMakeFiles/generic_tests.dir/TestSmartFilenameOrdering.cpp.o
[ 82%] Building CXX object src/core/CMakeFiles/stcore.dir/FilterOptionsWidget.cpp.o
[ 82%] Building CXX object src/core/CMakeFiles/stcore.dir/ProjectReader.cpp.o
[ 82%] Building CXX object src/imageproc/tests/CMakeFiles/imageproc_tests.dir/TestBinarize.cpp.o
In file included from /usr/include/boost/function/detail/requires_cxx11.hpp:9,
                 from /usr/include/boost/function/detail/prologue.hpp:12,
                 from /usr/include/boost/function.hpp:30,
                 from /home/runner/work/scantailor-universal/scantailor-universal/src/core/FileNameDisambiguator.h:24,
                 from /home/runner/work/scantailor-universal/scantailor-universal/src/core/ProjectReader.cpp:21:
/usr/include/boost/bind.hpp:36:1: note: #pragma message: The practice of declaring the Bind placeholders (_1, _2, ...) in the global namespace is deprecated. Please use <boost/bind/bind.hpp> + using namespace boost::placeholders, or define BOOST_BIND_GLOBAL_PLACEHOLDERS to retain the current behavior.
   36 | BOOST_PRAGMA_MESSAGE(
      | ^~~~~~~~~~~~~~~~~~~~
[ 82%] Building CXX object src/core/filters/output/CMakeFiles/output.dir/DepthPerception.cpp.o
[ 83%] Building CXX object src/core/tests/CMakeFiles/generic_tests.dir/TestMatrixCalc.cpp.o
[ 83%] Building CXX object src/core/CMakeFiles/stcore.dir/ProjectWriter.cpp.o
[ 83%] Building CXX object src/imageproc/tests/CMakeFiles/imageproc_tests.dir/TestPolygonRasterizer.cpp.o
[ 83%] Building CXX object src/core/filters/output/CMakeFiles/output.dir/OrderByModeProvider.cpp.o
In file included from /usr/include/boost/function/detail/requires_cxx11.hpp:9,
                 from /usr/include/boost/function/detail/prologue.hpp:12,
                 from /usr/include/boost/function.hpp:30,
                 from /home/runner/work/scantailor-universal/scantailor-universal/src/core/FileNameDisambiguator.h:24,
                 from /home/runner/work/scantailor-universal/scantailor-universal/src/core/OutputFileNameGenerator.h:22,
                 from /home/runner/work/scantailor-universal/scantailor-universal/src/core/ProjectWriter.h:24,
                 from /home/runner/work/scantailor-universal/scantailor-universal/src/core/ProjectWriter.cpp:19:
/usr/include/boost/bind.hpp:36:1: note: #pragma message: The practice of declaring the Bind placeholders (_1, _2, ...) in the global namespace is deprecated. Please use <boost/bind/bind.hpp> + using namespace boost::placeholders, or define BOOST_BIND_GLOBAL_PLACEHOLDERS to retain the current behavior.
   36 | BOOST_PRAGMA_MESSAGE(
      | ^~~~~~~~~~~~~~~~~~~~
[ 83%] Building CXX object src/core/tests/CMakeFiles/generic_tests.dir/__/ContentSpanFinder.cpp.o
[ 83%] Building CXX object src/core/tests/CMakeFiles/generic_tests.dir/__/SmartFilenameOrdering.cpp.o
[ 84%] Building CXX object src/imageproc/tests/CMakeFiles/imageproc_tests.dir/TestSeedFill.cpp.o
[ 84%] Building CXX object src/core/filters/output/CMakeFiles/output.dir/OrderBySourceColor.cpp.o
[ 84%] Linking CXX executable ../../../generic_tests
[ 85%] Built target generic_tests
[ 86%] Building CXX object src/core/filters/output/CMakeFiles/output.dir/OrderByDewarpingModeProvider.cpp.o
[ 86%] Building CXX object src/imageproc/tests/CMakeFiles/imageproc_tests.dir/TestSEDM.cpp.o
[ 87%] Building CXX object src/core/CMakeFiles/stcore.dir/XmlMarshaller.cpp.o
[ 87%] Building CXX object src/core/CMakeFiles/stcore.dir/XmlUnmarshaller.cpp.o
[ 87%] Building CXX object src/core/filters/output/CMakeFiles/output.dir/ImageMetadataCopier.cpp.o
[ 87%] Building CXX object src/core/CMakeFiles/stcore.dir/AtomicFileOverwriter.cpp.o
[ 87%] Building CXX object src/imageproc/tests/CMakeFiles/imageproc_tests.dir/TestRastLineFinder.cpp.o
[ 87%] Linking CXX static library liboutput.a
[ 87%] Built target output
[ 87%] Building CXX object src/core/CMakeFiles/stcore.dir/EstimateBackground.cpp.o
[ 88%] Building CXX object src/core/CMakeFiles/stcore.dir/Despeckle.cpp.o
[ 88%] Building CXX object src/imageproc/tests/CMakeFiles/imageproc_tests.dir/Utils.cpp.o
[ 88%] Building CXX object src/core/CMakeFiles/stcore.dir/ThreadPriority.cpp.o
[ 88%] Building CXX object src/core/CMakeFiles/stcore.dir/FileNameDisambiguator.cpp.o
[ 89%] Linking CXX executable ../../../imageproc_tests
[ 89%] Building CXX object src/core/CMakeFiles/stcore.dir/OutputFileNameGenerator.cpp.o
[ 90%] Built target imageproc_tests
[ 90%] Building CXX object src/core/CMakeFiles/stcore.dir/PageRange.cpp.o
[ 91%] Building CXX object src/core/CMakeFiles/stcore.dir/SelectedPage.cpp.o
[ 91%] Building CXX object src/core/CMakeFiles/stcore.dir/Utils.cpp.o
[ 91%] Building CXX object src/core/CMakeFiles/stcore.dir/StatusBarProvider.cpp.o
[ 91%] Building CXX object src/core/CMakeFiles/stcore.dir/settings/globalstaticsettings.cpp.o
[ 92%] Building CXX object src/core/CMakeFiles/stcore.dir/settings/hotkeysmanager.cpp.o
[ 92%] Building CXX object src/core/CMakeFiles/stcore.dir/settings/TiffCompressionInfo.cpp.o
[ 92%] Building CXX object src/core/CMakeFiles/stcore.dir/Jp2Reader.cpp.o
[ 92%] Building CXX object src/core/CMakeFiles/stcore.dir/Jp2MetadataLoader.cpp.o
[ 92%] Linking CXX static library libstcore.a
[ 92%] Built target stcore
[ 92%] Built target scantailor-universal-cli_autogen_timestamp_deps
[ 92%] Built target scantailor-universal_autogen_timestamp_deps
[ 92%] Automatic MOC for target scantailor-universal-cli
[ 92%] Automatic MOC for target scantailor-universal
[ 92%] Built target scantailor-universal-cli_autogen
[ 92%] Building CXX object src/app_cli/CMakeFiles/scantailor-universal-cli.dir/scantailor-universal-cli_autogen/mocs_compilation.cpp.o
[ 93%] Building CXX object src/app_cli/CMakeFiles/scantailor-universal-cli.dir/ConsoleBatch.cpp.o
[ 93%] Building CXX object src/app_cli/CMakeFiles/scantailor-universal-cli.dir/main-cli.cpp.o
[ 93%] Built target scantailor-universal_autogen
[ 93%] Generating qrc_resources.cpp
[ 94%] Building CXX object src/app/CMakeFiles/scantailor-universal.dir/scantailor-universal_autogen/mocs_compilation.cpp.o
[ 94%] Building CXX object src/app/CMakeFiles/scantailor-universal.dir/Application.cpp.o
[ 94%] Building CXX object src/app/CMakeFiles/scantailor-universal.dir/SkinnedButton.cpp.o
[ 94%] Building CXX object src/app/CMakeFiles/scantailor-universal.dir/StageListView.cpp.o
[ 95%] Building CXX object src/app/CMakeFiles/scantailor-universal.dir/RelinkablePathVisualization.cpp.o
In file included from /usr/include/boost/function/detail/requires_cxx11.hpp:9,
                 from /usr/include/boost/function/detail/prologue.hpp:12,
                 from /usr/include/boost/function.hpp:30,
                 from /home/runner/work/scantailor-universal/scantailor-universal/src/foundation/QtSignalForwarder.h:25,
                 from /home/runner/work/scantailor-universal/scantailor-universal/src/app/RelinkablePathVisualization.cpp:22:
/usr/include/boost/bind.hpp:36:1: note: #pragma message: The practice of declaring the Bind placeholders (_1, _2, ...) in the global namespace is deprecated. Please use <boost/bind/bind.hpp> + using namespace boost::placeholders, or define BOOST_BIND_GLOBAL_PLACEHOLDERS to retain the current behavior.
   36 | BOOST_PRAGMA_MESSAGE(
      | ^~~~~~~~~~~~~~~~~~~~
[ 95%] Linking CXX executable scantailor-universal-cli
/usr/bin/ld: /usr/lib/libmupdf.a(output-jpeg.o): undefined reference to symbol 'jpeg_simple_progression@@LIBJPEG_8.0'
/usr/bin/ld: /usr/lib/x86_64-linux-gnu/libjpeg.so: error adding symbols: DSO missing from command line
collect2: error: ld returned 1 exit status
make[2]: *** [src/app_cli/CMakeFiles/scantailor-universal-cli.dir/build.make:166: src/app_cli/scantailor-universal-cli] Error 1
make[1]: *** [CMakeFiles/Makefile2:2543: src/app_cli/CMakeFiles/scantailor-universal-cli.dir/all] Error 2
make[1]: *** Waiting for unfinished jobs....
[ 95%] Building CXX object src/app/CMakeFiles/scantailor-universal.dir/RelinkingModel.cpp.o
[ 95%] Building CXX object src/app/CMakeFiles/scantailor-universal.dir/RelinkingSortingModel.cpp.o
[ 95%] Building CXX object src/app/CMakeFiles/scantailor-universal.dir/RelinkingListView.cpp.o
[ 95%] Building CXX object src/app/CMakeFiles/scantailor-universal.dir/RelinkingDialog.cpp.o
[ 96%] Building CXX object src/app/CMakeFiles/scantailor-universal.dir/SettingsDialog.cpp.o
[ 96%] Building CXX object src/app/CMakeFiles/scantailor-universal.dir/FixDpiDialog.cpp.o
[ 96%] Building CXX object src/app/CMakeFiles/scantailor-universal.dir/LoadFilesStatusDialog.cpp.o
[ 96%] Building CXX object src/app/CMakeFiles/scantailor-universal.dir/ProjectCreationContext.cpp.o
[ 96%] Building CXX object src/app/CMakeFiles/scantailor-universal.dir/ProjectOpeningContext.cpp.o
[ 97%] Building CXX object src/app/CMakeFiles/scantailor-universal.dir/OutOfMemoryDialog.cpp.o
[ 97%] Building CXX object src/app/CMakeFiles/scantailor-universal.dir/ThumbnailSequence.cpp.o
[ 97%] Building CXX object src/app/CMakeFiles/scantailor-universal.dir/ProjectFilesDialog.cpp.o
[ 97%] Building CXX object src/app/CMakeFiles/scantailor-universal.dir/NewOpenProjectPanel.cpp.o
[ 98%] Building CXX object src/app/CMakeFiles/scantailor-universal.dir/SystemLoadWidget.cpp.o
[ 98%] Building CXX object src/app/CMakeFiles/scantailor-universal.dir/MainWindow.cpp.o
[ 98%] Building CXX object src/app/CMakeFiles/scantailor-universal.dir/main.cpp.o
[ 98%] Building CXX object src/app/CMakeFiles/scantailor-universal.dir/ExportDialog.cpp.o
[ 98%] Building CXX object src/app/CMakeFiles/scantailor-universal.dir/StartBatchProcessingDialog.cpp.o
/home/runner/work/scantailor-universal/scantailor-universal/src/app/MainWindow.cpp: In member function void MainWindow::filterResult(const BackgroundTaskPtr&, const FilterResultPtr&):
/home/runner/work/scantailor-universal/scantailor-universal/src/app/MainWindow.cpp:1695:32: warning: ignoring return value of int system(const char*) declared with attribute warn_unused_result [-Wunused-result]
 1695 |                     std::system(cmd.toStdString().c_str());
      |                     ~~~~~~~~~~~^~~~~~~~~~~~~~~~~~~~~~~~~~~
[ 99%] Building CXX object src/app/CMakeFiles/scantailor-universal.dir/AutoSaveTimer.cpp.o
[ 99%] Building CXX object src/app/CMakeFiles/scantailor-universal.dir/OpenWithMenuProvider.cpp.o
[ 99%] Building CXX object src/app/CMakeFiles/scantailor-universal.dir/settings/fancylineedit.cpp.o
[ 99%] Building CXX object src/app/CMakeFiles/scantailor-universal.dir/settings/execmenu.cpp.o
[100%] Building CXX object src/app/CMakeFiles/scantailor-universal.dir/CanberraSoundPlayer.cpp.o
[100%] Building CXX object src/app/CMakeFiles/scantailor-universal.dir/qrc_resources.cpp.o
[100%] Linking CXX executable scantailor-universal
/usr/bin/ld: /usr/lib/x86_64-linux-gnu/libtiff.so: undefined reference to symbol 'inflateEnd'
/usr/bin/ld: /usr/lib/x86_64-linux-gnu/libz.so: error adding symbols: DSO missing from command line
collect2: error: ld returned 1 exit status
make[2]: *** [src/app/CMakeFiles/scantailor-universal.dir/build.make:657: src/app/scantailor-universal] Error 1
make[1]: *** [CMakeFiles/Makefile2:2667: src/app/CMakeFiles/scantailor-universal.dir/all] Error 2
make: *** [Makefile:166: all] Error 2
Error: Process completed with exit code 2.